<?xml version="1.0" encoding="UTF-8"?>
<testsuites>
	<testsuite name="Дымовые тесты" errors="0" skipped="0" tests="160" failures="120" time="915.59">
		<testcase name="Запись нового &quot;справочника Tarifele&quot;" classname="Дымовые тесты" time="18.704">
			<error>Ошибка при вызове метода контекста (ВвестиТекст): Неподходящий тип элемента управления для вызванного действия.

{ВнешняяОбработка.РаботаСИнтерфейсом.Форма.Форма.Форма(3744)}:
{ВнешняяОбработка.VanessaAutomation.Форма.УправляемаяФорма.Форма(6580)}:

Технические данные:
        ЗаголовокАктивногоОкна: Tarifele (создание)
        ИмяАктивнойФормы: Справочник.Tarifele.ФормаОбъекта
        ИмяФичи: Дымовые тесты
        ИмяСценария: Запись нового "справочника Tarifele"
        НомерСтрокиДерева: 13
        НомерСтрокиФичи: 19
        ПолныйПутьКФиче: e:\vanessa\corp\features\beforeRelease\0001. Справочники.ЗаписьНового.feature
        ИмяФайла: e:\vanessa\vanessa-automation\features\Libraries\UITestRunner\step_definitions\РаботаСИнтерфейсом.epf
        ИмяПроцедуры: ВПолеЯВвожуТекст
        ИмяРаннера: ts1scont
        ТипПлатформы: Windows x86
        ТипКлиентаТестирования: Тонкий
        СтрокаСоединения: File="e:\vanessa\corp\features\tools\ServiceBases\Bases\v83CORP";
        PIDКлиентаТестирования: 3680
        ВерсияVA: ver 1.2.038.1
        ВерсияПлатформы: 8.3.19.1229
        РежимСовместимостиTestManager: Версия8_3_18
        ДатаВремяОшибки: 19.08.2022 11:16:42
</error>
			<system-out>[[ATTACHMENT|/tools/ServiceBases/ScreenShots/cd191a1a-f38a-4343-8e79-317621a4c8e4-attachment.png]]</system-out>
		</testcase>
		<testcase name="Запись нового &quot;справочника Авто_БланкиВнешние&quot;" classname="Дымовые тесты" time="4.828">
			<error>Ошибка при вызове метода контекста (ВвестиТекст): Неподходящий тип элемента управления для вызванного действия.

{ВнешняяОбработка.РаботаСИнтерфейсом.Форма.Форма.Форма(3744)}:
{ВнешняяОбработка.VanessaAutomation.Форма.УправляемаяФорма.Форма(6580)}:

Технические данные:
        ЗаголовокАктивногоОкна: Бланки внешние (создание)
        ИмяАктивнойФормы: Справочник.Авто_БланкиВнешние.ФормаОбъекта
        ИмяФичи: Дымовые тесты
        ИмяСценария: Запись нового "справочника Авто_БланкиВнешние"
        НомерСтрокиДерева: 27
        НомерСтрокиФичи: 36
        ПолныйПутьКФиче: e:\vanessa\corp\features\beforeRelease\0001. Справочники.ЗаписьНового.feature
        ИмяФайла: e:\vanessa\vanessa-automation\features\Libraries\UITestRunner\step_definitions\РаботаСИнтерфейсом.epf
        ИмяПроцедуры: ВПолеЯВвожуТекст
        ИмяРаннера: ts1scont
        ТипПлатформы: Windows x86
        ТипКлиентаТестирования: Тонкий
        СтрокаСоединения: File="e:\vanessa\corp\features\tools\ServiceBases\Bases\v83CORP";
        PIDКлиентаТестирования: 3680
        ВерсияVA: ver 1.2.038.1
        ВерсияПлатформы: 8.3.19.1229
        РежимСовместимостиTestManager: Версия8_3_18
        ДатаВремяОшибки: 19.08.2022 11:16:52
</error>
			<system-out>[[ATTACHMENT|/tools/ServiceBases/ScreenShots/3a3de239-0005-44c0-96fd-6d09905e3981-attachment.png]]</system-out>
		</testcase>
		<testcase name="Запись нового &quot;справочника Авто_ВидыОплаты&quot;" classname="Дымовые тесты" time="5.174">
			<error>Ошибка при вызове метода контекста (ВвестиТекст): Неподходящий тип элемента управления для вызванного действия.

{ВнешняяОбработка.РаботаСИнтерфейсом.Форма.Форма.Форма(3744)}:
{ВнешняяОбработка.VanessaAutomation.Форма.УправляемаяФорма.Форма(6580)}:

Технические данные:
        ЗаголовокАктивногоОкна: Авто виды оплаты (создание)
        ИмяАктивнойФормы: Справочник.Авто_ВидыОплаты.ФормаОбъекта
        ИмяФичи: Дымовые тесты
        ИмяСценария: Запись нового "справочника Авто_ВидыОплаты"
        НомерСтрокиДерева: 41
        НомерСтрокиФичи: 53
        ПолныйПутьКФиче: e:\vanessa\corp\features\beforeRelease\0001. Справочники.ЗаписьНового.feature
        ИмяФайла: e:\vanessa\vanessa-automation\features\Libraries\UITestRunner\step_definitions\РаботаСИнтерфейсом.epf
        ИмяПроцедуры: ВПолеЯВвожуТекст
        ИмяРаннера: ts1scont
        ТипПлатформы: Windows x86
        ТипКлиентаТестирования: Тонкий
        СтрокаСоединения: File="e:\vanessa\corp\features\tools\ServiceBases\Bases\v83CORP";
        PIDКлиентаТестирования: 3680
        ВерсияVA: ver 1.2.038.1
        ВерсияПлатформы: 8.3.19.1229
        РежимСовместимостиTestManager: Версия8_3_18
        ДатаВремяОшибки: 19.08.2022 11:17:01
</error>
			<system-out>[[ATTACHMENT|/tools/ServiceBases/ScreenShots/183821fe-a8a2-4241-9009-520ea8a51a62-attachment.png]]</system-out>
		</testcase>
		<testcase name="Запись нового &quot;справочника Авто_ВидыТМЦ&quot;" classname="Дымовые тесты" time="4.853">
			<error>Ошибка при вызове метода контекста (ВвестиТекст): Неподходящий тип элемента управления для вызванного действия.

{ВнешняяОбработка.РаботаСИнтерфейсом.Форма.Форма.Форма(3744)}:
{ВнешняяОбработка.VanessaAutomation.Форма.УправляемаяФорма.Форма(6580)}:

Технические данные:
        ЗаголовокАктивногоОкна: Виды ТМЦ (комплектация) (создание)
        ИмяАктивнойФормы: Справочник.Авто_ВидыТМЦ.ФормаОбъекта
        ИмяФичи: Дымовые тесты
        ИмяСценария: Запись нового "справочника Авто_ВидыТМЦ"
        НомерСтрокиДерева: 55
        НомерСтрокиФичи: 70
        ПолныйПутьКФиче: e:\vanessa\corp\features\beforeRelease\0001. Справочники.ЗаписьНового.feature
        ИмяФайла: e:\vanessa\vanessa-automation\features\Libraries\UITestRunner\step_definitions\РаботаСИнтерфейсом.epf
        ИмяПроцедуры: ВПолеЯВвожуТекст
        ИмяРаннера: ts1scont
        ТипПлатформы: Windows x86
        ТипКлиентаТестирования: Тонкий
        СтрокаСоединения: File="e:\vanessa\corp\features\tools\ServiceBases\Bases\v83CORP";
        PIDКлиентаТестирования: 3680
        ВерсияVA: ver 1.2.038.1
        ВерсияПлатформы: 8.3.19.1229
        РежимСовместимостиTestManager: Версия8_3_18
        ДатаВремяОшибки: 19.08.2022 11:17:10
</error>
			<system-out>[[ATTACHMENT|/tools/ServiceBases/ScreenShots/421b203c-72a6-49d0-a210-631d063da2fb-attachment.png]]</system-out>
		</testcase>
		<testcase name="Запись нового &quot;справочника Авто_КонтрагентыВнешние&quot;" classname="Дымовые тесты" time="5.476">
			<error>Не удалось открыть форму справочника Авто_КонтрагентыВнешние

{ВнешняяОбработка.Условие.Форма.Форма.Форма(263)}:

Технические данные:
        ЗаголовокАктивногоОкна: 1С:Предприятие
        ИмяАктивнойФормы: ErrorWindow
        ИмяФичи: Дымовые тесты
        ИмяСценария: Запись нового "справочника Авто_КонтрагентыВнешние"
        НомерСтрокиДерева: 65
        НомерСтрокиФичи: 83
        ПолныйПутьКФиче: e:\vanessa\corp\features\beforeRelease\0001. Справочники.ЗаписьНового.feature
        ИмяФайла: e:\vanessa\vanessa-automation\features\Libraries\Условие\step_definitions\Условие.epf
        ИмяПроцедуры: ЯВызываюИсключение
        ИмяРаннера: ts1scont
        ТипПлатформы: Windows x86
        ТипКлиентаТестирования: Тонкий
        СтрокаСоединения: File="e:\vanessa\corp\features\tools\ServiceBases\Bases\v83CORP";
        PIDКлиентаТестирования: 3680
        ВерсияVA: ver 1.2.038.1
        ВерсияПлатформы: 8.3.19.1229
        РежимСовместимостиTestManager: Версия8_3_18
        ДатаВремяОшибки: 19.08.2022 11:17:19
Текст модального окна:
    К сожалению, возникла непредвиденная ошибка  Попробуйте повторить операцию. Если ошибка повторится, попробуйте перезапустить приложение или обратитесь к администратору приложения или техническому специалисту.
</error>
			<system-out>[[ATTACHMENT|/tools/ServiceBases/ScreenShots/d0fc343b-5145-4b29-8757-df6c09e224f3-attachment.png]]</system-out>
		</testcase>
		<testcase name="Запись нового &quot;справочника Авто_Маршруты&quot;" classname="Дымовые тесты" time="4.973">
			<error>Ошибка при вызове метода контекста (ВвестиТекст): Неподходящий тип элемента управления для вызванного действия.

{ВнешняяОбработка.РаботаСИнтерфейсом.Форма.Форма.Форма(3744)}:
{ВнешняяОбработка.VanessaAutomation.Форма.УправляемаяФорма.Форма(6580)}:

Технические данные:
        ЗаголовокАктивногоОкна: Авто маршруты (создание)
        ИмяАктивнойФормы: Справочник.Авто_Маршруты.ФормаОбъекта
        ИмяФичи: Дымовые тесты
        ИмяСценария: Запись нового "справочника Авто_Маршруты"
        НомерСтрокиДерева: 83
        НомерСтрокиФичи: 104
        ПолныйПутьКФиче: e:\vanessa\corp\features\beforeRelease\0001. Справочники.ЗаписьНового.feature
        ИмяФайла: e:\vanessa\vanessa-automation\features\Libraries\UITestRunner\step_definitions\РаботаСИнтерфейсом.epf
        ИмяПроцедуры: ВПолеЯВвожуТекст
        ИмяРаннера: ts1scont
        ТипПлатформы: Windows x86
        ТипКлиентаТестирования: Тонкий
        СтрокаСоединения: File="e:\vanessa\corp\features\tools\ServiceBases\Bases\v83CORP";
        PIDКлиентаТестирования: 3680
        ВерсияVA: ver 1.2.038.1
        ВерсияПлатформы: 8.3.19.1229
        РежимСовместимостиTestManager: Версия8_3_18
        ДатаВремяОшибки: 19.08.2022 11:17:30
</error>
			<system-out>[[ATTACHMENT|/tools/ServiceBases/ScreenShots/88d19c1e-aedb-4cbf-a7c8-59af407ad630-attachment.png]]</system-out>
		</testcase>
		<testcase name="Запись нового &quot;справочника Авто_ТипыАвто&quot;" classname="Дымовые тесты" time="5.367">
			<error>Ошибка при вызове метода контекста (ВвестиТекст): Неподходящий тип элемента управления для вызванного действия.

{ВнешняяОбработка.РаботаСИнтерфейсом.Форма.Форма.Форма(3744)}:
{ВнешняяОбработка.VanessaAutomation.Форма.УправляемаяФорма.Форма(6580)}:

Технические данные:
        ЗаголовокАктивногоОкна: Типы автомашин (создание)
        ИмяАктивнойФормы: Справочник.Авто_ТипыАвто.ФормаОбъекта
        ИмяФичи: Дымовые тесты
        ИмяСценария: Запись нового "справочника Авто_ТипыАвто"
        НомерСтрокиДерева: 97
        НомерСтрокиФичи: 121
        ПолныйПутьКФиче: e:\vanessa\corp\features\beforeRelease\0001. Справочники.ЗаписьНового.feature
        ИмяФайла: e:\vanessa\vanessa-automation\features\Libraries\UITestRunner\step_definitions\РаботаСИнтерфейсом.epf
        ИмяПроцедуры: ВПолеЯВвожуТекст
        ИмяРаннера: ts1scont
        ТипПлатформы: Windows x86
        ТипКлиентаТестирования: Тонкий
        СтрокаСоединения: File="e:\vanessa\corp\features\tools\ServiceBases\Bases\v83CORP";
        PIDКлиентаТестирования: 3680
        ВерсияVA: ver 1.2.038.1
        ВерсияПлатформы: 8.3.19.1229
        РежимСовместимостиTestManager: Версия8_3_18
        ДатаВремяОшибки: 19.08.2022 11:17:39
</error>
			<system-out>[[ATTACHMENT|/tools/ServiceBases/ScreenShots/9f9a5ea3-1303-4b71-bccf-27596d86aec5-attachment.png]]</system-out>
		</testcase>
		<testcase name="Запись нового &quot;справочника АвтоПас_АвтоСтанции&quot;" classname="Дымовые тесты" time="14.507">
			<error>Ожидали в течение &lt;10&gt; секунд закрытия формы &lt;Справочник.АвтоПас_АвтоСтанции.Форма.ФормаЭлемента&gt;.

Технические данные:
        ЗаголовокАктивногоОкна: Авто пас Автостанции (создание) *
        ИмяАктивнойФормы: Справочник.АвтоПас_АвтоСтанции.Форма.ФормаЭлемента
        ИмяФичи: Дымовые тесты
        ИмяСценария: Запись нового "справочника АвтоПас_АвтоСтанции"
        НомерСтрокиДерева: 117
        НомерСтрокиФичи: 144
        ПолныйПутьКФиче: e:\vanessa\corp\features\beforeRelease\0001. Справочники.ЗаписьНового.feature
        ИмяФайла: e:\vanessa\vanessa-automation\features\Libraries\UITestRunner\step_definitions\РаботаСИнтерфейсом.epf
        ИмяПроцедуры: ЯЖдуЗакрытияФормыСИменемВТечениеСекунд
        ИмяРаннера: ts1scont
        ТипПлатформы: Windows x86
        ТипКлиентаТестирования: Тонкий
        СтрокаСоединения: File="e:\vanessa\corp\features\tools\ServiceBases\Bases\v83CORP";
        PIDКлиентаТестирования: 3680
        ВерсияVA: ver 1.2.038.1
        ВерсияПлатформы: 8.3.19.1229
        РежимСовместимостиTestManager: Версия8_3_18
        ДатаВремяОшибки: 19.08.2022 11:17:57</error>
			<system-out>[[ATTACHMENT|/tools/ServiceBases/ScreenShots/6400d6e9-7c67-44d7-bef0-b954eb184084-attachment.png]]</system-out>
		</testcase>
		<testcase name="Запись нового &quot;справочника АвтоПас_Города&quot;" classname="Дымовые тесты" time="4.651">
			<error>Ошибка при вызове метода контекста (ВвестиТекст): Неподходящий тип элемента управления для вызванного действия.

{ВнешняяОбработка.РаботаСИнтерфейсом.Форма.Форма.Форма(3744)}:
{ВнешняяОбработка.VanessaAutomation.Форма.УправляемаяФорма.Форма(6580)}:

Технические данные:
        ЗаголовокАктивногоОкна: Города (создание)
        ИмяАктивнойФормы: Справочник.АвтоПас_Города.ФормаОбъекта
        ИмяФичи: Дымовые тесты
        ИмяСценария: Запись нового "справочника АвтоПас_Города"
        НомерСтрокиДерева: 125
        НомерСтрокиФичи: 155
        ПолныйПутьКФиче: e:\vanessa\corp\features\beforeRelease\0001. Справочники.ЗаписьНового.feature
        ИмяФайла: e:\vanessa\vanessa-automation\features\Libraries\UITestRunner\step_definitions\РаботаСИнтерфейсом.epf
        ИмяПроцедуры: ВПолеЯВвожуТекст
        ИмяРаннера: ts1scont
        ТипПлатформы: Windows x86
        ТипКлиентаТестирования: Тонкий
        СтрокаСоединения: File="e:\vanessa\corp\features\tools\ServiceBases\Bases\v83CORP";
        PIDКлиентаТестирования: 3680
        ВерсияVA: ver 1.2.038.1
        ВерсияПлатформы: 8.3.19.1229
        РежимСовместимостиTestManager: Версия8_3_18
        ДатаВремяОшибки: 19.08.2022 11:18:05
</error>
			<system-out>[[ATTACHMENT|/tools/ServiceBases/ScreenShots/832164da-0b15-4498-a88a-a7e34449d626-attachment.png]]</system-out>
		</testcase>
		<testcase name="Запись нового &quot;справочника АвтоПас_ГрафикиМаршрутов&quot;" classname="Дымовые тесты" time="15.342">
			<error>Ожидали в течение &lt;10&gt; секунд закрытия формы &lt;Справочник.АвтоПас_ГрафикиМаршрутов.Форма.ФормаЭлемента&gt;.

Технические данные:
        ЗаголовокАктивногоОкна: Авто пас графики маршрутов (создание) *
        ИмяАктивнойФормы: Справочник.АвтоПас_ГрафикиМаршрутов.Форма.ФормаЭлемента
        ИмяФичи: Дымовые тесты
        ИмяСценария: Запись нового "справочника АвтоПас_ГрафикиМаршрутов"
        НомерСтрокиДерева: 145
        НомерСтрокиФичи: 178
        ПолныйПутьКФиче: e:\vanessa\corp\features\beforeRelease\0001. Справочники.ЗаписьНового.feature
        ИмяФайла: e:\vanessa\vanessa-automation\features\Libraries\UITestRunner\step_definitions\РаботаСИнтерфейсом.epf
        ИмяПроцедуры: ЯЖдуЗакрытияФормыСИменемВТечениеСекунд
        ИмяРаннера: ts1scont
        ТипПлатформы: Windows x86
        ТипКлиентаТестирования: Тонкий
        СтрокаСоединения: File="e:\vanessa\corp\features\tools\ServiceBases\Bases\v83CORP";
        PIDКлиентаТестирования: 3680
        ВерсияVA: ver 1.2.038.1
        ВерсияПлатформы: 8.3.19.1229
        РежимСовместимостиTestManager: Версия8_3_18
        ДатаВремяОшибки: 19.08.2022 11:18:24</error>
			<system-out>[[ATTACHMENT|/tools/ServiceBases/ScreenShots/63965b81-5c4f-40e8-9eb7-624a04e3dd90-attachment.png]]</system-out>
		</testcase>
		<testcase name="Запись нового &quot;справочника АвтоПас_Рейсы&quot;" classname="Дымовые тесты" time="7.384">
			<error>Элемента формы с именем &lt;Наименование&gt; не найдено.

{ВнешняяОбработка.VanessaAutomation.Форма.УправляемаяФорма.Форма(6328)}:

Технические данные:
        ЗаголовокАктивногоОкна: Авто пас рейсы (создание)
        ИмяАктивнойФормы: Справочник.АвтоПас_Рейсы.Форма.ФормаЭлемента
        ИмяФичи: Дымовые тесты
        ИмяСценария: Запись нового "справочника АвтоПас_Рейсы"
        НомерСтрокиДерева: 152
        НомерСтрокиФичи: 188
        ПолныйПутьКФиче: e:\vanessa\corp\features\beforeRelease\0001. Справочники.ЗаписьНового.feature
        ИмяФайла: e:\vanessa\vanessa-automation\features\Libraries\Условие\step_definitions\Условие.epf
        ИмяПроцедуры: ЭлементДоступенНеТолькоДляПросмотраТогда
        ИмяРаннера: ts1scont
        ТипПлатформы: Windows x86
        ТипКлиентаТестирования: Тонкий
        СтрокаСоединения: File="e:\vanessa\corp\features\tools\ServiceBases\Bases\v83CORP";
        PIDКлиентаТестирования: 3680
        ВерсияVA: ver 1.2.038.1
        ВерсияПлатформы: 8.3.19.1229
        РежимСовместимостиTestManager: Версия8_3_18
        ДатаВремяОшибки: 19.08.2022 11:18:35
</error>
			<system-out>[[ATTACHMENT|/tools/ServiceBases/ScreenShots/cd3793c5-0c15-49c9-8472-cbc0ed6390cb-attachment.png]]</system-out>
		</testcase>
		<testcase name="Запись нового &quot;справочника АдресаПотребителейКомунальныхУслуг&quot;" classname="Дымовые тесты" time="4.556">
			<error>Ошибка при вызове метода контекста (ВвестиТекст): Неподходящий тип элемента управления для вызванного действия.

{ВнешняяОбработка.РаботаСИнтерфейсом.Форма.Форма.Форма(3744)}:
{ВнешняяОбработка.VanessaAutomation.Форма.УправляемаяФорма.Форма(6580)}:

Технические данные:
        ЗаголовокАктивногоОкна: Адреса потребителей комунальных услуг (ЖКХ) (создание)
        ИмяАктивнойФормы: Справочник.АдресаПотребителейКомунальныхУслуг.ФормаОбъекта
        ИмяФичи: Дымовые тесты
        ИмяСценария: Запись нового "справочника АдресаПотребителейКомунальныхУслуг"
        НомерСтрокиДерева: 167
        НомерСтрокиФичи: 206
        ПолныйПутьКФиче: e:\vanessa\corp\features\beforeRelease\0001. Справочники.ЗаписьНового.feature
        ИмяФайла: e:\vanessa\vanessa-automation\features\Libraries\UITestRunner\step_definitions\РаботаСИнтерфейсом.epf
        ИмяПроцедуры: ВПолеЯВвожуТекст
        ИмяРаннера: ts1scont
        ТипПлатформы: Windows x86
        ТипКлиентаТестирования: Тонкий
        СтрокаСоединения: File="e:\vanessa\corp\features\tools\ServiceBases\Bases\v83CORP";
        PIDКлиентаТестирования: 3680
        ВерсияVA: ver 1.2.038.1
        ВерсияПлатформы: 8.3.19.1229
        РежимСовместимостиTestManager: Версия8_3_18
        ДатаВремяОшибки: 19.08.2022 11:18:43
</error>
			<system-out>[[ATTACHMENT|/tools/ServiceBases/ScreenShots/8b6e3b7d-7338-4123-a43f-7831388b20b4-attachment.png]]</system-out>
		</testcase>
		<testcase name="Запись нового &quot;справочника Банки&quot;" classname="Дымовые тесты" time="4.432">
			<error>Ошибка при вызове метода контекста (ВвестиТекст): Неподходящий тип элемента управления для вызванного действия.

{ВнешняяОбработка.РаботаСИнтерфейсом.Форма.Форма.Форма(3744)}:
{ВнешняяОбработка.VanessaAutomation.Форма.УправляемаяФорма.Форма(6580)}:

Технические данные:
        ЗаголовокАктивногоОкна: Банки (создание)
        ИмяАктивнойФормы: Справочник.Банки.ФормаОбъекта
        ИмяФичи: Дымовые тесты
        ИмяСценария: Запись нового "справочника Банки"
        НомерСтрокиДерева: 181
        НомерСтрокиФичи: 223
        ПолныйПутьКФиче: e:\vanessa\corp\features\beforeRelease\0001. Справочники.ЗаписьНового.feature
        ИмяФайла: e:\vanessa\vanessa-automation\features\Libraries\UITestRunner\step_definitions\РаботаСИнтерфейсом.epf
        ИмяПроцедуры: ВПолеЯВвожуТекст
        ИмяРаннера: ts1scont
        ТипПлатформы: Windows x86
        ТипКлиентаТестирования: Тонкий
        СтрокаСоединения: File="e:\vanessa\corp\features\tools\ServiceBases\Bases\v83CORP";
        PIDКлиентаТестирования: 3680
        ВерсияVA: ver 1.2.038.1
        ВерсияПлатформы: 8.3.19.1229
        РежимСовместимостиTestManager: Версия8_3_18
        ДатаВремяОшибки: 19.08.2022 11:18:51
</error>
			<system-out>[[ATTACHMENT|/tools/ServiceBases/ScreenShots/c5899b52-5e25-4d05-a53c-16a46fc8a4a7-attachment.png]]</system-out>
		</testcase>
		<testcase name="Запись нового &quot;справочника Бланки&quot;" classname="Дымовые тесты" time="5.261">
			<error>Ошибка при вызове метода контекста (ВвестиТекст): Неподходящий тип элемента управления для вызванного действия.

{ВнешняяОбработка.РаботаСИнтерфейсом.Форма.Форма.Форма(3744)}:
{ВнешняяОбработка.VanessaAutomation.Форма.УправляемаяФорма.Форма(6580)}:

Технические данные:
        ЗаголовокАктивногоОкна: Бланки (создание)
        ИмяАктивнойФормы: Справочник.Бланки.ФормаОбъекта
        ИмяФичи: Дымовые тесты
        ИмяСценария: Запись нового "справочника Бланки"
        НомерСтрокиДерева: 195
        НомерСтрокиФичи: 240
        ПолныйПутьКФиче: e:\vanessa\corp\features\beforeRelease\0001. Справочники.ЗаписьНового.feature
        ИмяФайла: e:\vanessa\vanessa-automation\features\Libraries\UITestRunner\step_definitions\РаботаСИнтерфейсом.epf
        ИмяПроцедуры: ВПолеЯВвожуТекст
        ИмяРаннера: ts1scont
        ТипПлатформы: Windows x86
        ТипКлиентаТестирования: Тонкий
        СтрокаСоединения: File="e:\vanessa\corp\features\tools\ServiceBases\Bases\v83CORP";
        PIDКлиентаТестирования: 3680
        ВерсияVA: ver 1.2.038.1
        ВерсияПлатформы: 8.3.19.1229
        РежимСовместимостиTestManager: Версия8_3_18
        ДатаВремяОшибки: 19.08.2022 11:19:00
</error>
			<system-out>[[ATTACHMENT|/tools/ServiceBases/ScreenShots/734d27a7-c8e0-45d1-8f96-6e12be53fc4a-attachment.png]]</system-out>
		</testcase>
		<testcase name="Запись нового &quot;справочника БланкиСтрогойОтчетности&quot;" classname="Дымовые тесты" time="3.7"/>
		<testcase name="Запись нового &quot;справочника Валюты&quot;" classname="Дымовые тесты" time="3.836"/>
		<testcase name="Запись нового &quot;справочника Взаиморасчеты&quot;" classname="Дымовые тесты" time="4.678">
			<error>Ошибка при вызове метода контекста (ВвестиТекст): Неподходящий тип элемента управления для вызванного действия.

{ВнешняяОбработка.РаботаСИнтерфейсом.Форма.Форма.Форма(3744)}:
{ВнешняяОбработка.VanessaAutomation.Форма.УправляемаяФорма.Форма(6580)}:

Технические данные:
        ЗаголовокАктивногоОкна: Взаиморасчеты (создание)
        ИмяАктивнойФормы: Справочник.Взаиморасчеты.ФормаОбъекта
        ИмяФичи: Дымовые тесты
        ИмяСценария: Запись нового "справочника Взаиморасчеты"
        НомерСтрокиДерева: 237
        НомерСтрокиФичи: 291
        ПолныйПутьКФиче: e:\vanessa\corp\features\beforeRelease\0001. Справочники.ЗаписьНового.feature
        ИмяФайла: e:\vanessa\vanessa-automation\features\Libraries\UITestRunner\step_definitions\РаботаСИнтерфейсом.epf
        ИмяПроцедуры: ВПолеЯВвожуТекст
        ИмяРаннера: ts1scont
        ТипПлатформы: Windows x86
        ТипКлиентаТестирования: Тонкий
        СтрокаСоединения: File="e:\vanessa\corp\features\tools\ServiceBases\Bases\v83CORP";
        PIDКлиентаТестирования: 3680
        ВерсияVA: ver 1.2.038.1
        ВерсияПлатформы: 8.3.19.1229
        РежимСовместимостиTestManager: Версия8_3_18
        ДатаВремяОшибки: 19.08.2022 11:19:19
</error>
			<system-out>[[ATTACHMENT|/tools/ServiceBases/ScreenShots/db8e336a-dcea-4267-836c-a059fe6c48d7-attachment.png]]</system-out>
		</testcase>
		<testcase name="Запись нового &quot;справочника ВидыВыбытияОС&quot;" classname="Дымовые тесты" time="4.607">
			<error>Ошибка при вызове метода контекста (ВвестиТекст): Неподходящий тип элемента управления для вызванного действия.

{ВнешняяОбработка.РаботаСИнтерфейсом.Форма.Форма.Форма(3744)}:
{ВнешняяОбработка.VanessaAutomation.Форма.УправляемаяФорма.Форма(6580)}:

Технические данные:
        ЗаголовокАктивногоОкна: Виды выбытия ОС (создание)
        ИмяАктивнойФормы: Справочник.ВидыВыбытияОС.ФормаОбъекта
        ИмяФичи: Дымовые тесты
        ИмяСценария: Запись нового "справочника ВидыВыбытияОС"
        НомерСтрокиДерева: 251
        НомерСтрокиФичи: 308
        ПолныйПутьКФиче: e:\vanessa\corp\features\beforeRelease\0001. Справочники.ЗаписьНового.feature
        ИмяФайла: e:\vanessa\vanessa-automation\features\Libraries\UITestRunner\step_definitions\РаботаСИнтерфейсом.epf
        ИмяПроцедуры: ВПолеЯВвожуТекст
        ИмяРаннера: ts1scont
        ТипПлатформы: Windows x86
        ТипКлиентаТестирования: Тонкий
        СтрокаСоединения: File="e:\vanessa\corp\features\tools\ServiceBases\Bases\v83CORP";
        PIDКлиентаТестирования: 3680
        ВерсияVA: ver 1.2.038.1
        ВерсияПлатформы: 8.3.19.1229
        РежимСовместимостиTestManager: Версия8_3_18
        ДатаВремяОшибки: 19.08.2022 11:19:27
</error>
			<system-out>[[ATTACHMENT|/tools/ServiceBases/ScreenShots/6eda9326-0ac3-43b1-8857-eee55599061e-attachment.png]]</system-out>
		</testcase>
		<testcase name="Запись нового &quot;справочника ВидыДеятельности&quot;" classname="Дымовые тесты" time="4.359"/>
		<testcase name="Запись нового &quot;справочника ВидыКонтактнойИнформации&quot;" classname="Дымовые тесты" time="15.539">
			<error>Ожидали в течение &lt;10&gt; секунд закрытия формы &lt;Справочник.ВидыКонтактнойИнформации.Форма.ФормаЭлементаУФ&gt;.

Технические данные:
        ЗаголовокАктивногоОкна: 1С:Предприятие
        ИмяАктивнойФормы: ErrorWindow
        ИмяФичи: Дымовые тесты
        ИмяСценария: Запись нового "справочника ВидыКонтактнойИнформации"
        НомерСтрокиДерева: 285
        НомерСтрокиФичи: 348
        ПолныйПутьКФиче: e:\vanessa\corp\features\beforeRelease\0001. Справочники.ЗаписьНового.feature
        ИмяФайла: e:\vanessa\vanessa-automation\features\Libraries\UITestRunner\step_definitions\РаботаСИнтерфейсом.epf
        ИмяПроцедуры: ЯЖдуЗакрытияФормыСИменемВТечениеСекунд
        ИмяРаннера: ts1scont
        ТипПлатформы: Windows x86
        ТипКлиентаТестирования: Тонкий
        СтрокаСоединения: File="e:\vanessa\corp\features\tools\ServiceBases\Bases\v83CORP";
        PIDКлиентаТестирования: 3680
        ВерсияVA: ver 1.2.038.1
        ВерсияПлатформы: 8.3.19.1229
        РежимСовместимостиTestManager: Версия8_3_18
        ДатаВремяОшибки: 19.08.2022 11:19:51
Текст модального окна:
    Не удалось записать "Тестовый (Виды контактной информации)"!</error>
			<system-out>[[ATTACHMENT|/tools/ServiceBases/ScreenShots/2dc882bc-a658-44ca-a8d9-ab50a72c1914-attachment.png]]</system-out>
		</testcase>
		<testcase name="Запись нового &quot;справочника ВидыЛьгот&quot;" classname="Дымовые тесты" time="5.289">
			<error>Ошибка при вызове метода контекста (ВвестиТекст): Неподходящий тип элемента управления для вызванного действия.

{ВнешняяОбработка.РаботаСИнтерфейсом.Форма.Форма.Форма(3744)}:
{ВнешняяОбработка.VanessaAutomation.Форма.УправляемаяФорма.Форма(6580)}:

Технические данные:
        ЗаголовокАктивногоОкна: Виды льгот (создание)
        ИмяАктивнойФормы: Справочник.ВидыЛьгот.ФормаОбъекта
        ИмяФичи: Дымовые тесты
        ИмяСценария: Запись нового "справочника ВидыЛьгот"
        НомерСтрокиДерева: 293
        НомерСтрокиФичи: 359
        ПолныйПутьКФиче: e:\vanessa\corp\features\beforeRelease\0001. Справочники.ЗаписьНового.feature
        ИмяФайла: e:\vanessa\vanessa-automation\features\Libraries\UITestRunner\step_definitions\РаботаСИнтерфейсом.epf
        ИмяПроцедуры: ВПолеЯВвожуТекст
        ИмяРаннера: ts1scont
        ТипПлатформы: Windows x86
        ТипКлиентаТестирования: Тонкий
        СтрокаСоединения: File="e:\vanessa\corp\features\tools\ServiceBases\Bases\v83CORP";
        PIDКлиентаТестирования: 3680
        ВерсияVA: ver 1.2.038.1
        ВерсияПлатформы: 8.3.19.1229
        РежимСовместимостиTestManager: Версия8_3_18
        ДатаВремяОшибки: 19.08.2022 11:20:03
</error>
			<system-out>[[ATTACHMENT|/tools/ServiceBases/ScreenShots/4f1e61cc-eddf-4b28-b201-7b90cce26649-attachment.png]]</system-out>
		</testcase>
		<testcase name="Запись нового &quot;справочника ВидыОсвобождений&quot;" classname="Дымовые тесты" time="5.421">
			<error>Ошибка при вызове метода контекста (ВвестиТекст): Неподходящий тип элемента управления для вызванного действия.

{ВнешняяОбработка.РаботаСИнтерфейсом.Форма.Форма.Форма(3744)}:
{ВнешняяОбработка.VanessaAutomation.Форма.УправляемаяФорма.Форма(6580)}:

Технические данные:
        ЗаголовокАктивногоОкна: Виды освобождений по подоходному налогу (создание)
        ИмяАктивнойФормы: Справочник.ВидыОсвобождений.ФормаОбъекта
        ИмяФичи: Дымовые тесты
        ИмяСценария: Запись нового "справочника ВидыОсвобождений"
        НомерСтрокиДерева: 307
        НомерСтрокиФичи: 376
        ПолныйПутьКФиче: e:\vanessa\corp\features\beforeRelease\0001. Справочники.ЗаписьНового.feature
        ИмяФайла: e:\vanessa\vanessa-automation\features\Libraries\UITestRunner\step_definitions\РаботаСИнтерфейсом.epf
        ИмяПроцедуры: ВПолеЯВвожуТекст
        ИмяРаннера: ts1scont
        ТипПлатформы: Windows x86
        ТипКлиентаТестирования: Тонкий
        СтрокаСоединения: File="e:\vanessa\corp\features\tools\ServiceBases\Bases\v83CORP";
        PIDКлиентаТестирования: 3680
        ВерсияVA: ver 1.2.038.1
        ВерсияПлатформы: 8.3.19.1229
        РежимСовместимостиTestManager: Версия8_3_18
        ДатаВремяОшибки: 19.08.2022 11:20:12
</error>
			<system-out>[[ATTACHMENT|/tools/ServiceBases/ScreenShots/585fb53a-fb93-46e5-b8a1-fe6a68e86ff4-attachment.png]]</system-out>
		</testcase>
		<testcase name="Запись нового &quot;справочника ВидыОсвобожденийПоПН&quot;" classname="Дымовые тесты" time="7.51">
			<error>Элемента формы с именем &lt;Наименование&gt; не найдено.

{ВнешняяОбработка.VanessaAutomation.Форма.УправляемаяФорма.Форма(6328)}:

Технические данные:
        ЗаголовокАктивногоОкна: Виды освобождений по ПН: Виды освобождений по ПН (расш.) (создание)
        ИмяАктивнойФормы: Справочник.ВидыОсвобожденийПоПН.Форма.ФормаЭлементаУФ
        ИмяФичи: Дымовые тесты
        ИмяСценария: Запись нового "справочника ВидыОсвобожденийПоПН"
        НомерСтрокиДерева: 320
        НомерСтрокиФичи: 392
        ПолныйПутьКФиче: e:\vanessa\corp\features\beforeRelease\0001. Справочники.ЗаписьНового.feature
        ИмяФайла: e:\vanessa\vanessa-automation\features\Libraries\Условие\step_definitions\Условие.epf
        ИмяПроцедуры: ЭлементДоступенНеТолькоДляПросмотраТогда
        ИмяРаннера: ts1scont
        ТипПлатформы: Windows x86
        ТипКлиентаТестирования: Тонкий
        СтрокаСоединения: File="e:\vanessa\corp\features\tools\ServiceBases\Bases\v83CORP";
        PIDКлиентаТестирования: 3680
        ВерсияVA: ver 1.2.038.1
        ВерсияПлатформы: 8.3.19.1229
        РежимСовместимостиTestManager: Версия8_3_18
        ДатаВремяОшибки: 19.08.2022 11:20:23
</error>
			<system-out>[[ATTACHMENT|/tools/ServiceBases/ScreenShots/3161a71f-74e5-45c6-9c15-208c69a6d5f9-attachment.png]]</system-out>
		</testcase>
		<testcase name="Запись нового &quot;справочника ВидыОтпусков&quot;" classname="Дымовые тесты" time="6.271">
			<error>Ошибка при вызове метода контекста (ВвестиТекст): Неподходящий тип элемента управления для вызванного действия.

{ВнешняяОбработка.РаботаСИнтерфейсом.Форма.Форма.Форма(3744)}:
{ВнешняяОбработка.VanessaAutomation.Форма.УправляемаяФорма.Форма(6580)}:

Технические данные:
        ЗаголовокАктивногоОкна: Виды отпусков (создание)
        ИмяАктивнойФормы: Справочник.ВидыОтпусков.ФормаОбъекта
        ИмяФичи: Дымовые тесты
        ИмяСценария: Запись нового "справочника ВидыОтпусков"
        НомерСтрокиДерева: 335
        НомерСтрокиФичи: 410
        ПолныйПутьКФиче: e:\vanessa\corp\features\beforeRelease\0001. Справочники.ЗаписьНового.feature
        ИмяФайла: e:\vanessa\vanessa-automation\features\Libraries\UITestRunner\step_definitions\РаботаСИнтерфейсом.epf
        ИмяПроцедуры: ВПолеЯВвожуТекст
        ИмяРаннера: ts1scont
        ТипПлатформы: Windows x86
        ТипКлиентаТестирования: Тонкий
        СтрокаСоединения: File="e:\vanessa\corp\features\tools\ServiceBases\Bases\v83CORP";
        PIDКлиентаТестирования: 3680
        ВерсияVA: ver 1.2.038.1
        ВерсияПлатформы: 8.3.19.1229
        РежимСовместимостиTestManager: Версия8_3_18
        ДатаВремяОшибки: 19.08.2022 11:20:32
</error>
			<system-out>[[ATTACHMENT|/tools/ServiceBases/ScreenShots/e1a83ba0-c450-46a2-ab87-970beb102ce3-attachment.png]]</system-out>
		</testcase>
		<testcase name="Запись нового &quot;справочника ВидыПоступленийОС&quot;" classname="Дымовые тесты" time="5.41">
			<error>Ошибка при вызове метода контекста (ВвестиТекст): Неподходящий тип элемента управления для вызванного действия.

{ВнешняяОбработка.РаботаСИнтерфейсом.Форма.Форма.Форма(3744)}:
{ВнешняяОбработка.VanessaAutomation.Форма.УправляемаяФорма.Форма(6580)}:

Технические данные:
        ЗаголовокАктивногоОкна: Виды поступлений ОС (создание)
        ИмяАктивнойФормы: Справочник.ВидыПоступленийОС.ФормаОбъекта
        ИмяФичи: Дымовые тесты
        ИмяСценария: Запись нового "справочника ВидыПоступленийОС"
        НомерСтрокиДерева: 349
        НомерСтрокиФичи: 427
        ПолныйПутьКФиче: e:\vanessa\corp\features\beforeRelease\0001. Справочники.ЗаписьНового.feature
        ИмяФайла: e:\vanessa\vanessa-automation\features\Libraries\UITestRunner\step_definitions\РаботаСИнтерфейсом.epf
        ИмяПроцедуры: ВПолеЯВвожуТекст
        ИмяРаннера: ts1scont
        ТипПлатформы: Windows x86
        ТипКлиентаТестирования: Тонкий
        СтрокаСоединения: File="e:\vanessa\corp\features\tools\ServiceBases\Bases\v83CORP";
        PIDКлиентаТестирования: 3680
        ВерсияVA: ver 1.2.038.1
        ВерсияПлатформы: 8.3.19.1229
        РежимСовместимостиTestManager: Версия8_3_18
        ДатаВремяОшибки: 19.08.2022 11:20:42
</error>
			<system-out>[[ATTACHMENT|/tools/ServiceBases/ScreenShots/7f1e9412-a32d-48fc-91a9-b2f8cd1ffcc5-attachment.png]]</system-out>
		</testcase>
		<testcase name="Запись нового &quot;справочника ВидыСчетчиков&quot;" classname="Дымовые тесты" time="5.488">
			<error>Ошибка при вызове метода контекста (ВвестиТекст): Неподходящий тип элемента управления для вызванного действия.

{ВнешняяОбработка.РаботаСИнтерфейсом.Форма.Форма.Форма(3744)}:
{ВнешняяОбработка.VanessaAutomation.Форма.УправляемаяФорма.Форма(6580)}:

Технические данные:
        ЗаголовокАктивногоОкна: Виды счетчиков (ЖКХ) (создание)
        ИмяАктивнойФормы: Справочник.ВидыСчетчиков.ФормаОбъекта
        ИмяФичи: Дымовые тесты
        ИмяСценария: Запись нового "справочника ВидыСчетчиков"
        НомерСтрокиДерева: 363
        НомерСтрокиФичи: 444
        ПолныйПутьКФиче: e:\vanessa\corp\features\beforeRelease\0001. Справочники.ЗаписьНового.feature
        ИмяФайла: e:\vanessa\vanessa-automation\features\Libraries\UITestRunner\step_definitions\РаботаСИнтерфейсом.epf
        ИмяПроцедуры: ВПолеЯВвожуТекст
        ИмяРаннера: ts1scont
        ТипПлатформы: Windows x86
        ТипКлиентаТестирования: Тонкий
        СтрокаСоединения: File="e:\vanessa\corp\features\tools\ServiceBases\Bases\v83CORP";
        PIDКлиентаТестирования: 3680
        ВерсияVA: ver 1.2.038.1
        ВерсияПлатформы: 8.3.19.1229
        РежимСовместимостиTestManager: Версия8_3_18
        ДатаВремяОшибки: 19.08.2022 11:20:51
</error>
			<system-out>[[ATTACHMENT|/tools/ServiceBases/ScreenShots/2dce7fda-16d4-42e2-988a-d89acb2073eb-attachment.png]]</system-out>
		</testcase>
		<testcase name="Запись нового &quot;справочника ВнешниеОбработки&quot;" classname="Дымовые тесты" time="5.688">
			<error>Ошибка при вызове метода контекста (ВвестиТекст): Неподходящий тип элемента управления для вызванного действия.

{ВнешняяОбработка.РаботаСИнтерфейсом.Форма.Форма.Форма(3744)}:
{ВнешняяОбработка.VanessaAutomation.Форма.УправляемаяФорма.Форма(6580)}:

Технические данные:
        ЗаголовокАктивногоОкна: Внешние обработки (создание)
        ИмяАктивнойФормы: Справочник.ВнешниеОбработки.ФормаОбъекта
        ИмяФичи: Дымовые тесты
        ИмяСценария: Запись нового "справочника ВнешниеОбработки"
        НомерСтрокиДерева: 377
        НомерСтрокиФичи: 461
        ПолныйПутьКФиче: e:\vanessa\corp\features\beforeRelease\0001. Справочники.ЗаписьНового.feature
        ИмяФайла: e:\vanessa\vanessa-automation\features\Libraries\UITestRunner\step_definitions\РаботаСИнтерфейсом.epf
        ИмяПроцедуры: ВПолеЯВвожуТекст
        ИмяРаннера: ts1scont
        ТипПлатформы: Windows x86
        ТипКлиентаТестирования: Тонкий
        СтрокаСоединения: File="e:\vanessa\corp\features\tools\ServiceBases\Bases\v83CORP";
        PIDКлиентаТестирования: 3680
        ВерсияVA: ver 1.2.038.1
        ВерсияПлатформы: 8.3.19.1229
        РежимСовместимостиTestManager: Версия8_3_18
        ДатаВремяОшибки: 19.08.2022 11:21:00
</error>
			<system-out>[[ATTACHMENT|/tools/ServiceBases/ScreenShots/30696043-bbe0-4b14-8e2f-ae3734349d42-attachment.png]]</system-out>
		</testcase>
		<testcase name="Запись нового &quot;справочника Год&quot;" classname="Дымовые тесты" time="5.379">
			<error>Ошибка при вызове метода контекста (ВвестиТекст): Неподходящий тип элемента управления для вызванного действия.

{ВнешняяОбработка.РаботаСИнтерфейсом.Форма.Форма.Форма(3744)}:
{ВнешняяОбработка.VanessaAutomation.Форма.УправляемаяФорма.Форма(6580)}:

Технические данные:
        ЗаголовокАктивногоОкна: Год (создание)
        ИмяАктивнойФормы: Справочник.Год.ФормаОбъекта
        ИмяФичи: Дымовые тесты
        ИмяСценария: Запись нового "справочника Год"
        НомерСтрокиДерева: 391
        НомерСтрокиФичи: 478
        ПолныйПутьКФиче: e:\vanessa\corp\features\beforeRelease\0001. Справочники.ЗаписьНового.feature
        ИмяФайла: e:\vanessa\vanessa-automation\features\Libraries\UITestRunner\step_definitions\РаботаСИнтерфейсом.epf
        ИмяПроцедуры: ВПолеЯВвожуТекст
        ИмяРаннера: ts1scont
        ТипПлатформы: Windows x86
        ТипКлиентаТестирования: Тонкий
        СтрокаСоединения: File="e:\vanessa\corp\features\tools\ServiceBases\Bases\v83CORP";
        PIDКлиентаТестирования: 3680
        ВерсияVA: ver 1.2.038.1
        ВерсияПлатформы: 8.3.19.1229
        РежимСовместимостиTestManager: Версия8_3_18
        ДатаВремяОшибки: 19.08.2022 11:21:10
</error>
			<system-out>[[ATTACHMENT|/tools/ServiceBases/ScreenShots/9f920a09-9afb-4594-875c-cb80f7da15c2-attachment.png]]</system-out>
		</testcase>
		<testcase name="Запись нового &quot;справочника ГрафикиРаботы&quot;" classname="Дымовые тесты" time="4.536"/>
		<testcase name="Запись нового &quot;справочника ГруппыПользователей&quot;" classname="Дымовые тесты" time="4.689">
			<error>Ошибка при вызове метода контекста (ВвестиТекст): Неподходящий тип элемента управления для вызванного действия.

{ВнешняяОбработка.РаботаСИнтерфейсом.Форма.Форма.Форма(3744)}:
{ВнешняяОбработка.VanessaAutomation.Форма.УправляемаяФорма.Форма(6580)}:

Технические данные:
        ЗаголовокАктивногоОкна: Группы пользователей (создание)
        ИмяАктивнойФормы: Справочник.ГруппыПользователей.ФормаОбъекта
        ИмяФичи: Дымовые тесты
        ИмяСценария: Запись нового "справочника ГруппыПользователей"
        НомерСтрокиДерева: 419
        НомерСтрокиФичи: 512
        ПолныйПутьКФиче: e:\vanessa\corp\features\beforeRelease\0001. Справочники.ЗаписьНового.feature
        ИмяФайла: e:\vanessa\vanessa-automation\features\Libraries\UITestRunner\step_definitions\РаботаСИнтерфейсом.epf
        ИмяПроцедуры: ВПолеЯВвожуТекст
        ИмяРаннера: ts1scont
        ТипПлатформы: Windows x86
        ТипКлиентаТестирования: Тонкий
        СтрокаСоединения: File="e:\vanessa\corp\features\tools\ServiceBases\Bases\v83CORP";
        PIDКлиентаТестирования: 3680
        ВерсияVA: ver 1.2.038.1
        ВерсияПлатформы: 8.3.19.1229
        РежимСовместимостиTestManager: Версия8_3_18
        ДатаВремяОшибки: 19.08.2022 11:21:24
</error>
			<system-out>[[ATTACHMENT|/tools/ServiceBases/ScreenShots/69253b2e-da53-455b-baec-cce25ab928c3-attachment.png]]</system-out>
		</testcase>
		<testcase name="Запись нового &quot;справочника ДенежныеСредства&quot;" classname="Дымовые тесты" time="4.69">
			<error>Ошибка при вызове метода контекста (ВвестиТекст): Неподходящий тип элемента управления для вызванного действия.

{ВнешняяОбработка.РаботаСИнтерфейсом.Форма.Форма.Форма(3744)}:
{ВнешняяОбработка.VanessaAutomation.Форма.УправляемаяФорма.Форма(6580)}:

Технические данные:
        ЗаголовокАктивногоОкна: Денежные средства (создание)
        ИмяАктивнойФормы: Справочник.ДенежныеСредства.ФормаОбъекта
        ИмяФичи: Дымовые тесты
        ИмяСценария: Запись нового "справочника ДенежныеСредства"
        НомерСтрокиДерева: 433
        НомерСтрокиФичи: 529
        ПолныйПутьКФиче: e:\vanessa\corp\features\beforeRelease\0001. Справочники.ЗаписьНового.feature
        ИмяФайла: e:\vanessa\vanessa-automation\features\Libraries\UITestRunner\step_definitions\РаботаСИнтерфейсом.epf
        ИмяПроцедуры: ВПолеЯВвожуТекст
        ИмяРаннера: ts1scont
        ТипПлатформы: Windows x86
        ТипКлиентаТестирования: Тонкий
        СтрокаСоединения: File="e:\vanessa\corp\features\tools\ServiceBases\Bases\v83CORP";
        PIDКлиентаТестирования: 3680
        ВерсияVA: ver 1.2.038.1
        ВерсияПлатформы: 8.3.19.1229
        РежимСовместимостиTestManager: Версия8_3_18
        ДатаВремяОшибки: 19.08.2022 11:21:32
</error>
			<system-out>[[ATTACHMENT|/tools/ServiceBases/ScreenShots/a3683cf3-c088-47e0-b165-e571f7f054f8-attachment.png]]</system-out>
		</testcase>
		<testcase name="Запись нового &quot;справочника ДисконтныеКарты&quot;" classname="Дымовые тесты" time="5.541">
			<error>Ошибка при вызове метода контекста (ВвестиТекст): Неподходящий тип элемента управления для вызванного действия.

{ВнешняяОбработка.РаботаСИнтерфейсом.Форма.Форма.Форма(3744)}:
{ВнешняяОбработка.VanessaAutomation.Форма.УправляемаяФорма.Форма(6580)}:

Технические данные:
        ЗаголовокАктивногоОкна: Дисконтные карты (создание)
        ИмяАктивнойФормы: Справочник.ДисконтныеКарты.ФормаОбъекта
        ИмяФичи: Дымовые тесты
        ИмяСценария: Запись нового "справочника ДисконтныеКарты"
        НомерСтрокиДерева: 447
        НомерСтрокиФичи: 546
        ПолныйПутьКФиче: e:\vanessa\corp\features\beforeRelease\0001. Справочники.ЗаписьНового.feature
        ИмяФайла: e:\vanessa\vanessa-automation\features\Libraries\UITestRunner\step_definitions\РаботаСИнтерфейсом.epf
        ИмяПроцедуры: ВПолеЯВвожуТекст
        ИмяРаннера: ts1scont
        ТипПлатформы: Windows x86
        ТипКлиентаТестирования: Тонкий
        СтрокаСоединения: File="e:\vanessa\corp\features\tools\ServiceBases\Bases\v83CORP";
        PIDКлиентаТестирования: 3680
        ВерсияVA: ver 1.2.038.1
        ВерсияПлатформы: 8.3.19.1229
        РежимСовместимостиTestManager: Версия8_3_18
        ДатаВремяОшибки: 19.08.2022 11:21:41
</error>
			<system-out>[[ATTACHMENT|/tools/ServiceBases/ScreenShots/31603b9f-6b8f-45cd-b5a5-d9c267ea0234-attachment.png]]</system-out>
		</testcase>
		<testcase name="Запись нового &quot;справочника Договора&quot;" classname="Дымовые тесты" time="7.292">
			<error>Элемента формы с именем &lt;Наименование&gt; не найдено.

{ВнешняяОбработка.VanessaAutomation.Форма.УправляемаяФорма.Форма(6328)}:

Технические данные:
        ЗаголовокАктивногоОкна: Договора (создание)
        ИмяАктивнойФормы: Справочник.Договора.Форма.ФормаЭлементаУФ
        ИмяФичи: Дымовые тесты
        ИмяСценария: Запись нового "справочника Договора"
        НомерСтрокиДерева: 460
        НомерСтрокиФичи: 562
        ПолныйПутьКФиче: e:\vanessa\corp\features\beforeRelease\0001. Справочники.ЗаписьНового.feature
        ИмяФайла: e:\vanessa\vanessa-automation\features\Libraries\Условие\step_definitions\Условие.epf
        ИмяПроцедуры: ЭлементДоступенНеТолькоДляПросмотраТогда
        ИмяРаннера: ts1scont
        ТипПлатформы: Windows x86
        ТипКлиентаТестирования: Тонкий
        СтрокаСоединения: File="e:\vanessa\corp\features\tools\ServiceBases\Bases\v83CORP";
        PIDКлиентаТестирования: 3680
        ВерсияVA: ver 1.2.038.1
        ВерсияПлатформы: 8.3.19.1229
        РежимСовместимостиTestManager: Версия8_3_18
        ДатаВремяОшибки: 19.08.2022 11:21:52
</error>
			<system-out>[[ATTACHMENT|/tools/ServiceBases/ScreenShots/655d0ad1-a0d6-44c4-af16-6b9cea54c9f1-attachment.png]]</system-out>
		</testcase>
		<testcase name="Запись нового &quot;справочника Должности&quot;" classname="Дымовые тесты" time="5.452">
			<error>Ошибка при вызове метода контекста (ВвестиТекст): Неподходящий тип элемента управления для вызванного действия.

{ВнешняяОбработка.РаботаСИнтерфейсом.Форма.Форма.Форма(3744)}:
{ВнешняяОбработка.VanessaAutomation.Форма.УправляемаяФорма.Форма(6580)}:

Технические данные:
        ЗаголовокАктивногоОкна: Должности (создание)
        ИмяАктивнойФормы: Справочник.Должности.ФормаОбъекта
        ИмяФичи: Дымовые тесты
        ИмяСценария: Запись нового "справочника Должности"
        НомерСтрокиДерева: 475
        НомерСтрокиФичи: 580
        ПолныйПутьКФиче: e:\vanessa\corp\features\beforeRelease\0001. Справочники.ЗаписьНового.feature
        ИмяФайла: e:\vanessa\vanessa-automation\features\Libraries\UITestRunner\step_definitions\РаботаСИнтерфейсом.epf
        ИмяПроцедуры: ВПолеЯВвожуТекст
        ИмяРаннера: ts1scont
        ТипПлатформы: Windows x86
        ТипКлиентаТестирования: Тонкий
        СтрокаСоединения: File="e:\vanessa\corp\features\tools\ServiceBases\Bases\v83CORP";
        PIDКлиентаТестирования: 3680
        ВерсияVA: ver 1.2.038.1
        ВерсияПлатформы: 8.3.19.1229
        РежимСовместимостиTestManager: Версия8_3_18
        ДатаВремяОшибки: 19.08.2022 11:22:01
</error>
			<system-out>[[ATTACHMENT|/tools/ServiceBases/ScreenShots/ccffa0a7-c082-441b-8090-403558b1f4af-attachment.png]]</system-out>
		</testcase>
		<testcase name="Запись нового &quot;справочника ДоходыБудущихПериодов&quot;" classname="Дымовые тесты" time="5.62">
			<error>Ошибка при вызове метода контекста (ВвестиТекст): Неподходящий тип элемента управления для вызванного действия.

{ВнешняяОбработка.РаботаСИнтерфейсом.Форма.Форма.Форма(3744)}:
{ВнешняяОбработка.VanessaAutomation.Форма.УправляемаяФорма.Форма(6580)}:

Технические данные:
        ЗаголовокАктивногоОкна: Доходы будущих периодов (создание)
        ИмяАктивнойФормы: Справочник.ДоходыБудущихПериодов.ФормаОбъекта
        ИмяФичи: Дымовые тесты
        ИмяСценария: Запись нового "справочника ДоходыБудущихПериодов"
        НомерСтрокиДерева: 489
        НомерСтрокиФичи: 597
        ПолныйПутьКФиче: e:\vanessa\corp\features\beforeRelease\0001. Справочники.ЗаписьНового.feature
        ИмяФайла: e:\vanessa\vanessa-automation\features\Libraries\UITestRunner\step_definitions\РаботаСИнтерфейсом.epf
        ИмяПроцедуры: ВПолеЯВвожуТекст
        ИмяРаннера: ts1scont
        ТипПлатформы: Windows x86
        ТипКлиентаТестирования: Тонкий
        СтрокаСоединения: File="e:\vanessa\corp\features\tools\ServiceBases\Bases\v83CORP";
        PIDКлиентаТестирования: 3680
        ВерсияVA: ver 1.2.038.1
        ВерсияПлатформы: 8.3.19.1229
        РежимСовместимостиTestManager: Версия8_3_18
        ДатаВремяОшибки: 19.08.2022 11:22:10
</error>
			<system-out>[[ATTACHMENT|/tools/ServiceBases/ScreenShots/c95996bd-da85-481a-b240-43c11804ae78-attachment.png]]</system-out>
		</testcase>
		<testcase name="Запись нового &quot;справочника Драгметаллы&quot;" classname="Дымовые тесты" time="4.379">
			<error>Ошибка при вызове метода контекста (ВвестиТекст): Неподходящий тип элемента управления для вызванного действия.

{ВнешняяОбработка.РаботаСИнтерфейсом.Форма.Форма.Форма(3744)}:
{ВнешняяОбработка.VanessaAutomation.Форма.УправляемаяФорма.Форма(6580)}:

Технические данные:
        ЗаголовокАктивногоОкна: Драгоценные металлы (создание)
        ИмяАктивнойФормы: Справочник.Драгметаллы.ФормаОбъекта
        ИмяФичи: Дымовые тесты
        ИмяСценария: Запись нового "справочника Драгметаллы"
        НомерСтрокиДерева: 503
        НомерСтрокиФичи: 614
        ПолныйПутьКФиче: e:\vanessa\corp\features\beforeRelease\0001. Справочники.ЗаписьНового.feature
        ИмяФайла: e:\vanessa\vanessa-automation\features\Libraries\UITestRunner\step_definitions\РаботаСИнтерфейсом.epf
        ИмяПроцедуры: ВПолеЯВвожуТекст
        ИмяРаннера: ts1scont
        ТипПлатформы: Windows x86
        ТипКлиентаТестирования: Тонкий
        СтрокаСоединения: File="e:\vanessa\corp\features\tools\ServiceBases\Bases\v83CORP";
        PIDКлиентаТестирования: 3680
        ВерсияVA: ver 1.2.038.1
        ВерсияПлатформы: 8.3.19.1229
        РежимСовместимостиTestManager: Версия8_3_18
        ДатаВремяОшибки: 19.08.2022 11:22:18
</error>
			<system-out>[[ATTACHMENT|/tools/ServiceBases/ScreenShots/5ff8f836-070a-459e-9363-3eb7d08fd8d2-attachment.png]]</system-out>
		</testcase>
		<testcase name="Запись нового &quot;справочника ЖВ_Комиссии&quot;" classname="Дымовые тесты" time="5.254">
			<error>Ошибка при вызове метода контекста (ВвестиТекст): Неподходящий тип элемента управления для вызванного действия.

{ВнешняяОбработка.РаботаСИнтерфейсом.Форма.Форма.Форма(3744)}:
{ВнешняяОбработка.VanessaAutomation.Форма.УправляемаяФорма.Форма(6580)}:

Технические данные:
        ЗаголовокАктивногоОкна: Комиссии (создание)
        ИмяАктивнойФормы: Справочник.ЖВ_Комиссии.ФормаОбъекта
        ИмяФичи: Дымовые тесты
        ИмяСценария: Запись нового "справочника ЖВ_Комиссии"
        НомерСтрокиДерева: 517
        НомерСтрокиФичи: 631
        ПолныйПутьКФиче: e:\vanessa\corp\features\beforeRelease\0001. Справочники.ЗаписьНового.feature
        ИмяФайла: e:\vanessa\vanessa-automation\features\Libraries\UITestRunner\step_definitions\РаботаСИнтерфейсом.epf
        ИмяПроцедуры: ВПолеЯВвожуТекст
        ИмяРаннера: ts1scont
        ТипПлатформы: Windows x86
        ТипКлиентаТестирования: Тонкий
        СтрокаСоединения: File="e:\vanessa\corp\features\tools\ServiceBases\Bases\v83CORP";
        PIDКлиентаТестирования: 3680
        ВерсияVA: ver 1.2.038.1
        ВерсияПлатформы: 8.3.19.1229
        РежимСовместимостиTestManager: Версия8_3_18
        ДатаВремяОшибки: 19.08.2022 11:22:27
</error>
			<system-out>[[ATTACHMENT|/tools/ServiceBases/ScreenShots/707b7c8e-16ce-41a5-8006-9eecd820086d-attachment.png]]</system-out>
		</testcase>
		<testcase name="Запись нового &quot;справочника ЖурналыДокументов&quot;" classname="Дымовые тесты" time="4.421">
			<error>Ошибка при вызове метода контекста (ВвестиТекст): Неподходящий тип элемента управления для вызванного действия.

{ВнешняяОбработка.РаботаСИнтерфейсом.Форма.Форма.Форма(3744)}:
{ВнешняяОбработка.VanessaAutomation.Форма.УправляемаяФорма.Форма(6580)}:

Технические данные:
        ЗаголовокАктивногоОкна: Журналы документов (создание)
        ИмяАктивнойФормы: Справочник.ЖурналыДокументов.ФормаОбъекта
        ИмяФичи: Дымовые тесты
        ИмяСценария: Запись нового "справочника ЖурналыДокументов"
        НомерСтрокиДерева: 531
        НомерСтрокиФичи: 648
        ПолныйПутьКФиче: e:\vanessa\corp\features\beforeRelease\0001. Справочники.ЗаписьНового.feature
        ИмяФайла: e:\vanessa\vanessa-automation\features\Libraries\UITestRunner\step_definitions\РаботаСИнтерфейсом.epf
        ИмяПроцедуры: ВПолеЯВвожуТекст
        ИмяРаннера: ts1scont
        ТипПлатформы: Windows x86
        ТипКлиентаТестирования: Тонкий
        СтрокаСоединения: File="e:\vanessa\corp\features\tools\ServiceBases\Bases\v83CORP";
        PIDКлиентаТестирования: 3680
        ВерсияVA: ver 1.2.038.1
        ВерсияПлатформы: 8.3.19.1229
        РежимСовместимостиTestManager: Версия8_3_18
        ДатаВремяОшибки: 19.08.2022 11:22:35
</error>
			<system-out>[[ATTACHMENT|/tools/ServiceBases/ScreenShots/a6878146-f7fd-471d-844e-358429289952-attachment.png]]</system-out>
		</testcase>
		<testcase name="Запись нового &quot;справочника ЗакрытиеОтрицательныхОстатков&quot;" classname="Дымовые тесты" time="5.439">
			<error>Ошибка при вызове метода контекста (ВвестиТекст): Неподходящий тип элемента управления для вызванного действия.

{ВнешняяОбработка.РаботаСИнтерфейсом.Форма.Форма.Форма(3744)}:
{ВнешняяОбработка.VanessaAutomation.Форма.УправляемаяФорма.Форма(6580)}:

Технические данные:
        ЗаголовокАктивногоОкна: Закрытие отрицательных остатков (создание)
        ИмяАктивнойФормы: Справочник.ЗакрытиеОтрицательныхОстатков.ФормаОбъекта
        ИмяФичи: Дымовые тесты
        ИмяСценария: Запись нового "справочника ЗакрытиеОтрицательныхОстатков"
        НомерСтрокиДерева: 545
        НомерСтрокиФичи: 665
        ПолныйПутьКФиче: e:\vanessa\corp\features\beforeRelease\0001. Справочники.ЗаписьНового.feature
        ИмяФайла: e:\vanessa\vanessa-automation\features\Libraries\UITestRunner\step_definitions\РаботаСИнтерфейсом.epf
        ИмяПроцедуры: ВПолеЯВвожуТекст
        ИмяРаннера: ts1scont
        ТипПлатформы: Windows x86
        ТипКлиентаТестирования: Тонкий
        СтрокаСоединения: File="e:\vanessa\corp\features\tools\ServiceBases\Bases\v83CORP";
        PIDКлиентаТестирования: 3680
        ВерсияVA: ver 1.2.038.1
        ВерсияПлатформы: 8.3.19.1229
        РежимСовместимостиTestManager: Версия8_3_18
        ДатаВремяОшибки: 19.08.2022 11:22:44
</error>
			<system-out>[[ATTACHMENT|/tools/ServiceBases/ScreenShots/4057808f-abda-48d0-87c2-4af165604784-attachment.png]]</system-out>
		</testcase>
		<testcase name="Запись нового &quot;справочника Залы&quot;" classname="Дымовые тесты" time="4.483">
			<error>Ошибка при вызове метода контекста (ВвестиТекст): Неподходящий тип элемента управления для вызванного действия.

{ВнешняяОбработка.РаботаСИнтерфейсом.Форма.Форма.Форма(3744)}:
{ВнешняяОбработка.VanessaAutomation.Форма.УправляемаяФорма.Форма(6580)}:

Технические данные:
        ЗаголовокАктивногоОкна: Залы (создание)
        ИмяАктивнойФормы: Справочник.Залы.ФормаОбъекта
        ИмяФичи: Дымовые тесты
        ИмяСценария: Запись нового "справочника Залы"
        НомерСтрокиДерева: 559
        НомерСтрокиФичи: 682
        ПолныйПутьКФиче: e:\vanessa\corp\features\beforeRelease\0001. Справочники.ЗаписьНового.feature
        ИмяФайла: e:\vanessa\vanessa-automation\features\Libraries\UITestRunner\step_definitions\РаботаСИнтерфейсом.epf
        ИмяПроцедуры: ВПолеЯВвожуТекст
        ИмяРаннера: ts1scont
        ТипПлатформы: Windows x86
        ТипКлиентаТестирования: Тонкий
        СтрокаСоединения: File="e:\vanessa\corp\features\tools\ServiceBases\Bases\v83CORP";
        PIDКлиентаТестирования: 3680
        ВерсияVA: ver 1.2.038.1
        ВерсияПлатформы: 8.3.19.1229
        РежимСовместимостиTestManager: Версия8_3_18
        ДатаВремяОшибки: 19.08.2022 11:22:52
</error>
			<system-out>[[ATTACHMENT|/tools/ServiceBases/ScreenShots/e55bf3b2-1500-4a8b-b44a-d160c6f1f8d7-attachment.png]]</system-out>
		</testcase>
		<testcase name="Запись нового &quot;справочника Затраты&quot;" classname="Дымовые тесты" time="3.735"/>
		<testcase name="Запись нового &quot;справочника ЗемельныеУчастки&quot;" classname="Дымовые тесты" time="5.306">
			<error>Ошибка при вызове метода контекста (ВвестиТекст): Неподходящий тип элемента управления для вызванного действия.

{ВнешняяОбработка.РаботаСИнтерфейсом.Форма.Форма.Форма(3744)}:
{ВнешняяОбработка.VanessaAutomation.Форма.УправляемаяФорма.Форма(6580)}:

Технические данные:
        ЗаголовокАктивногоОкна: Земельные участки (создание)
        ИмяАктивнойФормы: Справочник.ЗемельныеУчастки.ФормаОбъекта
        ИмяФичи: Дымовые тесты
        ИмяСценария: Запись нового "справочника ЗемельныеУчастки"
        НомерСтрокиДерева: 587
        НомерСтрокиФичи: 716
        ПолныйПутьКФиче: e:\vanessa\corp\features\beforeRelease\0001. Справочники.ЗаписьНового.feature
        ИмяФайла: e:\vanessa\vanessa-automation\features\Libraries\UITestRunner\step_definitions\РаботаСИнтерфейсом.epf
        ИмяПроцедуры: ВПолеЯВвожуТекст
        ИмяРаннера: ts1scont
        ТипПлатформы: Windows x86
        ТипКлиентаТестирования: Тонкий
        СтрокаСоединения: File="e:\vanessa\corp\features\tools\ServiceBases\Bases\v83CORP";
        PIDКлиентаТестирования: 3680
        ВерсияVA: ver 1.2.038.1
        ВерсияПлатформы: 8.3.19.1229
        РежимСовместимостиTestManager: Версия8_3_18
        ДатаВремяОшибки: 19.08.2022 11:23:06
</error>
			<system-out>[[ATTACHMENT|/tools/ServiceBases/ScreenShots/0707f3a2-6089-403a-89df-a7b201601f21-attachment.png]]</system-out>
		</testcase>
		<testcase name="Запись нового &quot;справочника Изготовители&quot;" classname="Дымовые тесты" time="4.407">
			<error>Ошибка при вызове метода контекста (ВвестиТекст): Неподходящий тип элемента управления для вызванного действия.

{ВнешняяОбработка.РаботаСИнтерфейсом.Форма.Форма.Форма(3744)}:
{ВнешняяОбработка.VanessaAutomation.Форма.УправляемаяФорма.Форма(6580)}:

Технические данные:
        ЗаголовокАктивногоОкна: Изготовители (создание)
        ИмяАктивнойФормы: Справочник.Изготовители.ФормаОбъекта
        ИмяФичи: Дымовые тесты
        ИмяСценария: Запись нового "справочника Изготовители"
        НомерСтрокиДерева: 601
        НомерСтрокиФичи: 733
        ПолныйПутьКФиче: e:\vanessa\corp\features\beforeRelease\0001. Справочники.ЗаписьНового.feature
        ИмяФайла: e:\vanessa\vanessa-automation\features\Libraries\UITestRunner\step_definitions\РаботаСИнтерфейсом.epf
        ИмяПроцедуры: ВПолеЯВвожуТекст
        ИмяРаннера: ts1scont
        ТипПлатформы: Windows x86
        ТипКлиентаТестирования: Тонкий
        СтрокаСоединения: File="e:\vanessa\corp\features\tools\ServiceBases\Bases\v83CORP";
        PIDКлиентаТестирования: 3680
        ВерсияVA: ver 1.2.038.1
        ВерсияПлатформы: 8.3.19.1229
        РежимСовместимостиTestManager: Версия8_3_18
        ДатаВремяОшибки: 19.08.2022 11:23:14
</error>
			<system-out>[[ATTACHMENT|/tools/ServiceBases/ScreenShots/fffbaa9f-9b4b-427e-a379-d3fec32f951a-attachment.png]]</system-out>
		</testcase>
		<testcase name="Запись нового &quot;справочника Импорт&quot;" classname="Дымовые тесты" time="4.016"/>
		<testcase name="Запись нового &quot;справочника Календари&quot;" classname="Дымовые тесты" time="5.889">
			<error>Ошибка при вызове метода контекста (ВвестиТекст): Неподходящий тип элемента управления для вызванного действия.

{ВнешняяОбработка.РаботаСИнтерфейсом.Форма.Форма.Форма(3744)}:
{ВнешняяОбработка.VanessaAutomation.Форма.УправляемаяФорма.Форма(6580)}:

Технические данные:
        ЗаголовокАктивногоОкна: Календари (создание)
        ИмяАктивнойФормы: Справочник.Календари.ФормаОбъекта
        ИмяФичи: Дымовые тесты
        ИмяСценария: Запись нового "справочника Календари"
        НомерСтрокиДерева: 629
        НомерСтрокиФичи: 767
        ПолныйПутьКФиче: e:\vanessa\corp\features\beforeRelease\0001. Справочники.ЗаписьНового.feature
        ИмяФайла: e:\vanessa\vanessa-automation\features\Libraries\UITestRunner\step_definitions\РаботаСИнтерфейсом.epf
        ИмяПроцедуры: ВПолеЯВвожуТекст
        ИмяРаннера: ts1scont
        ТипПлатформы: Windows x86
        ТипКлиентаТестирования: Тонкий
        СтрокаСоединения: File="e:\vanessa\corp\features\tools\ServiceBases\Bases\v83CORP";
        PIDКлиентаТестирования: 3680
        ВерсияVA: ver 1.2.038.1
        ВерсияПлатформы: 8.3.19.1229
        РежимСовместимостиTestManager: Версия8_3_18
        ДатаВремяОшибки: 19.08.2022 11:23:28
</error>
			<system-out>[[ATTACHMENT|/tools/ServiceBases/ScreenShots/348e75c7-4320-4214-810b-4a055e6aa867-attachment.png]]</system-out>
		</testcase>
		<testcase name="Запись нового &quot;справочника КатегорииДолжностей&quot;" classname="Дымовые тесты" time="5.292">
			<error>Ошибка при вызове метода контекста (ВвестиТекст): Неподходящий тип элемента управления для вызванного действия.

{ВнешняяОбработка.РаботаСИнтерфейсом.Форма.Форма.Форма(3744)}:
{ВнешняяОбработка.VanessaAutomation.Форма.УправляемаяФорма.Форма(6580)}:

Технические данные:
        ЗаголовокАктивногоОкна: Категории должностей (создание)
        ИмяАктивнойФормы: Справочник.КатегорииДолжностей.ФормаОбъекта
        ИмяФичи: Дымовые тесты
        ИмяСценария: Запись нового "справочника КатегорииДолжностей"
        НомерСтрокиДерева: 643
        НомерСтрокиФичи: 784
        ПолныйПутьКФиче: e:\vanessa\corp\features\beforeRelease\0001. Справочники.ЗаписьНового.feature
        ИмяФайла: e:\vanessa\vanessa-automation\features\Libraries\UITestRunner\step_definitions\РаботаСИнтерфейсом.epf
        ИмяПроцедуры: ВПолеЯВвожуТекст
        ИмяРаннера: ts1scont
        ТипПлатформы: Windows x86
        ТипКлиентаТестирования: Тонкий
        СтрокаСоединения: File="e:\vanessa\corp\features\tools\ServiceBases\Bases\v83CORP";
        PIDКлиентаТестирования: 3680
        ВерсияVA: ver 1.2.038.1
        ВерсияПлатформы: 8.3.19.1229
        РежимСовместимостиTestManager: Версия8_3_18
        ДатаВремяОшибки: 19.08.2022 11:23:38
</error>
			<system-out>[[ATTACHMENT|/tools/ServiceBases/ScreenShots/3d3097ec-1425-4710-8db8-344c8c9b5d4c-attachment.png]]</system-out>
		</testcase>
		<testcase name="Запись нового &quot;справочника КатегорииЗатрат&quot;" classname="Дымовые тесты" time="5.318">
			<error>Ошибка при вызове метода контекста (ВвестиТекст): Неподходящий тип элемента управления для вызванного действия.

{ВнешняяОбработка.РаботаСИнтерфейсом.Форма.Форма.Форма(3744)}:
{ВнешняяОбработка.VanessaAutomation.Форма.УправляемаяФорма.Форма(6580)}:

Технические данные:
        ЗаголовокАктивногоОкна: Категории затрат (создание)
        ИмяАктивнойФормы: Справочник.КатегорииЗатрат.ФормаОбъекта
        ИмяФичи: Дымовые тесты
        ИмяСценария: Запись нового "справочника КатегорииЗатрат"
        НомерСтрокиДерева: 657
        НомерСтрокиФичи: 801
        ПолныйПутьКФиче: e:\vanessa\corp\features\beforeRelease\0001. Справочники.ЗаписьНового.feature
        ИмяФайла: e:\vanessa\vanessa-automation\features\Libraries\UITestRunner\step_definitions\РаботаСИнтерфейсом.epf
        ИмяПроцедуры: ВПолеЯВвожуТекст
        ИмяРаннера: ts1scont
        ТипПлатформы: Windows x86
        ТипКлиентаТестирования: Тонкий
        СтрокаСоединения: File="e:\vanessa\corp\features\tools\ServiceBases\Bases\v83CORP";
        PIDКлиентаТестирования: 3680
        ВерсияVA: ver 1.2.038.1
        ВерсияПлатформы: 8.3.19.1229
        РежимСовместимостиTestManager: Версия8_3_18
        ДатаВремяОшибки: 19.08.2022 11:23:47
</error>
			<system-out>[[ATTACHMENT|/tools/ServiceBases/ScreenShots/4a03712d-3143-40ff-a960-466d4494046d-attachment.png]]</system-out>
		</testcase>
		<testcase name="Запись нового &quot;справочника КатегорииСотрудников&quot;" classname="Дымовые тесты" time="5.405">
			<error>Ошибка при вызове метода контекста (ВвестиТекст): Неподходящий тип элемента управления для вызванного действия.

{ВнешняяОбработка.РаботаСИнтерфейсом.Форма.Форма.Форма(3744)}:
{ВнешняяОбработка.VanessaAutomation.Форма.УправляемаяФорма.Форма(6580)}:

Технические данные:
        ЗаголовокАктивногоОкна: Категории сотрудников (создание)
        ИмяАктивнойФормы: Справочник.КатегорииСотрудников.ФормаОбъекта
        ИмяФичи: Дымовые тесты
        ИмяСценария: Запись нового "справочника КатегорииСотрудников"
        НомерСтрокиДерева: 671
        НомерСтрокиФичи: 818
        ПолныйПутьКФиче: e:\vanessa\corp\features\beforeRelease\0001. Справочники.ЗаписьНового.feature
        ИмяФайла: e:\vanessa\vanessa-automation\features\Libraries\UITestRunner\step_definitions\РаботаСИнтерфейсом.epf
        ИмяПроцедуры: ВПолеЯВвожуТекст
        ИмяРаннера: ts1scont
        ТипПлатформы: Windows x86
        ТипКлиентаТестирования: Тонкий
        СтрокаСоединения: File="e:\vanessa\corp\features\tools\ServiceBases\Bases\v83CORP";
        PIDКлиентаТестирования: 3680
        ВерсияVA: ver 1.2.038.1
        ВерсияПлатформы: 8.3.19.1229
        РежимСовместимостиTestManager: Версия8_3_18
        ДатаВремяОшибки: 19.08.2022 11:23:56
</error>
			<system-out>[[ATTACHMENT|/tools/ServiceBases/ScreenShots/fd2d3b7d-0e72-464d-918d-3187dbab0b85-attachment.png]]</system-out>
		</testcase>
		<testcase name="Запись нового &quot;справочника КатегорииСтрахования&quot;" classname="Дымовые тесты" time="5.761">
			<error>Не удалось открыть форму справочника КатегорииСтрахования

{ВнешняяОбработка.Условие.Форма.Форма.Форма(263)}:

Технические данные:
        ЗаголовокАктивногоОкна: 1С:Предприятие
        ИмяАктивнойФормы: ErrorWindow
        ИмяФичи: Дымовые тесты
        ИмяСценария: Запись нового "справочника КатегорииСтрахования"
        НомерСтрокиДерева: 681
        НомерСтрокиФичи: 831
        ПолныйПутьКФиче: e:\vanessa\corp\features\beforeRelease\0001. Справочники.ЗаписьНового.feature
        ИмяФайла: e:\vanessa\vanessa-automation\features\Libraries\Условие\step_definitions\Условие.epf
        ИмяПроцедуры: ЯВызываюИсключение
        ИмяРаннера: ts1scont
        ТипПлатформы: Windows x86
        ТипКлиентаТестирования: Тонкий
        СтрокаСоединения: File="e:\vanessa\corp\features\tools\ServiceBases\Bases\v83CORP";
        PIDКлиентаТестирования: 3680
        ВерсияVA: ver 1.2.038.1
        ВерсияПлатформы: 8.3.19.1229
        РежимСовместимостиTestManager: Версия8_3_18
        ДатаВремяОшибки: 19.08.2022 11:24:05
Текст модального окна:
    К сожалению, возникла непредвиденная ошибка  Попробуйте повторить операцию. Если ошибка повторится, попробуйте перезапустить приложение или обратитесь к администратору приложения или техническому специалисту.
</error>
			<system-out>[[ATTACHMENT|/tools/ServiceBases/ScreenShots/6981130f-22ca-43b9-b8cd-7dd792d6eed6-attachment.png]]</system-out>
		</testcase>
		<testcase name="Запись нового &quot;справочника КАТЕМ&quot;" classname="Дымовые тесты" time="3.631"/>
		<testcase name="Запись нового &quot;справочника КачестваЗемли&quot;" classname="Дымовые тесты" time="5.381">
			<error>Ошибка при вызове метода контекста (ВвестиТекст): Неподходящий тип элемента управления для вызванного действия.

{ВнешняяОбработка.РаботаСИнтерфейсом.Форма.Форма.Форма(3744)}:
{ВнешняяОбработка.VanessaAutomation.Форма.УправляемаяФорма.Форма(6580)}:

Технические данные:
        ЗаголовокАктивногоОкна: Качества земли (создание)
        ИмяАктивнойФормы: Справочник.КачестваЗемли.ФормаОбъекта
        ИмяФичи: Дымовые тесты
        ИмяСценария: Запись нового "справочника КачестваЗемли"
        НомерСтрокиДерева: 713
        НомерСтрокиФичи: 869
        ПолныйПутьКФиче: e:\vanessa\corp\features\beforeRelease\0001. Справочники.ЗаписьНового.feature
        ИмяФайла: e:\vanessa\vanessa-automation\features\Libraries\UITestRunner\step_definitions\РаботаСИнтерфейсом.epf
        ИмяПроцедуры: ВПолеЯВвожуТекст
        ИмяРаннера: ts1scont
        ТипПлатформы: Windows x86
        ТипКлиентаТестирования: Тонкий
        СтрокаСоединения: File="e:\vanessa\corp\features\tools\ServiceBases\Bases\v83CORP";
        PIDКлиентаТестирования: 3680
        ВерсияVA: ver 1.2.038.1
        ВерсияПлатформы: 8.3.19.1229
        РежимСовместимостиTestManager: Версия8_3_18
        ДатаВремяОшибки: 19.08.2022 11:24:22
</error>
			<system-out>[[ATTACHMENT|/tools/ServiceBases/ScreenShots/b78db2ab-cc2a-4807-8ea6-f53e09c359ea-attachment.png]]</system-out>
		</testcase>
		<testcase name="Запись нового &quot;справочника КлассификаторДолжностей&quot;" classname="Дымовые тесты" time="4.465">
			<error>Ошибка при вызове метода контекста (ВвестиТекст): Неподходящий тип элемента управления для вызванного действия.

{ВнешняяОбработка.РаботаСИнтерфейсом.Форма.Форма.Форма(3744)}:
{ВнешняяОбработка.VanessaAutomation.Форма.УправляемаяФорма.Форма(6580)}:

Технические данные:
        ЗаголовокАктивногоОкна: Классификатор должностей (создание)
        ИмяАктивнойФормы: Справочник.КлассификаторДолжностей.ФормаОбъекта
        ИмяФичи: Дымовые тесты
        ИмяСценария: Запись нового "справочника КлассификаторДолжностей"
        НомерСтрокиДерева: 727
        НомерСтрокиФичи: 886
        ПолныйПутьКФиче: e:\vanessa\corp\features\beforeRelease\0001. Справочники.ЗаписьНового.feature
        ИмяФайла: e:\vanessa\vanessa-automation\features\Libraries\UITestRunner\step_definitions\РаботаСИнтерфейсом.epf
        ИмяПроцедуры: ВПолеЯВвожуТекст
        ИмяРаннера: ts1scont
        ТипПлатформы: Windows x86
        ТипКлиентаТестирования: Тонкий
        СтрокаСоединения: File="e:\vanessa\corp\features\tools\ServiceBases\Bases\v83CORP";
        PIDКлиентаТестирования: 3680
        ВерсияVA: ver 1.2.038.1
        ВерсияПлатформы: 8.3.19.1229
        РежимСовместимостиTestManager: Версия8_3_18
        ДатаВремяОшибки: 19.08.2022 11:24:31
</error>
			<system-out>[[ATTACHMENT|/tools/ServiceBases/ScreenShots/004f69f2-0e0e-460f-8962-5a7727995ccc-attachment.png]]</system-out>
		</testcase>
		<testcase name="Запись нового &quot;справочника КлассификаторЕдиницИзмерения&quot;" classname="Дымовые тесты" time="7.273">
			<error>Элемента формы с заголовком &lt;Наименование&gt; не найдено.

{ВнешняяОбработка.РаботаСИнтерфейсом.Форма.Форма.Форма(3744)}:
{ВнешняяОбработка.VanessaAutomation.Форма.УправляемаяФорма.Форма(6328)}:

Технические данные:
        ЗаголовокАктивногоОкна: Классификатор единиц измерения (создание)
        ИмяАктивнойФормы: Справочник.КлассификаторЕдиницИзмерения.Форма.ФормаЭлементаУФ
        ИмяФичи: Дымовые тесты
        ИмяСценария: Запись нового "справочника КлассификаторЕдиницИзмерения"
        НомерСтрокиДерева: 741
        НомерСтрокиФичи: 903
        ПолныйПутьКФиче: e:\vanessa\corp\features\beforeRelease\0001. Справочники.ЗаписьНового.feature
        ИмяФайла: e:\vanessa\vanessa-automation\features\Libraries\UITestRunner\step_definitions\РаботаСИнтерфейсом.epf
        ИмяПроцедуры: ВПолеЯВвожуТекст
        ИмяРаннера: ts1scont
        ТипПлатформы: Windows x86
        ТипКлиентаТестирования: Тонкий
        СтрокаСоединения: File="e:\vanessa\corp\features\tools\ServiceBases\Bases\v83CORP";
        PIDКлиентаТестирования: 3680
        ВерсияVA: ver 1.2.038.1
        ВерсияПлатформы: 8.3.19.1229
        РежимСовместимостиTestManager: Версия8_3_18
        ДатаВремяОшибки: 19.08.2022 11:24:42
</error>
			<system-out>[[ATTACHMENT|/tools/ServiceBases/ScreenShots/3ef7272e-39b9-4c85-9e92-f1f12b1ab590-attachment.png]]</system-out>
		</testcase>
		<testcase name="Запись нового &quot;справочника КлассификаторИспользованияРабочегоВремени&quot;" classname="Дымовые тесты" time="3.908"/>
		<testcase name="Запись нового &quot;справочника КлассификаторОС&quot;" classname="Дымовые тесты" time="5.389">
			<error>Ошибка при вызове метода контекста (ВвестиТекст): Неподходящий тип элемента управления для вызванного действия.

{ВнешняяОбработка.РаботаСИнтерфейсом.Форма.Форма.Форма(3744)}:
{ВнешняяОбработка.VanessaAutomation.Форма.УправляемаяФорма.Форма(6580)}:

Технические данные:
        ЗаголовокАктивногоОкна: Классификаторы ОС (создание)
        ИмяАктивнойФормы: Справочник.КлассификаторОС.ФормаОбъекта
        ИмяФичи: Дымовые тесты
        ИмяСценария: Запись нового "справочника КлассификаторОС"
        НомерСтрокиДерева: 769
        НомерСтрокиФичи: 937
        ПолныйПутьКФиче: e:\vanessa\corp\features\beforeRelease\0001. Справочники.ЗаписьНового.feature
        ИмяФайла: e:\vanessa\vanessa-automation\features\Libraries\UITestRunner\step_definitions\РаботаСИнтерфейсом.epf
        ИмяПроцедуры: ВПолеЯВвожуТекст
        ИмяРаннера: ts1scont
        ТипПлатформы: Windows x86
        ТипКлиентаТестирования: Тонкий
        СтрокаСоединения: File="e:\vanessa\corp\features\tools\ServiceBases\Bases\v83CORP";
        PIDКлиентаТестирования: 3680
        ВерсияVA: ver 1.2.038.1
        ВерсияПлатформы: 8.3.19.1229
        РежимСовместимостиTestManager: Версия8_3_18
        ДатаВремяОшибки: 19.08.2022 11:24:56
</error>
			<system-out>[[ATTACHMENT|/tools/ServiceBases/ScreenShots/b28b1015-7160-4249-b6af-f4d9f096e89a-attachment.png]]</system-out>
		</testcase>
		<testcase name="Запись нового &quot;справочника КлассификаторСоцСтатуса&quot;" classname="Дымовые тесты" time="5.382">
			<error>Ошибка при вызове метода контекста (ВвестиТекст): Неподходящий тип элемента управления для вызванного действия.

{ВнешняяОбработка.РаботаСИнтерфейсом.Форма.Форма.Форма(3744)}:
{ВнешняяОбработка.VanessaAutomation.Форма.УправляемаяФорма.Форма(6580)}:

Технические данные:
        ЗаголовокАктивногоОкна: Классификатор соц статуса (создание)
        ИмяАктивнойФормы: Справочник.КлассификаторСоцСтатуса.ФормаОбъекта
        ИмяФичи: Дымовые тесты
        ИмяСценария: Запись нового "справочника КлассификаторСоцСтатуса"
        НомерСтрокиДерева: 783
        НомерСтрокиФичи: 954
        ПолныйПутьКФиче: e:\vanessa\corp\features\beforeRelease\0001. Справочники.ЗаписьНового.feature
        ИмяФайла: e:\vanessa\vanessa-automation\features\Libraries\UITestRunner\step_definitions\РаботаСИнтерфейсом.epf
        ИмяПроцедуры: ВПолеЯВвожуТекст
        ИмяРаннера: ts1scont
        ТипПлатформы: Windows x86
        ТипКлиентаТестирования: Тонкий
        СтрокаСоединения: File="e:\vanessa\corp\features\tools\ServiceBases\Bases\v83CORP";
        PIDКлиентаТестирования: 3680
        ВерсияVA: ver 1.2.038.1
        ВерсияПлатформы: 8.3.19.1229
        РежимСовместимостиTestManager: Версия8_3_18
        ДатаВремяОшибки: 19.08.2022 11:25:06
</error>
			<system-out>[[ATTACHMENT|/tools/ServiceBases/ScreenShots/9e358cff-364d-4704-ac05-e13dd30a111e-attachment.png]]</system-out>
		</testcase>
		<testcase name="Запись нового &quot;справочника КлассификаторСтранМира&quot;" classname="Дымовые тесты" time="8.421">
			<error>Элемента формы с заголовком &lt;Наименование&gt; не найдено.

{ВнешняяОбработка.РаботаСИнтерфейсом.Форма.Форма.Форма(3744)}:
{ВнешняяОбработка.VanessaAutomation.Форма.УправляемаяФорма.Форма(6328)}:

Технические данные:
        ЗаголовокАктивногоОкна: Классификатор стран мира: Классификатор стран мира (создание)
        ИмяАктивнойФормы: Справочник.КлассификаторСтранМира.Форма.ФормаЭлементаУФ
        ИмяФичи: Дымовые тесты
        ИмяСценария: Запись нового "справочника КлассификаторСтранМира"
        НомерСтрокиДерева: 797
        НомерСтрокиФичи: 971
        ПолныйПутьКФиче: e:\vanessa\corp\features\beforeRelease\0001. Справочники.ЗаписьНового.feature
        ИмяФайла: e:\vanessa\vanessa-automation\features\Libraries\UITestRunner\step_definitions\РаботаСИнтерфейсом.epf
        ИмяПроцедуры: ВПолеЯВвожуТекст
        ИмяРаннера: ts1scont
        ТипПлатформы: Windows x86
        ТипКлиентаТестирования: Тонкий
        СтрокаСоединения: File="e:\vanessa\corp\features\tools\ServiceBases\Bases\v83CORP";
        PIDКлиентаТестирования: 3680
        ВерсияVA: ver 1.2.038.1
        ВерсияПлатформы: 8.3.19.1229
        РежимСовместимостиTestManager: Версия8_3_18
        ДатаВремяОшибки: 19.08.2022 11:25:18
</error>
			<system-out>[[ATTACHMENT|/tools/ServiceBases/ScreenShots/ccadb152-1150-4691-bdd2-92c80b3d4c92-attachment.png]]</system-out>
		</testcase>
		<testcase name="Запись нового &quot;справочника КлассификаторТрудовыхОтношений&quot;" classname="Дымовые тесты" time="4.542">
			<error>Ошибка при вызове метода контекста (ВвестиТекст): Неподходящий тип элемента управления для вызванного действия.

{ВнешняяОбработка.РаботаСИнтерфейсом.Форма.Форма.Форма(3744)}:
{ВнешняяОбработка.VanessaAutomation.Форма.УправляемаяФорма.Форма(6580)}:

Технические данные:
        ЗаголовокАктивногоОкна: Ситуация о трудовых отношениях (создание)
        ИмяАктивнойФормы: Справочник.КлассификаторТрудовыхОтношений.ФормаОбъекта
        ИмяФичи: Дымовые тесты
        ИмяСценария: Запись нового "справочника КлассификаторТрудовыхОтношений"
        НомерСтрокиДерева: 811
        НомерСтрокиФичи: 988
        ПолныйПутьКФиче: e:\vanessa\corp\features\beforeRelease\0001. Справочники.ЗаписьНового.feature
        ИмяФайла: e:\vanessa\vanessa-automation\features\Libraries\UITestRunner\step_definitions\РаботаСИнтерфейсом.epf
        ИмяПроцедуры: ВПолеЯВвожуТекст
        ИмяРаннера: ts1scont
        ТипПлатформы: Windows x86
        ТипКлиентаТестирования: Тонкий
        СтрокаСоединения: File="e:\vanessa\corp\features\tools\ServiceBases\Bases\v83CORP";
        PIDКлиентаТестирования: 3680
        ВерсияVA: ver 1.2.038.1
        ВерсияПлатформы: 8.3.19.1229
        РежимСовместимостиTestManager: Версия8_3_18
        ДатаВремяОшибки: 19.08.2022 11:25:26
</error>
			<system-out>[[ATTACHMENT|/tools/ServiceBases/ScreenShots/de356e33-6520-4232-a1b7-7acfa46b3a94-attachment.png]]</system-out>
		</testcase>
		<testcase name="Запись нового &quot;справочника КодыГосударственнойНалоговойИнспекции&quot;" classname="Дымовые тесты" time="5.589">
			<error>Ошибка при вызове метода контекста (ВвестиТекст): Неподходящий тип элемента управления для вызванного действия.

{ВнешняяОбработка.РаботаСИнтерфейсом.Форма.Форма.Форма(3744)}:
{ВнешняяОбработка.VanessaAutomation.Форма.УправляемаяФорма.Форма(6580)}:

Технические данные:
        ЗаголовокАктивногоОкна: Коды Государственной Налоговой Инспекции (создание)
        ИмяАктивнойФормы: Справочник.КодыГосударственнойНалоговойИнспекции.ФормаОбъекта
        ИмяФичи: Дымовые тесты
        ИмяСценария: Запись нового "справочника КодыГосударственнойНалоговойИнспекции"
        НомерСтрокиДерева: 825
        НомерСтрокиФичи: 1 005
        ПолныйПутьКФиче: e:\vanessa\corp\features\beforeRelease\0001. Справочники.ЗаписьНового.feature
        ИмяФайла: e:\vanessa\vanessa-automation\features\Libraries\UITestRunner\step_definitions\РаботаСИнтерфейсом.epf
        ИмяПроцедуры: ВПолеЯВвожуТекст
        ИмяРаннера: ts1scont
        ТипПлатформы: Windows x86
        ТипКлиентаТестирования: Тонкий
        СтрокаСоединения: File="e:\vanessa\corp\features\tools\ServiceBases\Bases\v83CORP";
        PIDКлиентаТестирования: 3680
        ВерсияVA: ver 1.2.038.1
        ВерсияПлатформы: 8.3.19.1229
        РежимСовместимостиTestManager: Версия8_3_18
        ДатаВремяОшибки: 19.08.2022 11:25:35
</error>
			<system-out>[[ATTACHMENT|/tools/ServiceBases/ScreenShots/bc101f78-6ad9-4a08-a42c-52f25d4adec8-attachment.png]]</system-out>
		</testcase>
		<testcase name="Запись нового &quot;справочника КодыРасходовСоцФонда&quot;" classname="Дымовые тесты" time="4.499">
			<error>Ошибка при вызове метода контекста (ВвестиТекст): Неподходящий тип элемента управления для вызванного действия.

{ВнешняяОбработка.РаботаСИнтерфейсом.Форма.Форма.Форма(3744)}:
{ВнешняяОбработка.VanessaAutomation.Форма.УправляемаяФорма.Форма(6580)}:

Технические данные:
        ЗаголовокАктивногоОкна: Коды расходов СоцФонда (создание)
        ИмяАктивнойФормы: Справочник.КодыРасходовСоцФонда.ФормаОбъекта
        ИмяФичи: Дымовые тесты
        ИмяСценария: Запись нового "справочника КодыРасходовСоцФонда"
        НомерСтрокиДерева: 839
        НомерСтрокиФичи: 1 022
        ПолныйПутьКФиче: e:\vanessa\corp\features\beforeRelease\0001. Справочники.ЗаписьНового.feature
        ИмяФайла: e:\vanessa\vanessa-automation\features\Libraries\UITestRunner\step_definitions\РаботаСИнтерфейсом.epf
        ИмяПроцедуры: ВПолеЯВвожуТекст
        ИмяРаннера: ts1scont
        ТипПлатформы: Windows x86
        ТипКлиентаТестирования: Тонкий
        СтрокаСоединения: File="e:\vanessa\corp\features\tools\ServiceBases\Bases\v83CORP";
        PIDКлиентаТестирования: 3680
        ВерсияVA: ver 1.2.038.1
        ВерсияПлатформы: 8.3.19.1229
        РежимСовместимостиTestManager: Версия8_3_18
        ДатаВремяОшибки: 19.08.2022 11:25:43
</error>
			<system-out>[[ATTACHMENT|/tools/ServiceBases/ScreenShots/69e27f9f-bb98-45de-bb86-7368c12908cd-attachment.png]]</system-out>
		</testcase>
		<testcase name="Запись нового &quot;справочника КоммунальныеУслуги&quot;" classname="Дымовые тесты" time="5.248">
			<error>Ошибка при вызове метода контекста (ВвестиТекст): Неподходящий тип элемента управления для вызванного действия.

{ВнешняяОбработка.РаботаСИнтерфейсом.Форма.Форма.Форма(3744)}:
{ВнешняяОбработка.VanessaAutomation.Форма.УправляемаяФорма.Форма(6580)}:

Технические данные:
        ЗаголовокАктивногоОкна: Коммунальные услуги (ЖКХ) (создание)
        ИмяАктивнойФормы: Справочник.КоммунальныеУслуги.ФормаОбъекта
        ИмяФичи: Дымовые тесты
        ИмяСценария: Запись нового "справочника КоммунальныеУслуги"
        НомерСтрокиДерева: 853
        НомерСтрокиФичи: 1 039
        ПолныйПутьКФиче: e:\vanessa\corp\features\beforeRelease\0001. Справочники.ЗаписьНового.feature
        ИмяФайла: e:\vanessa\vanessa-automation\features\Libraries\UITestRunner\step_definitions\РаботаСИнтерфейсом.epf
        ИмяПроцедуры: ВПолеЯВвожуТекст
        ИмяРаннера: ts1scont
        ТипПлатформы: Windows x86
        ТипКлиентаТестирования: Тонкий
        СтрокаСоединения: File="e:\vanessa\corp\features\tools\ServiceBases\Bases\v83CORP";
        PIDКлиентаТестирования: 3680
        ВерсияVA: ver 1.2.038.1
        ВерсияПлатформы: 8.3.19.1229
        РежимСовместимостиTestManager: Версия8_3_18
        ДатаВремяОшибки: 19.08.2022 11:25:52
</error>
			<system-out>[[ATTACHMENT|/tools/ServiceBases/ScreenShots/24565789-9588-4d00-93cd-b02ff36a906e-attachment.png]]</system-out>
		</testcase>
		<testcase name="Запись нового &quot;справочника Контрагенты&quot;" classname="Дымовые тесты" time="7.829">
			<error>Элемента формы с именем &lt;Наименование&gt; не найдено.

{ВнешняяОбработка.VanessaAutomation.Форма.УправляемаяФорма.Форма(6328)}:

Технические данные:
        ЗаголовокАктивногоОкна: Контрагенты (создание)
        ИмяАктивнойФормы: Справочник.Контрагенты.Форма.ФормаЭлементаУФ
        ИмяФичи: Дымовые тесты
        ИмяСценария: Запись нового "справочника Контрагенты"
        НомерСтрокиДерева: 866
        НомерСтрокиФичи: 1 055
        ПолныйПутьКФиче: e:\vanessa\corp\features\beforeRelease\0001. Справочники.ЗаписьНового.feature
        ИмяФайла: e:\vanessa\vanessa-automation\features\Libraries\Условие\step_definitions\Условие.epf
        ИмяПроцедуры: ЭлементДоступенНеТолькоДляПросмотраТогда
        ИмяРаннера: ts1scont
        ТипПлатформы: Windows x86
        ТипКлиентаТестирования: Тонкий
        СтрокаСоединения: File="e:\vanessa\corp\features\tools\ServiceBases\Bases\v83CORP";
        PIDКлиентаТестирования: 3680
        ВерсияVA: ver 1.2.038.1
        ВерсияПлатформы: 8.3.19.1229
        РежимСовместимостиTestManager: Версия8_3_18
        ДатаВремяОшибки: 19.08.2022 11:26:03
</error>
			<system-out>[[ATTACHMENT|/tools/ServiceBases/ScreenShots/4f727896-a8ba-48f2-a226-ffb74fb7f3bb-attachment.png]]</system-out>
		</testcase>
		<testcase name="Запись нового &quot;справочника Контролеры&quot;" classname="Дымовые тесты" time="5.283">
			<error>Ошибка при вызове метода контекста (ВвестиТекст): Неподходящий тип элемента управления для вызванного действия.

{ВнешняяОбработка.РаботаСИнтерфейсом.Форма.Форма.Форма(3744)}:
{ВнешняяОбработка.VanessaAutomation.Форма.УправляемаяФорма.Форма(6580)}:

Технические данные:
        ЗаголовокАктивногоОкна: Контролеры (ЖКХ) (создание)
        ИмяАктивнойФормы: Справочник.Контролеры.ФормаОбъекта
        ИмяФичи: Дымовые тесты
        ИмяСценария: Запись нового "справочника Контролеры"
        НомерСтрокиДерева: 881
        НомерСтрокиФичи: 1 073
        ПолныйПутьКФиче: e:\vanessa\corp\features\beforeRelease\0001. Справочники.ЗаписьНового.feature
        ИмяФайла: e:\vanessa\vanessa-automation\features\Libraries\UITestRunner\step_definitions\РаботаСИнтерфейсом.epf
        ИмяПроцедуры: ВПолеЯВвожуТекст
        ИмяРаннера: ts1scont
        ТипПлатформы: Windows x86
        ТипКлиентаТестирования: Тонкий
        СтрокаСоединения: File="e:\vanessa\corp\features\tools\ServiceBases\Bases\v83CORP";
        PIDКлиентаТестирования: 3680
        ВерсияVA: ver 1.2.038.1
        ВерсияПлатформы: 8.3.19.1229
        РежимСовместимостиTestManager: Версия8_3_18
        ДатаВремяОшибки: 19.08.2022 11:26:13
</error>
			<system-out>[[ATTACHMENT|/tools/ServiceBases/ScreenShots/22f6833d-2e9e-412b-99e5-a52dda7404f2-attachment.png]]</system-out>
		</testcase>
		<testcase name="Запись нового &quot;справочника КОПФ&quot;" classname="Дымовые тесты" time="3.852"/>
		<testcase name="Запись нового &quot;справочника КФС&quot;" classname="Дымовые тесты" time="3.574"/>
		<testcase name="Запись нового &quot;справочника Марки&quot;" classname="Дымовые тесты" time="4.634">
			<error>Ошибка при вызове метода контекста (ВвестиТекст): Неподходящий тип элемента управления для вызванного действия.

{ВнешняяОбработка.РаботаСИнтерфейсом.Форма.Форма.Форма(3744)}:
{ВнешняяОбработка.VanessaAutomation.Форма.УправляемаяФорма.Форма(6580)}:

Технические данные:
        ЗаголовокАктивногоОкна: Марки (создание)
        ИмяАктивнойФормы: Справочник.Марки.ФормаОбъекта
        ИмяФичи: Дымовые тесты
        ИмяСценария: Запись нового "справочника Марки"
        НомерСтрокиДерева: 923
        НомерСтрокиФичи: 1 124
        ПолныйПутьКФиче: e:\vanessa\corp\features\beforeRelease\0001. Справочники.ЗаписьНового.feature
        ИмяФайла: e:\vanessa\vanessa-automation\features\Libraries\UITestRunner\step_definitions\РаботаСИнтерфейсом.epf
        ИмяПроцедуры: ВПолеЯВвожуТекст
        ИмяРаннера: ts1scont
        ТипПлатформы: Windows x86
        ТипКлиентаТестирования: Тонкий
        СтрокаСоединения: File="e:\vanessa\corp\features\tools\ServiceBases\Bases\v83CORP";
        PIDКлиентаТестирования: 3680
        ВерсияVA: ver 1.2.038.1
        ВерсияПлатформы: 8.3.19.1229
        РежимСовместимостиTestManager: Версия8_3_18
        ДатаВремяОшибки: 19.08.2022 11:26:31
</error>
			<system-out>[[ATTACHMENT|/tools/ServiceBases/ScreenShots/bf41eed9-d199-4bdd-a7b1-273004986f10-attachment.png]]</system-out>
		</testcase>
		<testcase name="Запись нового &quot;справочника МБП&quot;" classname="Дымовые тесты" time="3.803"/>
		<testcase name="Запись нового &quot;справочника МесяцГод&quot;" classname="Дымовые тесты" time="5.395">
			<error>Ошибка при вызове метода контекста (ВвестиТекст): Неподходящий тип элемента управления для вызванного действия.

{ВнешняяОбработка.РаботаСИнтерфейсом.Форма.Форма.Форма(3744)}:
{ВнешняяОбработка.VanessaAutomation.Форма.УправляемаяФорма.Форма(6580)}:

Технические данные:
        ЗаголовокАктивногоОкна: Месяцы (создание)
        ИмяАктивнойФормы: Справочник.МесяцГод.ФормаОбъекта
        ИмяФичи: Дымовые тесты
        ИмяСценария: Запись нового "справочника МесяцГод"
        НомерСтрокиДерева: 951
        НомерСтрокиФичи: 1 158
        ПолныйПутьКФиче: e:\vanessa\corp\features\beforeRelease\0001. Справочники.ЗаписьНового.feature
        ИмяФайла: e:\vanessa\vanessa-automation\features\Libraries\UITestRunner\step_definitions\РаботаСИнтерфейсом.epf
        ИмяПроцедуры: ВПолеЯВвожуТекст
        ИмяРаннера: ts1scont
        ТипПлатформы: Windows x86
        ТипКлиентаТестирования: Тонкий
        СтрокаСоединения: File="e:\vanessa\corp\features\tools\ServiceBases\Bases\v83CORP";
        PIDКлиентаТестирования: 3680
        ВерсияVA: ver 1.2.038.1
        ВерсияПлатформы: 8.3.19.1229
        РежимСовместимостиTestManager: Версия8_3_18
        ДатаВремяОшибки: 19.08.2022 11:26:45
</error>
			<system-out>[[ATTACHMENT|/tools/ServiceBases/ScreenShots/22f6ad04-e8aa-45d4-9b41-026e2ba6e02d-attachment.png]]</system-out>
		</testcase>
		<testcase name="Запись нового &quot;справочника НаличиеДрагметалла&quot;" classname="Дымовые тесты" time="5.196">
			<error>Ошибка при вызове метода контекста (ВвестиТекст): Неподходящий тип элемента управления для вызванного действия.

{ВнешняяОбработка.РаботаСИнтерфейсом.Форма.Форма.Форма(3744)}:
{ВнешняяОбработка.VanessaAutomation.Форма.УправляемаяФорма.Форма(6580)}:

Технические данные:
        ЗаголовокАктивногоОкна: Наличие драгметалла (создание)
        ИмяАктивнойФормы: Справочник.НаличиеДрагметалла.ФормаОбъекта
        ИмяФичи: Дымовые тесты
        ИмяСценария: Запись нового "справочника НаличиеДрагметалла"
        НомерСтрокиДерева: 965
        НомерСтрокиФичи: 1 175
        ПолныйПутьКФиче: e:\vanessa\corp\features\beforeRelease\0001. Справочники.ЗаписьНового.feature
        ИмяФайла: e:\vanessa\vanessa-automation\features\Libraries\UITestRunner\step_definitions\РаботаСИнтерфейсом.epf
        ИмяПроцедуры: ВПолеЯВвожуТекст
        ИмяРаннера: ts1scont
        ТипПлатформы: Windows x86
        ТипКлиентаТестирования: Тонкий
        СтрокаСоединения: File="e:\vanessa\corp\features\tools\ServiceBases\Bases\v83CORP";
        PIDКлиентаТестирования: 3680
        ВерсияVA: ver 1.2.038.1
        ВерсияПлатформы: 8.3.19.1229
        РежимСовместимостиTestManager: Версия8_3_18
        ДатаВремяОшибки: 19.08.2022 11:26:54
</error>
			<system-out>[[ATTACHMENT|/tools/ServiceBases/ScreenShots/2dd590dd-c9be-4c93-997f-72e478dd8ec3-attachment.png]]</system-out>
		</testcase>
		<testcase name="Запись нового &quot;справочника Налоги&quot;" classname="Дымовые тесты" time="7.591">
			<error>Элемента формы с именем &lt;Наименование&gt; не найдено.

{ВнешняяОбработка.VanessaAutomation.Форма.УправляемаяФорма.Форма(6328)}:

Технические данные:
        ЗаголовокАктивногоОкна: Налоги (создание)
        ИмяАктивнойФормы: Справочник.Налоги.Форма.ФормаЭлементаУФ
        ИмяФичи: Дымовые тесты
        ИмяСценария: Запись нового "справочника Налоги"
        НомерСтрокиДерева: 978
        НомерСтрокиФичи: 1 191
        ПолныйПутьКФиче: e:\vanessa\corp\features\beforeRelease\0001. Справочники.ЗаписьНового.feature
        ИмяФайла: e:\vanessa\vanessa-automation\features\Libraries\Условие\step_definitions\Условие.epf
        ИмяПроцедуры: ЭлементДоступенНеТолькоДляПросмотраТогда
        ИмяРаннера: ts1scont
        ТипПлатформы: Windows x86
        ТипКлиентаТестирования: Тонкий
        СтрокаСоединения: File="e:\vanessa\corp\features\tools\ServiceBases\Bases\v83CORP";
        PIDКлиентаТестирования: 3680
        ВерсияVA: ver 1.2.038.1
        ВерсияПлатформы: 8.3.19.1229
        РежимСовместимостиTestManager: Версия8_3_18
        ДатаВремяОшибки: 19.08.2022 11:27:06
</error>
			<system-out>[[ATTACHMENT|/tools/ServiceBases/ScreenShots/464a18fe-2f14-4ef8-9a8a-f9c0f2977520-attachment.png]]</system-out>
		</testcase>
		<testcase name="Запись нового &quot;справочника НастройкиВыписки&quot;" classname="Дымовые тесты" time="3.716"/>
		<testcase name="Запись нового &quot;справочника НастройкиОбменаДанными&quot;" classname="Дымовые тесты" time="5.427">
			<error>Ошибка при вызове метода контекста (ВвестиТекст): Неподходящий тип элемента управления для вызванного действия.

{ВнешняяОбработка.РаботаСИнтерфейсом.Форма.Форма.Форма(3744)}:
{ВнешняяОбработка.VanessaAutomation.Форма.УправляемаяФорма.Форма(6580)}:

Технические данные:
        ЗаголовокАктивногоОкна: Настройки обмена данными (создание)
        ИмяАктивнойФормы: Справочник.НастройкиОбменаДанными.ФормаОбъекта
        ИмяФичи: Дымовые тесты
        ИмяСценария: Запись нового "справочника НастройкиОбменаДанными"
        НомерСтрокиДерева: 1 007
        НомерСтрокиФичи: 1 226
        ПолныйПутьКФиче: e:\vanessa\corp\features\beforeRelease\0001. Справочники.ЗаписьНового.feature
        ИмяФайла: e:\vanessa\vanessa-automation\features\Libraries\UITestRunner\step_definitions\РаботаСИнтерфейсом.epf
        ИмяПроцедуры: ВПолеЯВвожуТекст
        ИмяРаннера: ts1scont
        ТипПлатформы: Windows x86
        ТипКлиентаТестирования: Тонкий
        СтрокаСоединения: File="e:\vanessa\corp\features\tools\ServiceBases\Bases\v83CORP";
        PIDКлиентаТестирования: 3680
        ВерсияVA: ver 1.2.038.1
        ВерсияПлатформы: 8.3.19.1229
        РежимСовместимостиTestManager: Версия8_3_18
        ДатаВремяОшибки: 19.08.2022 11:27:20
</error>
			<system-out>[[ATTACHMENT|/tools/ServiceBases/ScreenShots/5dd0d935-179b-4bc4-b5ef-05bcd916d3c4-attachment.png]]</system-out>
		</testcase>
		<testcase name="Запись нового &quot;справочника НачисленийИУдержаний&quot;" classname="Дымовые тесты" time="5.395">
			<error>Ошибка при вызове метода контекста (ВвестиТекст): Неподходящий тип элемента управления для вызванного действия.

{ВнешняяОбработка.РаботаСИнтерфейсом.Форма.Форма.Форма(3744)}:
{ВнешняяОбработка.VanessaAutomation.Форма.УправляемаяФорма.Форма(6580)}:

Технические данные:
        ЗаголовокАктивногоОкна: Начисления и удержания (создание)
        ИмяАктивнойФормы: Справочник.НачисленийИУдержаний.ФормаОбъекта
        ИмяФичи: Дымовые тесты
        ИмяСценария: Запись нового "справочника НачисленийИУдержаний"
        НомерСтрокиДерева: 1 021
        НомерСтрокиФичи: 1 243
        ПолныйПутьКФиче: e:\vanessa\corp\features\beforeRelease\0001. Справочники.ЗаписьНового.feature
        ИмяФайла: e:\vanessa\vanessa-automation\features\Libraries\UITestRunner\step_definitions\РаботаСИнтерфейсом.epf
        ИмяПроцедуры: ВПолеЯВвожуТекст
        ИмяРаннера: ts1scont
        ТипПлатформы: Windows x86
        ТипКлиентаТестирования: Тонкий
        СтрокаСоединения: File="e:\vanessa\corp\features\tools\ServiceBases\Bases\v83CORP";
        PIDКлиентаТестирования: 3680
        ВерсияVA: ver 1.2.038.1
        ВерсияПлатформы: 8.3.19.1229
        РежимСовместимостиTestManager: Версия8_3_18
        ДатаВремяОшибки: 19.08.2022 11:27:30
</error>
			<system-out>[[ATTACHMENT|/tools/ServiceBases/ScreenShots/d890e238-1861-4daa-9d04-91a09f677900-attachment.png]]</system-out>
		</testcase>
		<testcase name="Запись нового &quot;справочника НематАктивы&quot;" classname="Дымовые тесты" time="3.561"/>
		<testcase name="Запись нового &quot;справочника Номенклатура&quot;" classname="Дымовые тесты" time="7.968">
			<error>Элемента формы с заголовком &lt;Наименование&gt; не найдено.

{ВнешняяОбработка.РаботаСИнтерфейсом.Форма.Форма.Форма(3744)}:
{ВнешняяОбработка.VanessaAutomation.Форма.УправляемаяФорма.Форма(6328)}:

Технические данные:
        ЗаголовокАктивногоОкна: Номенклатура (создание)
        ИмяАктивнойФормы: Справочник.Номенклатура.Форма.ФормаЭлементаУФ
        ИмяФичи: Дымовые тесты
        ИмяСценария: Запись нового "справочника Номенклатура"
        НомерСтрокиДерева: 1 049
        НомерСтрокиФичи: 1 277
        ПолныйПутьКФиче: e:\vanessa\corp\features\beforeRelease\0001. Справочники.ЗаписьНового.feature
        ИмяФайла: e:\vanessa\vanessa-automation\features\Libraries\UITestRunner\step_definitions\РаботаСИнтерфейсом.epf
        ИмяПроцедуры: ВПолеЯВвожуТекст
        ИмяРаннера: ts1scont
        ТипПлатформы: Windows x86
        ТипКлиентаТестирования: Тонкий
        СтрокаСоединения: File="e:\vanessa\corp\features\tools\ServiceBases\Bases\v83CORP";
        PIDКлиентаТестирования: 3680
        ВерсияVA: ver 1.2.038.1
        ВерсияПлатформы: 8.3.19.1229
        РежимСовместимостиTestManager: Версия8_3_18
        ДатаВремяОшибки: 19.08.2022 11:27:47
</error>
			<system-out>[[ATTACHMENT|/tools/ServiceBases/ScreenShots/443b277f-654a-478c-a6b0-4a46d822d9f4-attachment.png]]</system-out>
		</testcase>
		<testcase name="Запись нового &quot;справочника НоменклатурныеГруппы&quot;" classname="Дымовые тесты" time="5.411">
			<error>Ошибка при вызове метода контекста (ВвестиТекст): Неподходящий тип элемента управления для вызванного действия.

{ВнешняяОбработка.РаботаСИнтерфейсом.Форма.Форма.Форма(3744)}:
{ВнешняяОбработка.VanessaAutomation.Форма.УправляемаяФорма.Форма(6580)}:

Технические данные:
        ЗаголовокАктивногоОкна: Номенклатурные группы (создание)
        ИмяАктивнойФормы: Справочник.НоменклатурныеГруппы.ФормаОбъекта
        ИмяФичи: Дымовые тесты
        ИмяСценария: Запись нового "справочника НоменклатурныеГруппы"
        НомерСтрокиДерева: 1 063
        НомерСтрокиФичи: 1 294
        ПолныйПутьКФиче: e:\vanessa\corp\features\beforeRelease\0001. Справочники.ЗаписьНового.feature
        ИмяФайла: e:\vanessa\vanessa-automation\features\Libraries\UITestRunner\step_definitions\РаботаСИнтерфейсом.epf
        ИмяПроцедуры: ВПолеЯВвожуТекст
        ИмяРаннера: ts1scont
        ТипПлатформы: Windows x86
        ТипКлиентаТестирования: Тонкий
        СтрокаСоединения: File="e:\vanessa\corp\features\tools\ServiceBases\Bases\v83CORP";
        PIDКлиентаТестирования: 3680
        ВерсияVA: ver 1.2.038.1
        ВерсияПлатформы: 8.3.19.1229
        РежимСовместимостиTestManager: Версия8_3_18
        ДатаВремяОшибки: 19.08.2022 11:27:56
</error>
			<system-out>[[ATTACHMENT|/tools/ServiceBases/ScreenShots/9bb1320d-1f8c-4604-b5d6-eaf9d67cd64e-attachment.png]]</system-out>
		</testcase>
		<testcase name="Запись нового &quot;справочника НоменклатураПрисоединенныеФайлы&quot;" classname="Дымовые тесты" time="5.369">
			<error>Ошибка при вызове метода контекста (ВвестиТекст): Неподходящий тип элемента управления для вызванного действия.

{ВнешняяОбработка.РаботаСИнтерфейсом.Форма.Форма.Форма(3744)}:
{ВнешняяОбработка.VanessaAutomation.Форма.УправляемаяФорма.Форма(6580)}:

Технические данные:
        ЗаголовокАктивногоОкна: Присоединенный файл (Демо: Номенклатура) (создание)
        ИмяАктивнойФормы: Справочник.НоменклатураПрисоединенныеФайлы.ФормаОбъекта
        ИмяФичи: Дымовые тесты
        ИмяСценария: Запись нового "справочника НоменклатураПрисоединенныеФайлы"
        НомерСтрокиДерева: 1 077
        НомерСтрокиФичи: 1 311
        ПолныйПутьКФиче: e:\vanessa\corp\features\beforeRelease\0001. Справочники.ЗаписьНового.feature
        ИмяФайла: e:\vanessa\vanessa-automation\features\Libraries\UITestRunner\step_definitions\РаботаСИнтерфейсом.epf
        ИмяПроцедуры: ВПолеЯВвожуТекст
        ИмяРаннера: ts1scont
        ТипПлатформы: Windows x86
        ТипКлиентаТестирования: Тонкий
        СтрокаСоединения: File="e:\vanessa\corp\features\tools\ServiceBases\Bases\v83CORP";
        PIDКлиентаТестирования: 3680
        ВерсияVA: ver 1.2.038.1
        ВерсияПлатформы: 8.3.19.1229
        РежимСовместимостиTestManager: Версия8_3_18
        ДатаВремяОшибки: 19.08.2022 11:28:05
</error>
			<system-out>[[ATTACHMENT|/tools/ServiceBases/ScreenShots/b9d0119f-14c4-4266-bbc7-3388d24589ff-attachment.png]]</system-out>
		</testcase>
		<testcase name="Запись нового &quot;справочника НомераГТД&quot;" classname="Дымовые тесты" time="7.286">
			<error>Элемента формы с именем &lt;Наименование&gt; не найдено.

{ВнешняяОбработка.VanessaAutomation.Форма.УправляемаяФорма.Форма(6328)}:

Технические данные:
        ЗаголовокАктивногоОкна: Номера ГТД (создание)
        ИмяАктивнойФормы: Справочник.НомераГТД.ФормаОбъекта
        ИмяФичи: Дымовые тесты
        ИмяСценария: Запись нового "справочника НомераГТД"
        НомерСтрокиДерева: 1 090
        НомерСтрокиФичи: 1 327
        ПолныйПутьКФиче: e:\vanessa\corp\features\beforeRelease\0001. Справочники.ЗаписьНового.feature
        ИмяФайла: e:\vanessa\vanessa-automation\features\Libraries\Условие\step_definitions\Условие.epf
        ИмяПроцедуры: ЭлементДоступенНеТолькоДляПросмотраТогда
        ИмяРаннера: ts1scont
        ТипПлатформы: Windows x86
        ТипКлиентаТестирования: Тонкий
        СтрокаСоединения: File="e:\vanessa\corp\features\tools\ServiceBases\Bases\v83CORP";
        PIDКлиентаТестирования: 3680
        ВерсияVA: ver 1.2.038.1
        ВерсияПлатформы: 8.3.19.1229
        РежимСовместимостиTestManager: Версия8_3_18
        ДатаВремяОшибки: 19.08.2022 11:28:16
</error>
			<system-out>[[ATTACHMENT|/tools/ServiceBases/ScreenShots/3a72e9a0-f25c-4bca-85be-d15c11f05f03-attachment.png]]</system-out>
		</testcase>
		<testcase name="Запись нового &quot;справочника ОснованияУвольненияИзОрганизации&quot;" classname="Дымовые тесты" time="8.696">
			<error>Элемента формы с заголовком &lt;Наименование&gt; не найдено.

{ВнешняяОбработка.РаботаСИнтерфейсом.Форма.Форма.Форма(3744)}:
{ВнешняяОбработка.VanessaAutomation.Форма.УправляемаяФорма.Форма(6328)}:

Технические данные:
        ЗаголовокАктивногоОкна: Основания увольнения (статьи ТК РМ) (создание)
        ИмяАктивнойФормы: Справочник.ОснованияУвольненияИзОрганизации.Форма.ФормаЭлементаУФ
        ИмяФичи: Дымовые тесты
        ИмяСценария: Запись нового "справочника ОснованияУвольненияИзОрганизации"
        НомерСтрокиДерева: 1 105
        НомерСтрокиФичи: 1 345
        ПолныйПутьКФиче: e:\vanessa\corp\features\beforeRelease\0001. Справочники.ЗаписьНового.feature
        ИмяФайла: e:\vanessa\vanessa-automation\features\Libraries\UITestRunner\step_definitions\РаботаСИнтерфейсом.epf
        ИмяПроцедуры: ВПолеЯВвожуТекст
        ИмяРаннера: ts1scont
        ТипПлатформы: Windows x86
        ТипКлиентаТестирования: Тонкий
        СтрокаСоединения: File="e:\vanessa\corp\features\tools\ServiceBases\Bases\v83CORP";
        PIDКлиентаТестирования: 3680
        ВерсияVA: ver 1.2.038.1
        ВерсияПлатформы: 8.3.19.1229
        РежимСовместимостиTestManager: Версия8_3_18
        ДатаВремяОшибки: 19.08.2022 11:28:28
</error>
			<system-out>[[ATTACHMENT|/tools/ServiceBases/ScreenShots/0e8d3193-93eb-48d8-94a8-bead5e08c2c9-attachment.png]]</system-out>
		</testcase>
		<testcase name="Запись нового &quot;справочника ОсновныеСредства&quot;" classname="Дымовые тесты" time="4.109"/>
		<testcase name="Запись нового &quot;справочника ПараметрыРасчетов&quot;" classname="Дымовые тесты" time="14.347">
			<error>Ожидали в течение &lt;10&gt; секунд закрытия формы &lt;Справочник.ПараметрыРасчетов.Форма.ФормаЭлемента&gt;.

Технические данные:
        ЗаголовокАктивногоОкна: Параметр расчетов (создание) *
        ИмяАктивнойФормы: Справочник.ПараметрыРасчетов.Форма.ФормаЭлемента
        ИмяФичи: Дымовые тесты
        ИмяСценария: Запись нового "справочника ПараметрыРасчетов"
        НомерСтрокиДерева: 1 139
        НомерСтрокиФичи: 1 385
        ПолныйПутьКФиче: e:\vanessa\corp\features\beforeRelease\0001. Справочники.ЗаписьНового.feature
        ИмяФайла: e:\vanessa\vanessa-automation\features\Libraries\UITestRunner\step_definitions\РаботаСИнтерфейсом.epf
        ИмяПроцедуры: ЯЖдуЗакрытияФормыСИменемВТечениеСекунд
        ИмяРаннера: ts1scont
        ТипПлатформы: Windows x86
        ТипКлиентаТестирования: Тонкий
        СтрокаСоединения: File="e:\vanessa\corp\features\tools\ServiceBases\Bases\v83CORP";
        PIDКлиентаТестирования: 3680
        ВерсияVA: ver 1.2.038.1
        ВерсияПлатформы: 8.3.19.1229
        РежимСовместимостиTestManager: Версия8_3_18
        ДатаВремяОшибки: 19.08.2022 11:28:51</error>
			<system-out>[[ATTACHMENT|/tools/ServiceBases/ScreenShots/e9e77627-42dc-40bb-85bd-ec305d255ddf-attachment.png]]</system-out>
		</testcase>
		<testcase name="Запись нового &quot;справочника Платежи&quot;" classname="Дымовые тесты" time="6.046">
			<error>Ошибка при вызове метода контекста (ВвестиТекст): Неподходящий тип элемента управления для вызванного действия.

{ВнешняяОбработка.РаботаСИнтерфейсом.Форма.Форма.Форма(3744)}:
{ВнешняяОбработка.VanessaAutomation.Форма.УправляемаяФорма.Форма(6580)}:

Технические данные:
        ЗаголовокАктивногоОкна: Назначение платежей (создание)
        ИмяАктивнойФормы: Справочник.Платежи.ФормаОбъекта
        ИмяФичи: Дымовые тесты
        ИмяСценария: Запись нового "справочника Платежи"
        НомерСтрокиДерева: 1 147
        НомерСтрокиФичи: 1 396
        ПолныйПутьКФиче: e:\vanessa\corp\features\beforeRelease\0001. Справочники.ЗаписьНового.feature
        ИмяФайла: e:\vanessa\vanessa-automation\features\Libraries\UITestRunner\step_definitions\РаботаСИнтерфейсом.epf
        ИмяПроцедуры: ВПолеЯВвожуТекст
        ИмяРаннера: ts1scont
        ТипПлатформы: Windows x86
        ТипКлиентаТестирования: Тонкий
        СтрокаСоединения: File="e:\vanessa\corp\features\tools\ServiceBases\Bases\v83CORP";
        PIDКлиентаТестирования: 3680
        ВерсияVA: ver 1.2.038.1
        ВерсияПлатформы: 8.3.19.1229
        РежимСовместимостиTestManager: Версия8_3_18
        ДатаВремяОшибки: 19.08.2022 11:29:00
</error>
			<system-out>[[ATTACHMENT|/tools/ServiceBases/ScreenShots/2476b9cd-fb61-446a-ae15-3f9e8de28c73-attachment.png]]</system-out>
		</testcase>
		<testcase name="Запись нового &quot;справочника Подразделения&quot;" classname="Дымовые тесты" time="3.985"/>
		<testcase name="Запись нового &quot;справочника НалоговоеПодразделение&quot;" classname="Дымовые тесты" time="4.117"/>
		<testcase name="Запись нового &quot;справочника Пользователи&quot;" classname="Дымовые тесты" time="7.714">
			<error>Элемента формы с заголовком &lt;Наименование&gt; не найдено.

{ВнешняяОбработка.РаботаСИнтерфейсом.Форма.Форма.Форма(3744)}:
{ВнешняяОбработка.VanessaAutomation.Форма.УправляемаяФорма.Форма(6328)}:

Технические данные:
        ЗаголовокАктивногоОкна: Пользователи (создание)
        ИмяАктивнойФормы: Справочник.Пользователи.Форма.ФормаЭлементаУФ
        ИмяФичи: Дымовые тесты
        ИмяСценария: Запись нового "справочника Пользователи"
        НомерСтрокиДерева: 1 189
        НомерСтрокиФичи: 1 447
        ПолныйПутьКФиче: e:\vanessa\corp\features\beforeRelease\0001. Справочники.ЗаписьНового.feature
        ИмяФайла: e:\vanessa\vanessa-automation\features\Libraries\UITestRunner\step_definitions\РаботаСИнтерфейсом.epf
        ИмяПроцедуры: ВПолеЯВвожуТекст
        ИмяРаннера: ts1scont
        ТипПлатформы: Windows x86
        ТипКлиентаТестирования: Тонкий
        СтрокаСоединения: File="e:\vanessa\corp\features\tools\ServiceBases\Bases\v83CORP";
        PIDКлиентаТестирования: 3680
        ВерсияVA: ver 1.2.038.1
        ВерсияПлатформы: 8.3.19.1229
        РежимСовместимостиTestManager: Версия8_3_18
        ДатаВремяОшибки: 19.08.2022 11:29:22
</error>
			<system-out>[[ATTACHMENT|/tools/ServiceBases/ScreenShots/ea4cc63a-ba68-4833-ba62-b1ec711f4367-attachment.png]]</system-out>
		</testcase>
		<testcase name="Запись нового &quot;справочника ПрибылиИУбытки&quot;" classname="Дымовые тесты" time="5.481">
			<error>Ошибка при вызове метода контекста (ВвестиТекст): Неподходящий тип элемента управления для вызванного действия.

{ВнешняяОбработка.РаботаСИнтерфейсом.Форма.Форма.Форма(3744)}:
{ВнешняяОбработка.VanessaAutomation.Форма.УправляемаяФорма.Форма(6580)}:

Технические данные:
        ЗаголовокАктивногоОкна: Прибыли и убытки (создание)
        ИмяАктивнойФормы: Справочник.ПрибылиИУбытки.ФормаОбъекта
        ИмяФичи: Дымовые тесты
        ИмяСценария: Запись нового "справочника ПрибылиИУбытки"
        НомерСтрокиДерева: 1 203
        НомерСтрокиФичи: 1 464
        ПолныйПутьКФиче: e:\vanessa\corp\features\beforeRelease\0001. Справочники.ЗаписьНового.feature
        ИмяФайла: e:\vanessa\vanessa-automation\features\Libraries\UITestRunner\step_definitions\РаботаСИнтерфейсом.epf
        ИмяПроцедуры: ВПолеЯВвожуТекст
        ИмяРаннера: ts1scont
        ТипПлатформы: Windows x86
        ТипКлиентаТестирования: Тонкий
        СтрокаСоединения: File="e:\vanessa\corp\features\tools\ServiceBases\Bases\v83CORP";
        PIDКлиентаТестирования: 3680
        ВерсияVA: ver 1.2.038.1
        ВерсияПлатформы: 8.3.19.1229
        РежимСовместимостиTestManager: Версия8_3_18
        ДатаВремяОшибки: 19.08.2022 11:29:32
</error>
			<system-out>[[ATTACHMENT|/tools/ServiceBases/ScreenShots/35c5bae2-a6bf-4431-98b6-81ffd5e760bb-attachment.png]]</system-out>
		</testcase>
		<testcase name="Запись нового &quot;справочника ПричинаУвольнения&quot;" classname="Дымовые тесты" time="5.368">
			<error>Ошибка при вызове метода контекста (ВвестиТекст): Неподходящий тип элемента управления для вызванного действия.

{ВнешняяОбработка.РаботаСИнтерфейсом.Форма.Форма.Форма(3744)}:
{ВнешняяОбработка.VanessaAutomation.Форма.УправляемаяФорма.Форма(6580)}:

Технические данные:
        ЗаголовокАктивногоОкна: Причина увольнения (создание)
        ИмяАктивнойФормы: Справочник.ПричинаУвольнения.ФормаОбъекта
        ИмяФичи: Дымовые тесты
        ИмяСценария: Запись нового "справочника ПричинаУвольнения"
        НомерСтрокиДерева: 1 217
        НомерСтрокиФичи: 1 481
        ПолныйПутьКФиче: e:\vanessa\corp\features\beforeRelease\0001. Справочники.ЗаписьНового.feature
        ИмяФайла: e:\vanessa\vanessa-automation\features\Libraries\UITestRunner\step_definitions\РаботаСИнтерфейсом.epf
        ИмяПроцедуры: ВПолеЯВвожуТекст
        ИмяРаннера: ts1scont
        ТипПлатформы: Windows x86
        ТипКлиентаТестирования: Тонкий
        СтрокаСоединения: File="e:\vanessa\corp\features\tools\ServiceBases\Bases\v83CORP";
        PIDКлиентаТестирования: 3680
        ВерсияVA: ver 1.2.038.1
        ВерсияПлатформы: 8.3.19.1229
        РежимСовместимостиTestManager: Версия8_3_18
        ДатаВремяОшибки: 19.08.2022 11:29:41
</error>
			<system-out>[[ATTACHMENT|/tools/ServiceBases/ScreenShots/6cc8f9d5-7bce-4f5b-8f4d-f6b2dfdbfe11-attachment.png]]</system-out>
		</testcase>
		<testcase name="Запись нового &quot;справочника Проекты&quot;" classname="Дымовые тесты" time="4.009"/>
		<testcase name="Запись нового &quot;справочника РасходыБудущихПериодов&quot;" classname="Дымовые тесты" time="4.135"/>
		<testcase name="Запись нового &quot;справочника РасходыПоДоставке&quot;" classname="Дымовые тесты" time="5.072">
			<error>Ошибка при вызове метода контекста (ВвестиТекст): Неподходящий тип элемента управления для вызванного действия.

{ВнешняяОбработка.РаботаСИнтерфейсом.Форма.Форма.Форма(3744)}:
{ВнешняяОбработка.VanessaAutomation.Форма.УправляемаяФорма.Форма(6580)}:

Технические данные:
        ЗаголовокАктивногоОкна: Расходы по доставке (создание)
        ИмяАктивнойФормы: Справочник.РасходыПоДоставке.ФормаОбъекта
        ИмяФичи: Дымовые тесты
        ИмяСценария: Запись нового "справочника РасходыПоДоставке"
        НомерСтрокиДерева: 1 259
        НомерСтрокиФичи: 1 532
        ПолныйПутьКФиче: e:\vanessa\corp\features\beforeRelease\0001. Справочники.ЗаписьНового.feature
        ИмяФайла: e:\vanessa\vanessa-automation\features\Libraries\UITestRunner\step_definitions\РаботаСИнтерфейсом.epf
        ИмяПроцедуры: ВПолеЯВвожуТекст
        ИмяРаннера: ts1scont
        ТипПлатформы: Windows x86
        ТипКлиентаТестирования: Тонкий
        СтрокаСоединения: File="e:\vanessa\corp\features\tools\ServiceBases\Bases\v83CORP";
        PIDКлиентаТестирования: 3680
        ВерсияVA: ver 1.2.038.1
        ВерсияПлатформы: 8.3.19.1229
        РежимСовместимостиTestManager: Версия8_3_18
        ДатаВремяОшибки: 19.08.2022 11:29:59
</error>
			<system-out>[[ATTACHMENT|/tools/ServiceBases/ScreenShots/2300e108-f6c0-43bc-98bd-40cf9e95fd12-attachment.png]]</system-out>
		</testcase>
		<testcase name="Запись нового &quot;справочника РасчетныеСчета&quot;" classname="Дымовые тесты" time="14.507">
			<error>Ожидали в течение &lt;10&gt; секунд закрытия формы &lt;Справочник.РасчетныеСчета.Форма.ФормаЭлементаУФ&gt;.

Технические данные:
        ЗаголовокАктивногоОкна: Расчетные счета (создание) *
        ИмяАктивнойФормы: Справочник.РасчетныеСчета.Форма.ФормаЭлементаУФ
        ИмяФичи: Дымовые тесты
        ИмяСценария: Запись нового "справочника РасчетныеСчета"
        НомерСтрокиДерева: 1 279
        НомерСтрокиФичи: 1 555
        ПолныйПутьКФиче: e:\vanessa\corp\features\beforeRelease\0001. Справочники.ЗаписьНового.feature
        ИмяФайла: e:\vanessa\vanessa-automation\features\Libraries\UITestRunner\step_definitions\РаботаСИнтерфейсом.epf
        ИмяПроцедуры: ЯЖдуЗакрытияФормыСИменемВТечениеСекунд
        ИмяРаннера: ts1scont
        ТипПлатформы: Windows x86
        ТипКлиентаТестирования: Тонкий
        СтрокаСоединения: File="e:\vanessa\corp\features\tools\ServiceBases\Bases\v83CORP";
        PIDКлиентаТестирования: 3680
        ВерсияVA: ver 1.2.038.1
        ВерсияПлатформы: 8.3.19.1229
        РежимСовместимостиTestManager: Версия8_3_18
        ДатаВремяОшибки: 19.08.2022 11:30:18</error>
			<system-out>[[ATTACHMENT|/tools/ServiceBases/ScreenShots/74a6fef3-a8af-41d2-a110-7f6114635b17-attachment.png]]</system-out>
		</testcase>
		<testcase name="Запись нового &quot;справочника РасчетныеСчетаФирмы&quot;" classname="Дымовые тесты" time="3.934"/>
		<testcase name="Запись нового &quot;справочника РегламентированныеОтчеты&quot;" classname="Дымовые тесты" time="3.743"/>
		<testcase name="Запись нового &quot;справочника Склады&quot;" classname="Дымовые тесты" time="14.871">
			<error>Ожидали в течение &lt;10&gt; секунд закрытия формы &lt;Справочник.Склады.Форма.ФормаЭлементаУФ&gt;.

Технические данные:
        ЗаголовокАктивногоОкна: 1С:Предприятие
        ИмяАктивнойФормы: ErrorWindow
        ИмяФичи: Дымовые тесты
        ИмяСценария: Запись нового "справочника Склады"
        НомерСтрокиДерева: 1 321
        НомерСтрокиФичи: 1 606
        ПолныйПутьКФиче: e:\vanessa\corp\features\beforeRelease\0001. Справочники.ЗаписьНового.feature
        ИмяФайла: e:\vanessa\vanessa-automation\features\Libraries\UITestRunner\step_definitions\РаботаСИнтерфейсом.epf
        ИмяПроцедуры: ЯЖдуЗакрытияФормыСИменемВТечениеСекунд
        ИмяРаннера: ts1scont
        ТипПлатформы: Windows x86
        ТипКлиентаТестирования: Тонкий
        СтрокаСоединения: File="e:\vanessa\corp\features\tools\ServiceBases\Bases\v83CORP";
        PIDКлиентаТестирования: 3680
        ВерсияVA: ver 1.2.038.1
        ВерсияПлатформы: 8.3.19.1229
        РежимСовместимостиTestManager: Версия8_3_18
        ДатаВремяОшибки: 19.08.2022 11:30:47
Текст модального окна:
    Не удалось записать: "Склады (места хранения)"!</error>
			<system-out>[[ATTACHMENT|/tools/ServiceBases/ScreenShots/9170a71d-2dec-4947-b6ac-29fffda128c1-attachment.png]]</system-out>
		</testcase>
		<testcase name="Запись нового &quot;справочника Смены&quot;" classname="Дымовые тесты" time="4.711">
			<error>Ошибка при вызове метода контекста (ВвестиТекст): Неподходящий тип элемента управления для вызванного действия.

{ВнешняяОбработка.РаботаСИнтерфейсом.Форма.Форма.Форма(3744)}:
{ВнешняяОбработка.VanessaAutomation.Форма.УправляемаяФорма.Форма(6580)}:

Технические данные:
        ЗаголовокАктивногоОкна: Смены (создание)
        ИмяАктивнойФормы: Справочник.Смены.ФормаОбъекта
        ИмяФичи: Дымовые тесты
        ИмяСценария: Запись нового "справочника Смены"
        НомерСтрокиДерева: 1 329
        НомерСтрокиФичи: 1 617
        ПолныйПутьКФиче: e:\vanessa\corp\features\beforeRelease\0001. Справочники.ЗаписьНового.feature
        ИмяФайла: e:\vanessa\vanessa-automation\features\Libraries\UITestRunner\step_definitions\РаботаСИнтерфейсом.epf
        ИмяПроцедуры: ВПолеЯВвожуТекст
        ИмяРаннера: ts1scont
        ТипПлатформы: Windows x86
        ТипКлиентаТестирования: Тонкий
        СтрокаСоединения: File="e:\vanessa\corp\features\tools\ServiceBases\Bases\v83CORP";
        PIDКлиентаТестирования: 3680
        ВерсияVA: ver 1.2.038.1
        ВерсияПлатформы: 8.3.19.1229
        РежимСовместимостиTestManager: Версия8_3_18
        ДатаВремяОшибки: 19.08.2022 11:30:59
</error>
			<system-out>[[ATTACHMENT|/tools/ServiceBases/ScreenShots/2f3adaa0-91ce-43c5-b08e-05af4a032d2d-attachment.png]]</system-out>
		</testcase>
		<testcase name="Запись нового &quot;справочника Сотрудники&quot;" classname="Дымовые тесты" time="8.15">
			<error>Элемента формы с заголовком &lt;Наименование&gt; не найдено.

{ВнешняяОбработка.РаботаСИнтерфейсом.Форма.Форма.Форма(3744)}:
{ВнешняяОбработка.VanessaAutomation.Форма.УправляемаяФорма.Форма(6328)}:

Технические данные:
        ЗаголовокАктивногоОкна: Сотрудники: Сотрудники (создание)
        ИмяАктивнойФормы: Справочник.Сотрудники.Форма.ФормаЭлементаРасширеннаяУФ
        ИмяФичи: Дымовые тесты
        ИмяСценария: Запись нового "справочника Сотрудники"
        НомерСтрокиДерева: 1 343
        НомерСтрокиФичи: 1 634
        ПолныйПутьКФиче: e:\vanessa\corp\features\beforeRelease\0001. Справочники.ЗаписьНового.feature
        ИмяФайла: e:\vanessa\vanessa-automation\features\Libraries\UITestRunner\step_definitions\РаботаСИнтерфейсом.epf
        ИмяПроцедуры: ВПолеЯВвожуТекст
        ИмяРаннера: ts1scont
        ТипПлатформы: Windows x86
        ТипКлиентаТестирования: Тонкий
        СтрокаСоединения: File="e:\vanessa\corp\features\tools\ServiceBases\Bases\v83CORP";
        PIDКлиентаТестирования: 3680
        ВерсияVA: ver 1.2.038.1
        ВерсияПлатформы: 8.3.19.1229
        РежимСовместимостиTestManager: Версия8_3_18
        ДатаВремяОшибки: 19.08.2022 11:31:11
</error>
			<system-out>[[ATTACHMENT|/tools/ServiceBases/ScreenShots/dcfc9926-be69-4d50-94b1-75563f917b42-attachment.png]]</system-out>
		</testcase>
		<testcase name="Запись нового &quot;справочника СохраненныеНастройки&quot;" classname="Дымовые тесты" time="5.776">
			<error>Не удалось открыть форму справочника СохраненныеНастройки

{ВнешняяОбработка.Условие.Форма.Форма.Форма(263)}:

Технические данные:
        ЗаголовокАктивногоОкна: 1С:Предприятие
        ИмяАктивнойФормы: ErrorWindow
        ИмяФичи: Дымовые тесты
        ИмяСценария: Запись нового "справочника СохраненныеНастройки"
        НомерСтрокиДерева: 1 353
        НомерСтрокиФичи: 1 647
        ПолныйПутьКФиче: e:\vanessa\corp\features\beforeRelease\0001. Справочники.ЗаписьНового.feature
        ИмяФайла: e:\vanessa\vanessa-automation\features\Libraries\Условие\step_definitions\Условие.epf
        ИмяПроцедуры: ЯВызываюИсключение
        ИмяРаннера: ts1scont
        ТипПлатформы: Windows x86
        ТипКлиентаТестирования: Тонкий
        СтрокаСоединения: File="e:\vanessa\corp\features\tools\ServiceBases\Bases\v83CORP";
        PIDКлиентаТестирования: 3680
        ВерсияVA: ver 1.2.038.1
        ВерсияПлатформы: 8.3.19.1229
        РежимСовместимостиTestManager: Версия8_3_18
        ДатаВремяОшибки: 19.08.2022 11:31:21
Текст модального окна:
    К сожалению, возникла непредвиденная ошибка  Попробуйте повторить операцию. Если ошибка повторится, попробуйте перезапустить приложение или обратитесь к администратору приложения или техническому специалисту.
</error>
			<system-out>[[ATTACHMENT|/tools/ServiceBases/ScreenShots/285f042d-8201-4700-9c87-d5d6b4497304-attachment.png]]</system-out>
		</testcase>
		<testcase name="Запись нового &quot;справочника СпецификацииНоменклатуры&quot;" classname="Дымовые тесты" time="4.68">
			<error>Ошибка при вызове метода контекста (ВвестиТекст): Неподходящий тип элемента управления для вызванного действия.

{ВнешняяОбработка.РаботаСИнтерфейсом.Форма.Форма.Форма(3744)}:
{ВнешняяОбработка.VanessaAutomation.Форма.УправляемаяФорма.Форма(6580)}:

Технические данные:
        ЗаголовокАктивногоОкна: Спецификации номенклатуры (создание)
        ИмяАктивнойФормы: Справочник.СпецификацииНоменклатуры.ФормаОбъекта
        ИмяФичи: Дымовые тесты
        ИмяСценария: Запись нового "справочника СпецификацииНоменклатуры"
        НомерСтрокиДерева: 1 371
        НомерСтрокиФичи: 1 668
        ПолныйПутьКФиче: e:\vanessa\corp\features\beforeRelease\0001. Справочники.ЗаписьНового.feature
        ИмяФайла: e:\vanessa\vanessa-automation\features\Libraries\UITestRunner\step_definitions\РаботаСИнтерфейсом.epf
        ИмяПроцедуры: ВПолеЯВвожуТекст
        ИмяРаннера: ts1scont
        ТипПлатформы: Windows x86
        ТипКлиентаТестирования: Тонкий
        СтрокаСоединения: File="e:\vanessa\corp\features\tools\ServiceBases\Bases\v83CORP";
        PIDКлиентаТестирования: 3680
        ВерсияVA: ver 1.2.038.1
        ВерсияПлатформы: 8.3.19.1229
        РежимСовместимостиTestManager: Версия8_3_18
        ДатаВремяОшибки: 19.08.2022 11:31:33
</error>
			<system-out>[[ATTACHMENT|/tools/ServiceBases/ScreenShots/be33f424-02bb-47f2-8eb0-746ba028ae07-attachment.png]]</system-out>
		</testcase>
		<testcase name="Запись нового &quot;справочника СпособыОтраженияЗарплатыВБухучете&quot;" classname="Дымовые тесты" time="14.486">
			<error>Ожидали в течение &lt;10&gt; секунд закрытия формы &lt;Справочник.СпособыОтраженияЗарплатыВБухучете.Форма.ФормаЭлементаУФ&gt;.

Технические данные:
        ЗаголовокАктивногоОкна: Способы отражения зарплаты в бухучете (создание) *
        ИмяАктивнойФормы: Справочник.СпособыОтраженияЗарплатыВБухучете.Форма.ФормаЭлементаУФ
        ИмяФичи: Дымовые тесты
        ИмяСценария: Запись нового "справочника СпособыОтраженияЗарплатыВБухучете"
        НомерСтрокиДерева: 1 391
        НомерСтрокиФичи: 1 691
        ПолныйПутьКФиче: e:\vanessa\corp\features\beforeRelease\0001. Справочники.ЗаписьНового.feature
        ИмяФайла: e:\vanessa\vanessa-automation\features\Libraries\UITestRunner\step_definitions\РаботаСИнтерфейсом.epf
        ИмяПроцедуры: ЯЖдуЗакрытияФормыСИменемВТечениеСекунд
        ИмяРаннера: ts1scont
        ТипПлатформы: Windows x86
        ТипКлиентаТестирования: Тонкий
        СтрокаСоединения: File="e:\vanessa\corp\features\tools\ServiceBases\Bases\v83CORP";
        PIDКлиентаТестирования: 3680
        ВерсияVA: ver 1.2.038.1
        ВерсияПлатформы: 8.3.19.1229
        РежимСовместимостиTestManager: Версия8_3_18
        ДатаВремяОшибки: 19.08.2022 11:31:51</error>
			<system-out>[[ATTACHMENT|/tools/ServiceBases/ScreenShots/b3264d3c-d251-4549-87fc-b08cee378144-attachment.png]]</system-out>
		</testcase>
		<testcase name="Запись нового &quot;справочника СтавкиНДС&quot;" classname="Дымовые тесты" time="3.989"/>
		<testcase name="Запись нового &quot;справочника Статьи5С_2011&quot;" classname="Дымовые тесты" time="4.744">
			<error>Ошибка при вызове метода контекста (ВвестиТекст): Неподходящий тип элемента управления для вызванного действия.

{ВнешняяОбработка.РаботаСИнтерфейсом.Форма.Форма.Форма(3744)}:
{ВнешняяОбработка.VanessaAutomation.Форма.УправляемаяФорма.Форма(6580)}:

Технические данные:
        ЗаголовокАктивногоОкна: Статьи по отчету 5С 2011 (создание)
        ИмяАктивнойФормы: Справочник.Статьи5С_2011.ФормаОбъекта
        ИмяФичи: Дымовые тесты
        ИмяСценария: Запись нового "справочника Статьи5С_2011"
        НомерСтрокиДерева: 1 413
        НомерСтрокиФичи: 1 719
        ПолныйПутьКФиче: e:\vanessa\corp\features\beforeRelease\0001. Справочники.ЗаписьНового.feature
        ИмяФайла: e:\vanessa\vanessa-automation\features\Libraries\UITestRunner\step_definitions\РаботаСИнтерфейсом.epf
        ИмяПроцедуры: ВПолеЯВвожуТекст
        ИмяРаннера: ts1scont
        ТипПлатформы: Windows x86
        ТипКлиентаТестирования: Тонкий
        СтрокаСоединения: File="e:\vanessa\corp\features\tools\ServiceBases\Bases\v83CORP";
        PIDКлиентаТестирования: 3680
        ВерсияVA: ver 1.2.038.1
        ВерсияПлатформы: 8.3.19.1229
        РежимСовместимостиTestManager: Версия8_3_18
        ДатаВремяОшибки: 19.08.2022 11:32:04
</error>
			<system-out>[[ATTACHMENT|/tools/ServiceBases/ScreenShots/883003de-834c-4ece-94ac-6e3a07b43faf-attachment.png]]</system-out>
		</testcase>
		<testcase name="Запись нового &quot;справочника Статьи5С_2014&quot;" classname="Дымовые тесты" time="5.29">
			<error>Ошибка при вызове метода контекста (ВвестиТекст): Неподходящий тип элемента управления для вызванного действия.

{ВнешняяОбработка.РаботаСИнтерфейсом.Форма.Форма.Форма(3744)}:
{ВнешняяОбработка.VanessaAutomation.Форма.УправляемаяФорма.Форма(6580)}:

Технические данные:
        ЗаголовокАктивногоОкна: Статьи по отчету 5-CI (создание)
        ИмяАктивнойФормы: Справочник.Статьи5С_2014.ФормаОбъекта
        ИмяФичи: Дымовые тесты
        ИмяСценария: Запись нового "справочника Статьи5С_2014"
        НомерСтрокиДерева: 1 427
        НомерСтрокиФичи: 1 736
        ПолныйПутьКФиче: e:\vanessa\corp\features\beforeRelease\0001. Справочники.ЗаписьНового.feature
        ИмяФайла: e:\vanessa\vanessa-automation\features\Libraries\UITestRunner\step_definitions\РаботаСИнтерфейсом.epf
        ИмяПроцедуры: ВПолеЯВвожуТекст
        ИмяРаннера: ts1scont
        ТипПлатформы: Windows x86
        ТипКлиентаТестирования: Тонкий
        СтрокаСоединения: File="e:\vanessa\corp\features\tools\ServiceBases\Bases\v83CORP";
        PIDКлиентаТестирования: 3680
        ВерсияVA: ver 1.2.038.1
        ВерсияПлатформы: 8.3.19.1229
        РежимСовместимостиTestManager: Версия8_3_18
        ДатаВремяОшибки: 19.08.2022 11:32:13
</error>
			<system-out>[[ATTACHMENT|/tools/ServiceBases/ScreenShots/24cd63fc-a1f9-43a2-94b1-110da967b3a1-attachment.png]]</system-out>
		</testcase>
		<testcase name="Запись нового &quot;справочника Статьи5С_2017&quot;" classname="Дымовые тесты" time="4.579">
			<error>Ошибка при вызове метода контекста (ВвестиТекст): Неподходящий тип элемента управления для вызванного действия.

{ВнешняяОбработка.РаботаСИнтерфейсом.Форма.Форма.Форма(3744)}:
{ВнешняяОбработка.VanessaAutomation.Форма.УправляемаяФорма.Форма(6580)}:

Технические данные:
        ЗаголовокАктивногоОкна: Статьи по отчету 5-CON (создание)
        ИмяАктивнойФормы: Справочник.Статьи5С_2017.ФормаОбъекта
        ИмяФичи: Дымовые тесты
        ИмяСценария: Запись нового "справочника Статьи5С_2017"
        НомерСтрокиДерева: 1 441
        НомерСтрокиФичи: 1 753
        ПолныйПутьКФиче: e:\vanessa\corp\features\beforeRelease\0001. Справочники.ЗаписьНового.feature
        ИмяФайла: e:\vanessa\vanessa-automation\features\Libraries\UITestRunner\step_definitions\РаботаСИнтерфейсом.epf
        ИмяПроцедуры: ВПолеЯВвожуТекст
        ИмяРаннера: ts1scont
        ТипПлатформы: Windows x86
        ТипКлиентаТестирования: Тонкий
        СтрокаСоединения: File="e:\vanessa\corp\features\tools\ServiceBases\Bases\v83CORP";
        PIDКлиентаТестирования: 3680
        ВерсияVA: ver 1.2.038.1
        ВерсияПлатформы: 8.3.19.1229
        РежимСовместимостиTestManager: Версия8_3_18
        ДатаВремяОшибки: 19.08.2022 11:32:21
</error>
			<system-out>[[ATTACHMENT|/tools/ServiceBases/ScreenShots/5d86fbed-3f76-4038-b78e-26e8387a563b-attachment.png]]</system-out>
		</testcase>
		<testcase name="Запись нового &quot;справочника СтатьиЗатратЗаложенныеБюджетом&quot;" classname="Дымовые тесты" time="3.372"/>
		<testcase name="Запись нового &quot;справочника Столы&quot;" classname="Дымовые тесты" time="5.562">
			<error>Ошибка при вызове метода контекста (ВвестиТекст): Неподходящий тип элемента управления для вызванного действия.

{ВнешняяОбработка.РаботаСИнтерфейсом.Форма.Форма.Форма(3744)}:
{ВнешняяОбработка.VanessaAutomation.Форма.УправляемаяФорма.Форма(6580)}:

Технические данные:
        ЗаголовокАктивногоОкна: Столы (создание)
        ИмяАктивнойФормы: Справочник.Столы.ФормаОбъекта
        ИмяФичи: Дымовые тесты
        ИмяСценария: Запись нового "справочника Столы"
        НомерСтрокиДерева: 1 469
        НомерСтрокиФичи: 1 787
        ПолныйПутьКФиче: e:\vanessa\corp\features\beforeRelease\0001. Справочники.ЗаписьНового.feature
        ИмяФайла: e:\vanessa\vanessa-automation\features\Libraries\UITestRunner\step_definitions\РаботаСИнтерфейсом.epf
        ИмяПроцедуры: ВПолеЯВвожуТекст
        ИмяРаннера: ts1scont
        ТипПлатформы: Windows x86
        ТипКлиентаТестирования: Тонкий
        СтрокаСоединения: File="e:\vanessa\corp\features\tools\ServiceBases\Bases\v83CORP";
        PIDКлиентаТестирования: 3680
        ВерсияVA: ver 1.2.038.1
        ВерсияПлатформы: 8.3.19.1229
        РежимСовместимостиTestManager: Версия8_3_18
        ДатаВремяОшибки: 19.08.2022 11:32:35
</error>
			<system-out>[[ATTACHMENT|/tools/ServiceBases/ScreenShots/d50534a8-0cae-4010-8fe5-4e1487581914-attachment.png]]</system-out>
		</testcase>
		<testcase name="Запись нового &quot;справочника СценарииОбменовДанными&quot;" classname="Дымовые тесты" time="2.641">
			<error>Поле "Наименование" доступен только для просмотра Справочник.СценарииОбменовДанными.Форма.ФормаЭлемента

{ВнешняяОбработка.Условие.Форма.Форма.Форма(263)}:

Технические данные:
        ЗаголовокАктивногоОкна: Сценарий обмена данными (создание)
        ИмяАктивнойФормы: Справочник.СценарииОбменовДанными.Форма.ФормаЭлемента
        ИмяФичи: Дымовые тесты
        ИмяСценария: Запись нового "справочника СценарииОбменовДанными"
        НомерСтрокиДерева: 1 485
        НомерСтрокиФичи: 1 806
        ПолныйПутьКФиче: e:\vanessa\corp\features\beforeRelease\0001. Справочники.ЗаписьНового.feature
        ИмяФайла: e:\vanessa\vanessa-automation\features\Libraries\Условие\step_definitions\Условие.epf
        ИмяПроцедуры: ЯВызываюИсключение
        ИмяРаннера: ts1scont
        ТипПлатформы: Windows x86
        ТипКлиентаТестирования: Тонкий
        СтрокаСоединения: File="e:\vanessa\corp\features\tools\ServiceBases\Bases\v83CORP";
        PIDКлиентаТестирования: 3680
        ВерсияVA: ver 1.2.038.1
        ВерсияПлатформы: 8.3.19.1229
        РежимСовместимостиTestManager: Версия8_3_18
        ДатаВремяОшибки: 19.08.2022 11:32:41
</error>
			<system-out>[[ATTACHMENT|/tools/ServiceBases/ScreenShots/9fbdff5a-5845-4448-8b67-f030adcb723e-attachment.png]]</system-out>
		</testcase>
		<testcase name="Запись нового &quot;справочника Счетчики&quot;" classname="Дымовые тесты" time="4.359">
			<error>Ошибка при вызове метода контекста (ВвестиТекст): Неподходящий тип элемента управления для вызванного действия.

{ВнешняяОбработка.РаботаСИнтерфейсом.Форма.Форма.Форма(3744)}:
{ВнешняяОбработка.VanessaAutomation.Форма.УправляемаяФорма.Форма(6580)}:

Технические данные:
        ЗаголовокАктивногоОкна: Счетчики (ЖКХ) (создание)
        ИмяАктивнойФормы: Справочник.Счетчики.ФормаОбъекта
        ИмяФичи: Дымовые тесты
        ИмяСценария: Запись нового "справочника Счетчики"
        НомерСтрокиДерева: 1 497
        НомерСтрокиФичи: 1 821
        ПолныйПутьКФиче: e:\vanessa\corp\features\beforeRelease\0001. Справочники.ЗаписьНового.feature
        ИмяФайла: e:\vanessa\vanessa-automation\features\Libraries\UITestRunner\step_definitions\РаботаСИнтерфейсом.epf
        ИмяПроцедуры: ВПолеЯВвожуТекст
        ИмяРаннера: ts1scont
        ТипПлатформы: Windows x86
        ТипКлиентаТестирования: Тонкий
        СтрокаСоединения: File="e:\vanessa\corp\features\tools\ServiceBases\Bases\v83CORP";
        PIDКлиентаТестирования: 3680
        ВерсияVA: ver 1.2.038.1
        ВерсияПлатформы: 8.3.19.1229
        РежимСовместимостиTestManager: Версия8_3_18
        ДатаВремяОшибки: 19.08.2022 11:32:50
</error>
			<system-out>[[ATTACHMENT|/tools/ServiceBases/ScreenShots/48088d00-304e-4b77-a11b-a1b7516db0e4-attachment.png]]</system-out>
		</testcase>
		<testcase name="Запись нового &quot;справочника ТаможенныеКоды&quot;" classname="Дымовые тесты" time="4.765">
			<error>Ошибка при вызове метода контекста (ВвестиТекст): Неподходящий тип элемента управления для вызванного действия.

{ВнешняяОбработка.РаботаСИнтерфейсом.Форма.Форма.Форма(3744)}:
{ВнешняяОбработка.VanessaAutomation.Форма.УправляемаяФорма.Форма(6580)}:

Технические данные:
        ЗаголовокАктивногоОкна: Таможенные коды (создание)
        ИмяАктивнойФормы: Справочник.ТаможенныеКоды.ФормаОбъекта
        ИмяФичи: Дымовые тесты
        ИмяСценария: Запись нового "справочника ТаможенныеКоды"
        НомерСтрокиДерева: 1 511
        НомерСтрокиФичи: 1 838
        ПолныйПутьКФиче: e:\vanessa\corp\features\beforeRelease\0001. Справочники.ЗаписьНового.feature
        ИмяФайла: e:\vanessa\vanessa-automation\features\Libraries\UITestRunner\step_definitions\РаботаСИнтерфейсом.epf
        ИмяПроцедуры: ВПолеЯВвожуТекст
        ИмяРаннера: ts1scont
        ТипПлатформы: Windows x86
        ТипКлиентаТестирования: Тонкий
        СтрокаСоединения: File="e:\vanessa\corp\features\tools\ServiceBases\Bases\v83CORP";
        PIDКлиентаТестирования: 3680
        ВерсияVA: ver 1.2.038.1
        ВерсияПлатформы: 8.3.19.1229
        РежимСовместимостиTestManager: Версия8_3_18
        ДатаВремяОшибки: 19.08.2022 11:32:59
</error>
			<system-out>[[ATTACHMENT|/tools/ServiceBases/ScreenShots/4ecf8666-b347-4c78-9594-1b46777ab7d6-attachment.png]]</system-out>
		</testcase>
		<testcase name="Запись нового &quot;справочника ТаможенныеТарифы&quot;" classname="Дымовые тесты" time="5.359">
			<error>Ошибка при вызове метода контекста (ВвестиТекст): Неподходящий тип элемента управления для вызванного действия.

{ВнешняяОбработка.РаботаСИнтерфейсом.Форма.Форма.Форма(3744)}:
{ВнешняяОбработка.VanessaAutomation.Форма.УправляемаяФорма.Форма(6580)}:

Технические данные:
        ЗаголовокАктивногоОкна: Таможенные тарифы (создание)
        ИмяАктивнойФормы: Справочник.ТаможенныеТарифы.ФормаОбъекта
        ИмяФичи: Дымовые тесты
        ИмяСценария: Запись нового "справочника ТаможенныеТарифы"
        НомерСтрокиДерева: 1 525
        НомерСтрокиФичи: 1 855
        ПолныйПутьКФиче: e:\vanessa\corp\features\beforeRelease\0001. Справочники.ЗаписьНового.feature
        ИмяФайла: e:\vanessa\vanessa-automation\features\Libraries\UITestRunner\step_definitions\РаботаСИнтерфейсом.epf
        ИмяПроцедуры: ВПолеЯВвожуТекст
        ИмяРаннера: ts1scont
        ТипПлатформы: Windows x86
        ТипКлиентаТестирования: Тонкий
        СтрокаСоединения: File="e:\vanessa\corp\features\tools\ServiceBases\Bases\v83CORP";
        PIDКлиентаТестирования: 3680
        ВерсияVA: ver 1.2.038.1
        ВерсияПлатформы: 8.3.19.1229
        РежимСовместимостиTestManager: Версия8_3_18
        ДатаВремяОшибки: 19.08.2022 11:33:08
</error>
			<system-out>[[ATTACHMENT|/tools/ServiceBases/ScreenShots/2e5f55a3-1e22-4e92-a81f-8923151c7cd0-attachment.png]]</system-out>
		</testcase>
		<testcase name="Запись нового &quot;справочника ТарифыЭА_ЗЛ&quot;" classname="Дымовые тесты" time="5.186">
			<error>Ошибка при вызове метода контекста (ВвестиТекст): Неподходящий тип элемента управления для вызванного действия.

{ВнешняяОбработка.РаботаСИнтерфейсом.Форма.Форма.Форма(3744)}:
{ВнешняяОбработка.VanessaAutomation.Форма.УправляемаяФорма.Форма(6580)}:

Технические данные:
        ЗаголовокАктивногоОкна: Тарифы Экон. агента и Застр. лица (создание)
        ИмяАктивнойФормы: Справочник.ТарифыЭА_ЗЛ.ФормаОбъекта
        ИмяФичи: Дымовые тесты
        ИмяСценария: Запись нового "справочника ТарифыЭА_ЗЛ"
        НомерСтрокиДерева: 1 539
        НомерСтрокиФичи: 1 872
        ПолныйПутьКФиче: e:\vanessa\corp\features\beforeRelease\0001. Справочники.ЗаписьНового.feature
        ИмяФайла: e:\vanessa\vanessa-automation\features\Libraries\UITestRunner\step_definitions\РаботаСИнтерфейсом.epf
        ИмяПроцедуры: ВПолеЯВвожуТекст
        ИмяРаннера: ts1scont
        ТипПлатформы: Windows x86
        ТипКлиентаТестирования: Тонкий
        СтрокаСоединения: File="e:\vanessa\corp\features\tools\ServiceBases\Bases\v83CORP";
        PIDКлиентаТестирования: 3680
        ВерсияVA: ver 1.2.038.1
        ВерсияПлатформы: 8.3.19.1229
        РежимСовместимостиTestManager: Версия8_3_18
        ДатаВремяОшибки: 19.08.2022 11:33:17
</error>
			<system-out>[[ATTACHMENT|/tools/ServiceBases/ScreenShots/c771f4a7-f284-4e84-ae4b-cc498c28374a-attachment.png]]</system-out>
		</testcase>
		<testcase name="Запись нового &quot;справочника ТипДокумента&quot;" classname="Дымовые тесты" time="5.37">
			<error>Ошибка при вызове метода контекста (ВвестиТекст): Неподходящий тип элемента управления для вызванного действия.

{ВнешняяОбработка.РаботаСИнтерфейсом.Форма.Форма.Форма(3744)}:
{ВнешняяОбработка.VanessaAutomation.Форма.УправляемаяФорма.Форма(6580)}:

Технические данные:
        ЗаголовокАктивногоОкна: Тип документа,удостоверяющего личность (создание)
        ИмяАктивнойФормы: Справочник.ТипДокумента.ФормаОбъекта
        ИмяФичи: Дымовые тесты
        ИмяСценария: Запись нового "справочника ТипДокумента"
        НомерСтрокиДерева: 1 553
        НомерСтрокиФичи: 1 889
        ПолныйПутьКФиче: e:\vanessa\corp\features\beforeRelease\0001. Справочники.ЗаписьНового.feature
        ИмяФайла: e:\vanessa\vanessa-automation\features\Libraries\UITestRunner\step_definitions\РаботаСИнтерфейсом.epf
        ИмяПроцедуры: ВПолеЯВвожуТекст
        ИмяРаннера: ts1scont
        ТипПлатформы: Windows x86
        ТипКлиентаТестирования: Тонкий
        СтрокаСоединения: File="e:\vanessa\corp\features\tools\ServiceBases\Bases\v83CORP";
        PIDКлиентаТестирования: 3680
        ВерсияVA: ver 1.2.038.1
        ВерсияПлатформы: 8.3.19.1229
        РежимСовместимостиTestManager: Версия8_3_18
        ДатаВремяОшибки: 19.08.2022 11:33:26
</error>
			<system-out>[[ATTACHMENT|/tools/ServiceBases/ScreenShots/70e5f29a-1bd6-4fb3-9aa6-25c1c210fc58-attachment.png]]</system-out>
		</testcase>
		<testcase name="Запись нового &quot;справочника ТиповыеОперации&quot;" classname="Дымовые тесты" time="5.461">
			<error>Ошибка при вызове метода контекста (ВвестиТекст): Неподходящий тип элемента управления для вызванного действия.

{ВнешняяОбработка.РаботаСИнтерфейсом.Форма.Форма.Форма(3744)}:
{ВнешняяОбработка.VanessaAutomation.Форма.УправляемаяФорма.Форма(6580)}:

Технические данные:
        ЗаголовокАктивногоОкна: Типовые операции (создание)
        ИмяАктивнойФормы: Справочник.ТиповыеОперации.ФормаОбъекта
        ИмяФичи: Дымовые тесты
        ИмяСценария: Запись нового "справочника ТиповыеОперации"
        НомерСтрокиДерева: 1 567
        НомерСтрокиФичи: 1 906
        ПолныйПутьКФиче: e:\vanessa\corp\features\beforeRelease\0001. Справочники.ЗаписьНового.feature
        ИмяФайла: e:\vanessa\vanessa-automation\features\Libraries\UITestRunner\step_definitions\РаботаСИнтерфейсом.epf
        ИмяПроцедуры: ВПолеЯВвожуТекст
        ИмяРаннера: ts1scont
        ТипПлатформы: Windows x86
        ТипКлиентаТестирования: Тонкий
        СтрокаСоединения: File="e:\vanessa\corp\features\tools\ServiceBases\Bases\v83CORP";
        PIDКлиентаТестирования: 3680
        ВерсияVA: ver 1.2.038.1
        ВерсияПлатформы: 8.3.19.1229
        РежимСовместимостиTestManager: Версия8_3_18
        ДатаВремяОшибки: 19.08.2022 11:33:35
</error>
			<system-out>[[ATTACHMENT|/tools/ServiceBases/ScreenShots/441cc87b-210e-40a9-84fd-2f1cfc63fa8a-attachment.png]]</system-out>
		</testcase>
		<testcase name="Запись нового &quot;справочника ТипыОбъектовОС&quot;" classname="Дымовые тесты" time="5.507">
			<error>Ошибка при вызове метода контекста (ВвестиТекст): Неподходящий тип элемента управления для вызванного действия.

{ВнешняяОбработка.РаботаСИнтерфейсом.Форма.Форма.Форма(3744)}:
{ВнешняяОбработка.VanessaAutomation.Форма.УправляемаяФорма.Форма(6580)}:

Технические данные:
        ЗаголовокАктивногоОкна: Типы объектов ОС (создание)
        ИмяАктивнойФормы: Справочник.ТипыОбъектовОС.ФормаОбъекта
        ИмяФичи: Дымовые тесты
        ИмяСценария: Запись нового "справочника ТипыОбъектовОС"
        НомерСтрокиДерева: 1 581
        НомерСтрокиФичи: 1 923
        ПолныйПутьКФиче: e:\vanessa\corp\features\beforeRelease\0001. Справочники.ЗаписьНового.feature
        ИмяФайла: e:\vanessa\vanessa-automation\features\Libraries\UITestRunner\step_definitions\РаботаСИнтерфейсом.epf
        ИмяПроцедуры: ВПолеЯВвожуТекст
        ИмяРаннера: ts1scont
        ТипПлатформы: Windows x86
        ТипКлиентаТестирования: Тонкий
        СтрокаСоединения: File="e:\vanessa\corp\features\tools\ServiceBases\Bases\v83CORP";
        PIDКлиентаТестирования: 3680
        ВерсияVA: ver 1.2.038.1
        ВерсияПлатформы: 8.3.19.1229
        РежимСовместимостиTestManager: Версия8_3_18
        ДатаВремяОшибки: 19.08.2022 11:33:44
</error>
			<system-out>[[ATTACHMENT|/tools/ServiceBases/ScreenShots/4436e9ad-3d7d-47e8-b22f-3e061441dc9c-attachment.png]]</system-out>
		</testcase>
		<testcase name="Запись нового &quot;справочника ТипыОпераций&quot;" classname="Дымовые тесты" time="4.553">
			<error>Ошибка при вызове метода контекста (ВвестиТекст): Неподходящий тип элемента управления для вызванного действия.

{ВнешняяОбработка.РаботаСИнтерфейсом.Форма.Форма.Форма(3744)}:
{ВнешняяОбработка.VanessaAutomation.Форма.УправляемаяФорма.Форма(6580)}:

Технические данные:
        ЗаголовокАктивногоОкна: Типы операций (создание)
        ИмяАктивнойФормы: Справочник.ТипыОпераций.ФормаОбъекта
        ИмяФичи: Дымовые тесты
        ИмяСценария: Запись нового "справочника ТипыОпераций"
        НомерСтрокиДерева: 1 595
        НомерСтрокиФичи: 1 940
        ПолныйПутьКФиче: e:\vanessa\corp\features\beforeRelease\0001. Справочники.ЗаписьНового.feature
        ИмяФайла: e:\vanessa\vanessa-automation\features\Libraries\UITestRunner\step_definitions\РаботаСИнтерфейсом.epf
        ИмяПроцедуры: ВПолеЯВвожуТекст
        ИмяРаннера: ts1scont
        ТипПлатформы: Windows x86
        ТипКлиентаТестирования: Тонкий
        СтрокаСоединения: File="e:\vanessa\corp\features\tools\ServiceBases\Bases\v83CORP";
        PIDКлиентаТестирования: 3680
        ВерсияVA: ver 1.2.038.1
        ВерсияПлатформы: 8.3.19.1229
        РежимСовместимостиTestManager: Версия8_3_18
        ДатаВремяОшибки: 19.08.2022 11:33:52
</error>
			<system-out>[[ATTACHMENT|/tools/ServiceBases/ScreenShots/9bd1cb7f-f327-4ac8-af8d-e52db4083ad4-attachment.png]]</system-out>
		</testcase>
		<testcase name="Запись нового &quot;справочника ТипыОсвобожденийПоПН&quot;" classname="Дымовые тесты" time="4.652">
			<error>Ошибка при вызове метода контекста (ВвестиТекст): Неподходящий тип элемента управления для вызванного действия.

{ВнешняяОбработка.РаботаСИнтерфейсом.Форма.Форма.Форма(3744)}:
{ВнешняяОбработка.VanessaAutomation.Форма.УправляемаяФорма.Форма(6580)}:

Технические данные:
        ЗаголовокАктивногоОкна: Типы освобождений по ПН (создание)
        ИмяАктивнойФормы: Справочник.ТипыОсвобожденийПоПН.ФормаОбъекта
        ИмяФичи: Дымовые тесты
        ИмяСценария: Запись нового "справочника ТипыОсвобожденийПоПН"
        НомерСтрокиДерева: 1 609
        НомерСтрокиФичи: 1 957
        ПолныйПутьКФиче: e:\vanessa\corp\features\beforeRelease\0001. Справочники.ЗаписьНового.feature
        ИмяФайла: e:\vanessa\vanessa-automation\features\Libraries\UITestRunner\step_definitions\РаботаСИнтерфейсом.epf
        ИмяПроцедуры: ВПолеЯВвожуТекст
        ИмяРаннера: ts1scont
        ТипПлатформы: Windows x86
        ТипКлиентаТестирования: Тонкий
        СтрокаСоединения: File="e:\vanessa\corp\features\tools\ServiceBases\Bases\v83CORP";
        PIDКлиентаТестирования: 3680
        ВерсияVA: ver 1.2.038.1
        ВерсияПлатформы: 8.3.19.1229
        РежимСовместимостиTestManager: Версия8_3_18
        ДатаВремяОшибки: 19.08.2022 11:34:01
</error>
			<system-out>[[ATTACHMENT|/tools/ServiceBases/ScreenShots/147428f8-9e37-4dde-8101-73e6cdb4389b-attachment.png]]</system-out>
		</testcase>
		<testcase name="Запись нового &quot;справочника ТипыФормы&quot;" classname="Дымовые тесты" time="5.402">
			<error>Ошибка при вызове метода контекста (ВвестиТекст): Неподходящий тип элемента управления для вызванного действия.

{ВнешняяОбработка.РаботаСИнтерфейсом.Форма.Форма.Форма(3744)}:
{ВнешняяОбработка.VanessaAutomation.Форма.УправляемаяФорма.Форма(6580)}:

Технические данные:
        ЗаголовокАктивногоОкна: Типы формы (создание)
        ИмяАктивнойФормы: Справочник.ТипыФормы.ФормаОбъекта
        ИмяФичи: Дымовые тесты
        ИмяСценария: Запись нового "справочника ТипыФормы"
        НомерСтрокиДерева: 1 623
        НомерСтрокиФичи: 1 974
        ПолныйПутьКФиче: e:\vanessa\corp\features\beforeRelease\0001. Справочники.ЗаписьНового.feature
        ИмяФайла: e:\vanessa\vanessa-automation\features\Libraries\UITestRunner\step_definitions\РаботаСИнтерфейсом.epf
        ИмяПроцедуры: ВПолеЯВвожуТекст
        ИмяРаннера: ts1scont
        ТипПлатформы: Windows x86
        ТипКлиентаТестирования: Тонкий
        СтрокаСоединения: File="e:\vanessa\corp\features\tools\ServiceBases\Bases\v83CORP";
        PIDКлиентаТестирования: 3680
        ВерсияVA: ver 1.2.038.1
        ВерсияПлатформы: 8.3.19.1229
        РежимСовместимостиTestManager: Версия8_3_18
        ДатаВремяОшибки: 19.08.2022 11:34:11
</error>
			<system-out>[[ATTACHMENT|/tools/ServiceBases/ScreenShots/9cb13be9-96e2-44fd-8698-7d509c029bb6-attachment.png]]</system-out>
		</testcase>
		<testcase name="Запись нового &quot;справочника ТипыЦенНоменклатуры&quot;" classname="Дымовые тесты" time="3.848"/>
		<testcase name="Запись нового &quot;справочника ТКСС&quot;" classname="Дымовые тесты" time="4.858">
			<error>Ошибка при вызове метода контекста (ВвестиТекст): Неподходящий тип элемента управления для вызванного действия.

{ВнешняяОбработка.РаботаСИнтерфейсом.Форма.Форма.Форма(3744)}:
{ВнешняяОбработка.VanessaAutomation.Форма.УправляемаяФорма.Форма(6580)}:

Технические данные:
        ЗаголовокАктивногоОкна: Территориальные Кассы Соц. Страхования (создание)
        ИмяАктивнойФормы: Справочник.ТКСС.ФормаОбъекта
        ИмяФичи: Дымовые тесты
        ИмяСценария: Запись нового "справочника ТКСС"
        НомерСтрокиДерева: 1 651
        НомерСтрокиФичи: 2 008
        ПолныйПутьКФиче: e:\vanessa\corp\features\beforeRelease\0001. Справочники.ЗаписьНового.feature
        ИмяФайла: e:\vanessa\vanessa-automation\features\Libraries\UITestRunner\step_definitions\РаботаСИнтерфейсом.epf
        ИмяПроцедуры: ВПолеЯВвожуТекст
        ИмяРаннера: ts1scont
        ТипПлатформы: Windows x86
        ТипКлиентаТестирования: Тонкий
        СтрокаСоединения: File="e:\vanessa\corp\features\tools\ServiceBases\Bases\v83CORP";
        PIDКлиентаТестирования: 3680
        ВерсияVA: ver 1.2.038.1
        ВерсияПлатформы: 8.3.19.1229
        РежимСовместимостиTestManager: Версия8_3_18
        ДатаВремяОшибки: 19.08.2022 11:34:24
</error>
			<system-out>[[ATTACHMENT|/tools/ServiceBases/ScreenShots/4e984e71-200c-4547-ab7b-bad11545b514-attachment.png]]</system-out>
		</testcase>
		<testcase name="Запись нового &quot;справочника ТраншиПроектов&quot;" classname="Дымовые тесты" time="14.148">
			<error>Ожидали в течение &lt;10&gt; секунд закрытия формы &lt;Справочник.ТраншиПроектов.Форма.ФормаЭлементаУФ&gt;.

Технические данные:
        ЗаголовокАктивногоОкна: Транши проектов (создание) *
        ИмяАктивнойФормы: Справочник.ТраншиПроектов.Форма.ФормаЭлементаУФ
        ИмяФичи: Дымовые тесты
        ИмяСценария: Запись нового "справочника ТраншиПроектов"
        НомерСтрокиДерева: 1 671
        НомерСтрокиФичи: 2 031
        ПолныйПутьКФиче: e:\vanessa\corp\features\beforeRelease\0001. Справочники.ЗаписьНового.feature
        ИмяФайла: e:\vanessa\vanessa-automation\features\Libraries\UITestRunner\step_definitions\РаботаСИнтерфейсом.epf
        ИмяПроцедуры: ЯЖдуЗакрытияФормыСИменемВТечениеСекунд
        ИмяРаннера: ts1scont
        ТипПлатформы: Windows x86
        ТипКлиентаТестирования: Тонкий
        СтрокаСоединения: File="e:\vanessa\corp\features\tools\ServiceBases\Bases\v83CORP";
        PIDКлиентаТестирования: 3680
        ВерсияVA: ver 1.2.038.1
        ВерсияПлатформы: 8.3.19.1229
        РежимСовместимостиTestManager: Версия8_3_18
        ДатаВремяОшибки: 19.08.2022 11:34:43</error>
			<system-out>[[ATTACHMENT|/tools/ServiceBases/ScreenShots/8e8bdc8b-422e-42ca-afe8-005ce68e4970-attachment.png]]</system-out>
		</testcase>
		<testcase name="Запись нового &quot;справочника ТрудоваяКнижка&quot;" classname="Дымовые тесты" time="5.197">
			<error>Ошибка при вызове метода контекста (ВвестиТекст): Неподходящий тип элемента управления для вызванного действия.

{ВнешняяОбработка.РаботаСИнтерфейсом.Форма.Форма.Форма(3744)}:
{ВнешняяОбработка.VanessaAutomation.Форма.УправляемаяФорма.Форма(6580)}:

Технические данные:
        ЗаголовокАктивногоОкна: Трудовая книжка (создание)
        ИмяАктивнойФормы: Справочник.ТрудоваяКнижка.ФормаОбъекта
        ИмяФичи: Дымовые тесты
        ИмяСценария: Запись нового "справочника ТрудоваяКнижка"
        НомерСтрокиДерева: 1 679
        НомерСтрокиФичи: 2 042
        ПолныйПутьКФиче: e:\vanessa\corp\features\beforeRelease\0001. Справочники.ЗаписьНового.feature
        ИмяФайла: e:\vanessa\vanessa-automation\features\Libraries\UITestRunner\step_definitions\РаботаСИнтерфейсом.epf
        ИмяПроцедуры: ВПолеЯВвожуТекст
        ИмяРаннера: ts1scont
        ТипПлатформы: Windows x86
        ТипКлиентаТестирования: Тонкий
        СтрокаСоединения: File="e:\vanessa\corp\features\tools\ServiceBases\Bases\v83CORP";
        PIDКлиентаТестирования: 3680
        ВерсияVA: ver 1.2.038.1
        ВерсияПлатформы: 8.3.19.1229
        РежимСовместимостиTestManager: Версия8_3_18
        ДатаВремяОшибки: 19.08.2022 11:34:52
</error>
			<system-out>[[ATTACHMENT|/tools/ServiceBases/ScreenShots/75940b9e-c37f-4561-a15c-fdca61086d12-attachment.png]]</system-out>
		</testcase>
		<testcase name="Запись нового &quot;справочника НастройкиОтчетов&quot;" classname="Дымовые тесты" time="5.453">
			<error>Ошибка при вызове метода контекста (ВвестиТекст): Неподходящий тип элемента управления для вызванного действия.

{ВнешняяОбработка.РаботаСИнтерфейсом.Форма.Форма.Форма(3744)}:
{ВнешняяОбработка.VanessaAutomation.Форма.УправляемаяФорма.Форма(6580)}:

Технические данные:
        ЗаголовокАктивногоОкна: Настройки отчетов (создание)
        ИмяАктивнойФормы: Справочник.НастройкиОтчетов.ФормаОбъекта
        ИмяФичи: Дымовые тесты
        ИмяСценария: Запись нового "справочника НастройкиОтчетов"
        НомерСтрокиДерева: 1 693
        НомерСтрокиФичи: 2 059
        ПолныйПутьКФиче: e:\vanessa\corp\features\beforeRelease\0001. Справочники.ЗаписьНового.feature
        ИмяФайла: e:\vanessa\vanessa-automation\features\Libraries\UITestRunner\step_definitions\РаботаСИнтерфейсом.epf
        ИмяПроцедуры: ВПолеЯВвожуТекст
        ИмяРаннера: ts1scont
        ТипПлатформы: Windows x86
        ТипКлиентаТестирования: Тонкий
        СтрокаСоединения: File="e:\vanessa\corp\features\tools\ServiceBases\Bases\v83CORP";
        PIDКлиентаТестирования: 3680
        ВерсияVA: ver 1.2.038.1
        ВерсияПлатформы: 8.3.19.1229
        РежимСовместимостиTestManager: Версия8_3_18
        ДатаВремяОшибки: 19.08.2022 11:35:01
</error>
			<system-out>[[ATTACHMENT|/tools/ServiceBases/ScreenShots/2fa4f34c-ef7e-4a24-95b1-daa0b89dd3d8-attachment.png]]</system-out>
		</testcase>
		<testcase name="Запись нового &quot;справочника Удалить_Статьи5С&quot;" classname="Дымовые тесты" time="4.346">
			<error>Ошибка при вызове метода контекста (ВвестиТекст): Неподходящий тип элемента управления для вызванного действия.

{ВнешняяОбработка.РаботаСИнтерфейсом.Форма.Форма.Форма(3744)}:
{ВнешняяОбработка.VanessaAutomation.Форма.УправляемаяФорма.Форма(6580)}:

Технические данные:
        ЗаголовокАктивногоОкна: Статьи по отчету 5С (не использовать) (создание)
        ИмяАктивнойФормы: Справочник.Удалить_Статьи5С.ФормаОбъекта
        ИмяФичи: Дымовые тесты
        ИмяСценария: Запись нового "справочника Удалить_Статьи5С"
        НомерСтрокиДерева: 1 707
        НомерСтрокиФичи: 2 076
        ПолныйПутьКФиче: e:\vanessa\corp\features\beforeRelease\0001. Справочники.ЗаписьНового.feature
        ИмяФайла: e:\vanessa\vanessa-automation\features\Libraries\UITestRunner\step_definitions\РаботаСИнтерфейсом.epf
        ИмяПроцедуры: ВПолеЯВвожуТекст
        ИмяРаннера: ts1scont
        ТипПлатформы: Windows x86
        ТипКлиентаТестирования: Тонкий
        СтрокаСоединения: File="e:\vanessa\corp\features\tools\ServiceBases\Bases\v83CORP";
        PIDКлиентаТестирования: 3680
        ВерсияVA: ver 1.2.038.1
        ВерсияПлатформы: 8.3.19.1229
        РежимСовместимостиTestManager: Версия8_3_18
        ДатаВремяОшибки: 19.08.2022 11:35:09
</error>
			<system-out>[[ATTACHMENT|/tools/ServiceBases/ScreenShots/cffd084c-5a7a-4255-9e3a-226cb68bf4b6-attachment.png]]</system-out>
		</testcase>
		<testcase name="Запись нового &quot;справочника Удалить_Статьи5С_Новый&quot;" classname="Дымовые тесты" time="5.607">
			<error>Ошибка при вызове метода контекста (ВвестиТекст): Неподходящий тип элемента управления для вызванного действия.

{ВнешняяОбработка.РаботаСИнтерфейсом.Форма.Форма.Форма(3744)}:
{ВнешняяОбработка.VanessaAutomation.Форма.УправляемаяФорма.Форма(6580)}:

Технические данные:
        ЗаголовокАктивногоОкна: Статьи по отчету 5С 2008 (Не использовать) (создание)
        ИмяАктивнойФормы: Справочник.Удалить_Статьи5С_Новый.ФормаОбъекта
        ИмяФичи: Дымовые тесты
        ИмяСценария: Запись нового "справочника Удалить_Статьи5С_Новый"
        НомерСтрокиДерева: 1 721
        НомерСтрокиФичи: 2 093
        ПолныйПутьКФиче: e:\vanessa\corp\features\beforeRelease\0001. Справочники.ЗаписьНового.feature
        ИмяФайла: e:\vanessa\vanessa-automation\features\Libraries\UITestRunner\step_definitions\РаботаСИнтерфейсом.epf
        ИмяПроцедуры: ВПолеЯВвожуТекст
        ИмяРаннера: ts1scont
        ТипПлатформы: Windows x86
        ТипКлиентаТестирования: Тонкий
        СтрокаСоединения: File="e:\vanessa\corp\features\tools\ServiceBases\Bases\v83CORP";
        PIDКлиентаТестирования: 3680
        ВерсияVA: ver 1.2.038.1
        ВерсияПлатформы: 8.3.19.1229
        РежимСовместимостиTestManager: Версия8_3_18
        ДатаВремяОшибки: 19.08.2022 11:35:18
</error>
			<system-out>[[ATTACHMENT|/tools/ServiceBases/ScreenShots/bed4f9d1-8ae1-445f-80df-49aa63b7bf29-attachment.png]]</system-out>
		</testcase>
		<testcase name="Запись нового &quot;справочника УдержанияСоцФонда&quot;" classname="Дымовые тесты" time="4.84">
			<error>Ошибка при вызове метода контекста (ВвестиТекст): Неподходящий тип элемента управления для вызванного действия.

{ВнешняяОбработка.РаботаСИнтерфейсом.Форма.Форма.Форма(3744)}:
{ВнешняяОбработка.VanessaAutomation.Форма.УправляемаяФорма.Форма(6580)}:

Технические данные:
        ЗаголовокАктивногоОкна: Удержания соцфонда (создание)
        ИмяАктивнойФормы: Справочник.УдержанияСоцФонда.ФормаОбъекта
        ИмяФичи: Дымовые тесты
        ИмяСценария: Запись нового "справочника УдержанияСоцФонда"
        НомерСтрокиДерева: 1 735
        НомерСтрокиФичи: 2 110
        ПолныйПутьКФиче: e:\vanessa\corp\features\beforeRelease\0001. Справочники.ЗаписьНового.feature
        ИмяФайла: e:\vanessa\vanessa-automation\features\Libraries\UITestRunner\step_definitions\РаботаСИнтерфейсом.epf
        ИмяПроцедуры: ВПолеЯВвожуТекст
        ИмяРаннера: ts1scont
        ТипПлатформы: Windows x86
        ТипКлиентаТестирования: Тонкий
        СтрокаСоединения: File="e:\vanessa\corp\features\tools\ServiceBases\Bases\v83CORP";
        PIDКлиентаТестирования: 3680
        ВерсияVA: ver 1.2.038.1
        ВерсияПлатформы: 8.3.19.1229
        РежимСовместимостиTestManager: Версия8_3_18
        ДатаВремяОшибки: 19.08.2022 11:35:27
</error>
			<system-out>[[ATTACHMENT|/tools/ServiceBases/ScreenShots/2c94480c-415e-47f1-aba9-502ba5bc5b6f-attachment.png]]</system-out>
		</testcase>
		<testcase name="Запись нового &quot;справочника Фирмы&quot;" classname="Дымовые тесты" time="3.859"/>
		<testcase name="Запись нового &quot;справочника Фонды&quot;" classname="Дымовые тесты" time="5.283">
			<error>Ошибка при вызове метода контекста (ВвестиТекст): Неподходящий тип элемента управления для вызванного действия.

{ВнешняяОбработка.РаботаСИнтерфейсом.Форма.Форма.Форма(3744)}:
{ВнешняяОбработка.VanessaAutomation.Форма.УправляемаяФорма.Форма(6580)}:

Технические данные:
        ЗаголовокАктивногоОкна: Фонды (создание)
        ИмяАктивнойФормы: Справочник.Фонды.ФормаОбъекта
        ИмяФичи: Дымовые тесты
        ИмяСценария: Запись нового "справочника Фонды"
        НомерСтрокиДерева: 1 763
        НомерСтрокиФичи: 2 144
        ПолныйПутьКФиче: e:\vanessa\corp\features\beforeRelease\0001. Справочники.ЗаписьНового.feature
        ИмяФайла: e:\vanessa\vanessa-automation\features\Libraries\UITestRunner\step_definitions\РаботаСИнтерфейсом.epf
        ИмяПроцедуры: ВПолеЯВвожуТекст
        ИмяРаннера: ts1scont
        ТипПлатформы: Windows x86
        ТипКлиентаТестирования: Тонкий
        СтрокаСоединения: File="e:\vanessa\corp\features\tools\ServiceBases\Bases\v83CORP";
        PIDКлиентаТестирования: 3680
        ВерсияVA: ver 1.2.038.1
        ВерсияПлатформы: 8.3.19.1229
        РежимСовместимостиTestManager: Версия8_3_18
        ДатаВремяОшибки: 19.08.2022 11:35:41
</error>
			<system-out>[[ATTACHMENT|/tools/ServiceBases/ScreenShots/aab0aaec-192c-444a-9143-4cecba591265-attachment.png]]</system-out>
		</testcase>
		<testcase name="Запись нового &quot;справочника ЦенныеБумаги&quot;" classname="Дымовые тесты" time="5.3">
			<error>Ошибка при вызове метода контекста (ВвестиТекст): Неподходящий тип элемента управления для вызванного действия.

{ВнешняяОбработка.РаботаСИнтерфейсом.Форма.Форма.Форма(3744)}:
{ВнешняяОбработка.VanessaAutomation.Форма.УправляемаяФорма.Форма(6580)}:

Технические данные:
        ЗаголовокАктивногоОкна: Ценные бумаги (создание)
        ИмяАктивнойФормы: Справочник.ЦенныеБумаги.ФормаОбъекта
        ИмяФичи: Дымовые тесты
        ИмяСценария: Запись нового "справочника ЦенныеБумаги"
        НомерСтрокиДерева: 1 777
        НомерСтрокиФичи: 2 161
        ПолныйПутьКФиче: e:\vanessa\corp\features\beforeRelease\0001. Справочники.ЗаписьНового.feature
        ИмяФайла: e:\vanessa\vanessa-automation\features\Libraries\UITestRunner\step_definitions\РаботаСИнтерфейсом.epf
        ИмяПроцедуры: ВПолеЯВвожуТекст
        ИмяРаннера: ts1scont
        ТипПлатформы: Windows x86
        ТипКлиентаТестирования: Тонкий
        СтрокаСоединения: File="e:\vanessa\corp\features\tools\ServiceBases\Bases\v83CORP";
        PIDКлиентаТестирования: 3680
        ВерсияVA: ver 1.2.038.1
        ВерсияПлатформы: 8.3.19.1229
        РежимСовместимостиTestManager: Версия8_3_18
        ДатаВремяОшибки: 19.08.2022 11:35:51
</error>
			<system-out>[[ATTACHMENT|/tools/ServiceBases/ScreenShots/f56a4057-eb08-4f9e-8953-e160c3565155-attachment.png]]</system-out>
		</testcase>
		<testcase name="Запись нового &quot;справочника Чины_И_Классы&quot;" classname="Дымовые тесты" time="4.672">
			<error>Ошибка при вызове метода контекста (ВвестиТекст): Неподходящий тип элемента управления для вызванного действия.

{ВнешняяОбработка.РаботаСИнтерфейсом.Форма.Форма.Форма(3744)}:
{ВнешняяОбработка.VanessaAutomation.Форма.УправляемаяФорма.Форма(6580)}:

Технические данные:
        ЗаголовокАктивногоОкна: Чины и классы (создание)
        ИмяАктивнойФормы: Справочник.Чины_И_Классы.ФормаОбъекта
        ИмяФичи: Дымовые тесты
        ИмяСценария: Запись нового "справочника Чины_И_Классы"
        НомерСтрокиДерева: 1 791
        НомерСтрокиФичи: 2 178
        ПолныйПутьКФиче: e:\vanessa\corp\features\beforeRelease\0001. Справочники.ЗаписьНового.feature
        ИмяФайла: e:\vanessa\vanessa-automation\features\Libraries\UITestRunner\step_definitions\РаботаСИнтерфейсом.epf
        ИмяПроцедуры: ВПолеЯВвожуТекст
        ИмяРаннера: ts1scont
        ТипПлатформы: Windows x86
        ТипКлиентаТестирования: Тонкий
        СтрокаСоединения: File="e:\vanessa\corp\features\tools\ServiceBases\Bases\v83CORP";
        PIDКлиентаТестирования: 3680
        ВерсияVA: ver 1.2.038.1
        ВерсияПлатформы: 8.3.19.1229
        РежимСовместимостиTestManager: Версия8_3_18
        ДатаВремяОшибки: 19.08.2022 11:36:00
</error>
			<system-out>[[ATTACHMENT|/tools/ServiceBases/ScreenShots/42a90405-cf15-4324-89b9-4fedb2215607-attachment.png]]</system-out>
		</testcase>
		<testcase name="Запись нового &quot;справочника ШиныИАккумуляторы&quot;" classname="Дымовые тесты" time="5.578">
			<error>Ошибка при вызове метода контекста (ВвестиТекст): Неподходящий тип элемента управления для вызванного действия.

{ВнешняяОбработка.РаботаСИнтерфейсом.Форма.Форма.Форма(3744)}:
{ВнешняяОбработка.VanessaAutomation.Форма.УправляемаяФорма.Форма(6580)}:

Технические данные:
        ЗаголовокАктивногоОкна: Шины и аккумуляторы (создание)
        ИмяАктивнойФормы: Справочник.ШиныИАккумуляторы.ФормаОбъекта
        ИмяФичи: Дымовые тесты
        ИмяСценария: Запись нового "справочника ШиныИАккумуляторы"
        НомерСтрокиДерева: 1 805
        НомерСтрокиФичи: 2 195
        ПолныйПутьКФиче: e:\vanessa\corp\features\beforeRelease\0001. Справочники.ЗаписьНового.feature
        ИмяФайла: e:\vanessa\vanessa-automation\features\Libraries\UITestRunner\step_definitions\РаботаСИнтерфейсом.epf
        ИмяПроцедуры: ВПолеЯВвожуТекст
        ИмяРаннера: ts1scont
        ТипПлатформы: Windows x86
        ТипКлиентаТестирования: Тонкий
        СтрокаСоединения: File="e:\vanessa\corp\features\tools\ServiceBases\Bases\v83CORP";
        PIDКлиентаТестирования: 3680
        ВерсияVA: ver 1.2.038.1
        ВерсияПлатформы: 8.3.19.1229
        РежимСовместимостиTestManager: Версия8_3_18
        ДатаВремяОшибки: 19.08.2022 11:36:09
</error>
			<system-out>[[ATTACHMENT|/tools/ServiceBases/ScreenShots/e3d1dc07-f95f-4543-9cbc-678b8c184caf-attachment.png]]</system-out>
		</testcase>
		<testcase name="Запись нового &quot;справочника Языки&quot;" classname="Дымовые тесты" time="5.535">
			<error>Ошибка при вызове метода контекста (ВвестиТекст): Неподходящий тип элемента управления для вызванного действия.

{ВнешняяОбработка.РаботаСИнтерфейсом.Форма.Форма.Форма(3744)}:
{ВнешняяОбработка.VanessaAutomation.Форма.УправляемаяФорма.Форма(6580)}:

Технические данные:
        ЗаголовокАктивногоОкна: Языки (создание)
        ИмяАктивнойФормы: Справочник.Языки.ФормаОбъекта
        ИмяФичи: Дымовые тесты
        ИмяСценария: Запись нового "справочника Языки"
        НомерСтрокиДерева: 1 819
        НомерСтрокиФичи: 2 212
        ПолныйПутьКФиче: e:\vanessa\corp\features\beforeRelease\0001. Справочники.ЗаписьНового.feature
        ИмяФайла: e:\vanessa\vanessa-automation\features\Libraries\UITestRunner\step_definitions\РаботаСИнтерфейсом.epf
        ИмяПроцедуры: ВПолеЯВвожуТекст
        ИмяРаннера: ts1scont
        ТипПлатформы: Windows x86
        ТипКлиентаТестирования: Тонкий
        СтрокаСоединения: File="e:\vanessa\corp\features\tools\ServiceBases\Bases\v83CORP";
        PIDКлиентаТестирования: 3680
        ВерсияVA: ver 1.2.038.1
        ВерсияПлатформы: 8.3.19.1229
        РежимСовместимостиTestManager: Версия8_3_18
        ДатаВремяОшибки: 19.08.2022 11:36:19
</error>
			<system-out>[[ATTACHMENT|/tools/ServiceBases/ScreenShots/949930ad-61d3-4859-b3ea-347d79147083-attachment.png]]</system-out>
		</testcase>
		<testcase name="Запись нового &quot;справочника CRM_БизнесРегионы&quot;" classname="Дымовые тесты" time="3.926"/>
		<testcase name="Запись нового &quot;справочника ТомаХраненияФайлов&quot;" classname="Дымовые тесты" time="5.482">
			<error>Не удалось открыть форму справочника ТомаХраненияФайлов

{ВнешняяОбработка.Условие.Форма.Форма.Форма(263)}:

Технические данные:
        ЗаголовокАктивногоОкна: 1С:Предприятие
        ИмяАктивнойФормы: ErrorWindow
        ИмяФичи: Дымовые тесты
        ИмяСценария: Запись нового "справочника ТомаХраненияФайлов"
        НомерСтрокиДерева: 1 843
        НомерСтрокиФичи: 2 242
        ПолныйПутьКФиче: e:\vanessa\corp\features\beforeRelease\0001. Справочники.ЗаписьНового.feature
        ИмяФайла: e:\vanessa\vanessa-automation\features\Libraries\Условие\step_definitions\Условие.epf
        ИмяПроцедуры: ЯВызываюИсключение
        ИмяРаннера: ts1scont
        ТипПлатформы: Windows x86
        ТипКлиентаТестирования: Тонкий
        СтрокаСоединения: File="e:\vanessa\corp\features\tools\ServiceBases\Bases\v83CORP";
        PIDКлиентаТестирования: 3680
        ВерсияVA: ver 1.2.038.1
        ВерсияПлатформы: 8.3.19.1229
        РежимСовместимостиTestManager: Версия8_3_18
        ДатаВремяОшибки: 19.08.2022 11:36:33
Текст модального окна:
    К сожалению, возникла непредвиденная ошибка  Попробуйте повторить операцию. Если ошибка повторится, попробуйте перезапустить приложение или обратитесь к администратору приложения или техническому специалисту.
</error>
			<system-out>[[ATTACHMENT|/tools/ServiceBases/ScreenShots/6bf58bfa-2367-4923-be50-6d3cbd11aac6-attachment.png]]</system-out>
		</testcase>
		<testcase name="Запись нового &quot;справочника ИдентификаторыОбъектовМетаданных&quot;" classname="Дымовые тесты" time="2.373">
			<error>Поле "Наименование" доступен только для просмотра Справочник.ИдентификаторыОбъектовМетаданных.Форма.ФормаЭлемента

{ВнешняяОбработка.Условие.Форма.Форма.Форма(263)}:

Технические данные:
        ЗаголовокАктивногоОкна: Идентификатор объекта метаданных (создание)
        ИмяАктивнойФормы: Справочник.ИдентификаторыОбъектовМетаданных.Форма.ФормаЭлемента
        ИмяФичи: Дымовые тесты
        ИмяСценария: Запись нового "справочника ИдентификаторыОбъектовМетаданных"
        НомерСтрокиДерева: 1 863
        НомерСтрокиФичи: 2 265
        ПолныйПутьКФиче: e:\vanessa\corp\features\beforeRelease\0001. Справочники.ЗаписьНового.feature
        ИмяФайла: e:\vanessa\vanessa-automation\features\Libraries\Условие\step_definitions\Условие.epf
        ИмяПроцедуры: ЯВызываюИсключение
        ИмяРаннера: ts1scont
        ТипПлатформы: Windows x86
        ТипКлиентаТестирования: Тонкий
        СтрокаСоединения: File="e:\vanessa\corp\features\tools\ServiceBases\Bases\v83CORP";
        PIDКлиентаТестирования: 3680
        ВерсияVA: ver 1.2.038.1
        ВерсияПлатформы: 8.3.19.1229
        РежимСовместимостиTestManager: Версия8_3_18
        ДатаВремяОшибки: 19.08.2022 11:36:41
</error>
			<system-out>[[ATTACHMENT|/tools/ServiceBases/ScreenShots/3570549d-a413-403c-a6c9-be4b42bd8ed8-attachment.png]]</system-out>
		</testcase>
		<testcase name="Запись нового &quot;справочника CRM_Взаимодействия&quot;" classname="Дымовые тесты" time="7.43">
			<error>Элемента формы с именем &lt;Наименование&gt; не найдено.

{ВнешняяОбработка.VanessaAutomation.Форма.УправляемаяФорма.Форма(6328)}:

Технические данные:
        ЗаголовокАктивногоОкна: Взаимодействие (создание)
        ИмяАктивнойФормы: Справочник.CRM_Взаимодействия.Форма.ФормаЭлемента
        ИмяФичи: Дымовые тесты
        ИмяСценария: Запись нового "справочника CRM_Взаимодействия"
        НомерСтрокиДерева: 1 874
        НомерСтрокиФичи: 2 279
        ПолныйПутьКФиче: e:\vanessa\corp\features\beforeRelease\0001. Справочники.ЗаписьНового.feature
        ИмяФайла: e:\vanessa\vanessa-automation\features\Libraries\Условие\step_definitions\Условие.epf
        ИмяПроцедуры: ЭлементДоступенНеТолькоДляПросмотраТогда
        ИмяРаннера: ts1scont
        ТипПлатформы: Windows x86
        ТипКлиентаТестирования: Тонкий
        СтрокаСоединения: File="e:\vanessa\corp\features\tools\ServiceBases\Bases\v83CORP";
        PIDКлиентаТестирования: 3680
        ВерсияVA: ver 1.2.038.1
        ВерсияПлатформы: 8.3.19.1229
        РежимСовместимостиTestManager: Версия8_3_18
        ДатаВремяОшибки: 19.08.2022 11:36:52
</error>
			<system-out>[[ATTACHMENT|/tools/ServiceBases/ScreenShots/d0b696f6-f298-4929-9d16-0184e441048a-attachment.png]]</system-out>
		</testcase>
		<testcase name="Запись нового &quot;справочника CRM_ВидыДеятельности&quot;" classname="Дымовые тесты" time="7.129">
			<error>Элемента формы с именем &lt;Наименование&gt; не найдено.

{ВнешняяОбработка.VanessaAutomation.Форма.УправляемаяФорма.Форма(6328)}:

Технические данные:
        ЗаголовокАктивногоОкна: Вид деятельности (создание)
        ИмяАктивнойФормы: Справочник.CRM_ВидыДеятельности.Форма.ФормаЭлемента
        ИмяФичи: Дымовые тесты
        ИмяСценария: Запись нового "справочника CRM_ВидыДеятельности"
        НомерСтрокиДерева: 1 888
        НомерСтрокиФичи: 2 296
        ПолныйПутьКФиче: e:\vanessa\corp\features\beforeRelease\0001. Справочники.ЗаписьНового.feature
        ИмяФайла: e:\vanessa\vanessa-automation\features\Libraries\Условие\step_definitions\Условие.epf
        ИмяПроцедуры: ЭлементДоступенНеТолькоДляПросмотраТогда
        ИмяРаннера: ts1scont
        ТипПлатформы: Windows x86
        ТипКлиентаТестирования: Тонкий
        СтрокаСоединения: File="e:\vanessa\corp\features\tools\ServiceBases\Bases\v83CORP";
        PIDКлиентаТестирования: 3680
        ВерсияVA: ver 1.2.038.1
        ВерсияПлатформы: 8.3.19.1229
        РежимСовместимостиTestManager: Версия8_3_18
        ДатаВремяОшибки: 19.08.2022 11:37:03
</error>
			<system-out>[[ATTACHMENT|/tools/ServiceBases/ScreenShots/2ff32303-5e7e-4494-af4a-214fbea31846-attachment.png]]</system-out>
		</testcase>
		<testcase name="Запись нового &quot;справочника CRM_ВидыСделок&quot;" classname="Дымовые тесты" time="3.749"/>
		<testcase name="Запись нового &quot;справочника CRM_Вложения_Взаимодействия&quot;" classname="Дымовые тесты" time="5.103">
			<error>Ошибка при вызове метода контекста (ВвестиТекст): Неподходящий тип элемента управления для вызванного действия.

{ВнешняяОбработка.РаботаСИнтерфейсом.Форма.Форма.Форма(3744)}:
{ВнешняяОбработка.VanessaAutomation.Форма.УправляемаяФорма.Форма(6580)}:

Технические данные:
        ЗаголовокАктивногоОкна: Файл (создание)
        ИмяАктивнойФормы: Справочник.CRM_Вложения_Взаимодействия.ФормаОбъекта
        ИмяФичи: Дымовые тесты
        ИмяСценария: Запись нового "справочника CRM_Вложения_Взаимодействия"
        НомерСтрокиДерева: 1 917
        НомерСтрокиФичи: 2 331
        ПолныйПутьКФиче: e:\vanessa\corp\features\beforeRelease\0001. Справочники.ЗаписьНового.feature
        ИмяФайла: e:\vanessa\vanessa-automation\features\Libraries\UITestRunner\step_definitions\РаботаСИнтерфейсом.epf
        ИмяПроцедуры: ВПолеЯВвожуТекст
        ИмяРаннера: ts1scont
        ТипПлатформы: Windows x86
        ТипКлиентаТестирования: Тонкий
        СтрокаСоединения: File="e:\vanessa\corp\features\tools\ServiceBases\Bases\v83CORP";
        PIDКлиентаТестирования: 3680
        ВерсияVA: ver 1.2.038.1
        ВерсияПлатформы: 8.3.19.1229
        РежимСовместимостиTestManager: Версия8_3_18
        ДатаВремяОшибки: 19.08.2022 11:37:17
</error>
			<system-out>[[ATTACHMENT|/tools/ServiceBases/ScreenShots/04370b98-a8a5-4b11-9802-c48c45d83016-attachment.png]]</system-out>
		</testcase>
		<testcase name="Запись нового &quot;справочника CRM_Вложения_Договора&quot;" classname="Дымовые тесты" time="5.592">
			<error>Ошибка при вызове метода контекста (ВвестиТекст): Неподходящий тип элемента управления для вызванного действия.

{ВнешняяОбработка.РаботаСИнтерфейсом.Форма.Форма.Форма(3744)}:
{ВнешняяОбработка.VanessaAutomation.Форма.УправляемаяФорма.Форма(6580)}:

Технические данные:
        ЗаголовокАктивногоОкна: Файл (создание)
        ИмяАктивнойФормы: Справочник.CRM_Вложения_Договора.ФормаОбъекта
        ИмяФичи: Дымовые тесты
        ИмяСценария: Запись нового "справочника CRM_Вложения_Договора"
        НомерСтрокиДерева: 1 931
        НомерСтрокиФичи: 2 348
        ПолныйПутьКФиче: e:\vanessa\corp\features\beforeRelease\0001. Справочники.ЗаписьНового.feature
        ИмяФайла: e:\vanessa\vanessa-automation\features\Libraries\UITestRunner\step_definitions\РаботаСИнтерфейсом.epf
        ИмяПроцедуры: ВПолеЯВвожуТекст
        ИмяРаннера: ts1scont
        ТипПлатформы: Windows x86
        ТипКлиентаТестирования: Тонкий
        СтрокаСоединения: File="e:\vanessa\corp\features\tools\ServiceBases\Bases\v83CORP";
        PIDКлиентаТестирования: 3680
        ВерсияVA: ver 1.2.038.1
        ВерсияПлатформы: 8.3.19.1229
        РежимСовместимостиTestManager: Версия8_3_18
        ДатаВремяОшибки: 19.08.2022 11:37:27
</error>
			<system-out>[[ATTACHMENT|/tools/ServiceBases/ScreenShots/5ab89be8-b0d5-4481-a33d-16112f435e44-attachment.png]]</system-out>
		</testcase>
		<testcase name="Запись нового &quot;справочника CRM_Вложения_Контрагенты&quot;" classname="Дымовые тесты" time="4.647">
			<error>Ошибка при вызове метода контекста (ВвестиТекст): Неподходящий тип элемента управления для вызванного действия.

{ВнешняяОбработка.РаботаСИнтерфейсом.Форма.Форма.Форма(3744)}:
{ВнешняяОбработка.VanessaAutomation.Форма.УправляемаяФорма.Форма(6580)}:

Технические данные:
        ЗаголовокАктивногоОкна: Файл (создание)
        ИмяАктивнойФормы: Справочник.CRM_Вложения_Контрагенты.ФормаОбъекта
        ИмяФичи: Дымовые тесты
        ИмяСценария: Запись нового "справочника CRM_Вложения_Контрагенты"
        НомерСтрокиДерева: 1 945
        НомерСтрокиФичи: 2 365
        ПолныйПутьКФиче: e:\vanessa\corp\features\beforeRelease\0001. Справочники.ЗаписьНового.feature
        ИмяФайла: e:\vanessa\vanessa-automation\features\Libraries\UITestRunner\step_definitions\РаботаСИнтерфейсом.epf
        ИмяПроцедуры: ВПолеЯВвожуТекст
        ИмяРаннера: ts1scont
        ТипПлатформы: Windows x86
        ТипКлиентаТестирования: Тонкий
        СтрокаСоединения: File="e:\vanessa\corp\features\tools\ServiceBases\Bases\v83CORP";
        PIDКлиентаТестирования: 3680
        ВерсияVA: ver 1.2.038.1
        ВерсияПлатформы: 8.3.19.1229
        РежимСовместимостиTestManager: Версия8_3_18
        ДатаВремяОшибки: 19.08.2022 11:37:35
</error>
			<system-out>[[ATTACHMENT|/tools/ServiceBases/ScreenShots/7c8e4839-b76a-4bac-b685-9aac8ff8b684-attachment.png]]</system-out>
		</testcase>
		<testcase name="Запись нового &quot;справочника CRM_Вложения_Сделки&quot;" classname="Дымовые тесты" time="5.327">
			<error>Ошибка при вызове метода контекста (ВвестиТекст): Неподходящий тип элемента управления для вызванного действия.

{ВнешняяОбработка.РаботаСИнтерфейсом.Форма.Форма.Форма(3744)}:
{ВнешняяОбработка.VanessaAutomation.Форма.УправляемаяФорма.Форма(6580)}:

Технические данные:
        ЗаголовокАктивногоОкна: Файл (создание)
        ИмяАктивнойФормы: Справочник.CRM_Вложения_Сделки.ФормаОбъекта
        ИмяФичи: Дымовые тесты
        ИмяСценария: Запись нового "справочника CRM_Вложения_Сделки"
        НомерСтрокиДерева: 1 959
        НомерСтрокиФичи: 2 382
        ПолныйПутьКФиче: e:\vanessa\corp\features\beforeRelease\0001. Справочники.ЗаписьНового.feature
        ИмяФайла: e:\vanessa\vanessa-automation\features\Libraries\UITestRunner\step_definitions\РаботаСИнтерфейсом.epf
        ИмяПроцедуры: ВПолеЯВвожуТекст
        ИмяРаннера: ts1scont
        ТипПлатформы: Windows x86
        ТипКлиентаТестирования: Тонкий
        СтрокаСоединения: File="e:\vanessa\corp\features\tools\ServiceBases\Bases\v83CORP";
        PIDКлиентаТестирования: 3680
        ВерсияVA: ver 1.2.038.1
        ВерсияПлатформы: 8.3.19.1229
        РежимСовместимостиTestManager: Версия8_3_18
        ДатаВремяОшибки: 19.08.2022 11:37:44
</error>
			<system-out>[[ATTACHMENT|/tools/ServiceBases/ScreenShots/f30a46dc-9f14-43eb-9bbf-1301b6f08940-attachment.png]]</system-out>
		</testcase>
		<testcase name="Запись нового &quot;справочника CRM_Города&quot;" classname="Дымовые тесты" time="4.065"/>
		<testcase name="Запись нового &quot;справочника CRM_ДоговораСКлиентами&quot;" classname="Дымовые тесты" time="13.144">
			<error>Ожидали в течение &lt;10&gt; секунд закрытия формы &lt;Справочник.CRM_ДоговораСКлиентами.Форма.ФормаЭлемента&gt;.

Технические данные:
        ЗаголовокАктивногоОкна: 1С:Предприятие
        ИмяАктивнойФормы: ErrorWindow
        ИмяФичи: Дымовые тесты
        ИмяСценария: Запись нового "справочника CRM_ДоговораСКлиентами"
        НомерСтрокиДерева: 1 993
        НомерСтрокиФичи: 2 422
        ПолныйПутьКФиче: e:\vanessa\corp\features\beforeRelease\0001. Справочники.ЗаписьНового.feature
        ИмяФайла: e:\vanessa\vanessa-automation\features\Libraries\UITestRunner\step_definitions\РаботаСИнтерфейсом.epf
        ИмяПроцедуры: ЯЖдуЗакрытияФормыСИменемВТечениеСекунд
        ИмяРаннера: ts1scont
        ТипПлатформы: Windows x86
        ТипКлиентаТестирования: Тонкий
        СтрокаСоединения: File="e:\vanessa\corp\features\tools\ServiceBases\Bases\v83CORP";
        PIDКлиентаТестирования: 3680
        ВерсияVA: ver 1.2.038.1
        ВерсияПлатформы: 8.3.19.1229
        РежимСовместимостиTestManager: Версия8_3_18
        ДатаВремяОшибки: 19.08.2022 11:38:07
        ДеталиОшибки:
                Значение поля "Владелец" не заполнено или заполнено неверно
                {Справочник.CRM_ДоговораСКлиентами.Форма.ФормаЭлемента.Форма(64)}:
	ДоговорОбъект.Записать();
                
                по причине:
                Значение поля "Владелец" не заполнено или заполнено неверно
</error>
			<system-out>[[ATTACHMENT|/tools/ServiceBases/ScreenShots/45feab32-ef4f-498e-b600-67457e8f8ff1-attachment.png]]</system-out>
		</testcase>
		<testcase name="Запись нового &quot;справочника CRM_ДолжностиКонтактныхЛиц&quot;" classname="Дымовые тесты" time="3.511"/>
		<testcase name="Запись нового &quot;справочника CRM_Индексы&quot;" classname="Дымовые тесты" time="4.047"/>
		<testcase name="Запись нового &quot;справочника CRM_ИсточникиОбращения&quot;" classname="Дымовые тесты" time="3.559"/>
		<testcase name="Запись нового &quot;справочника CRM_КонтактныеЛица&quot;" classname="Дымовые тесты" time="7.504">
			<error>Элемента формы с заголовком &lt;Наименование&gt; не найдено.

{ВнешняяОбработка.РаботаСИнтерфейсом.Форма.Форма.Форма(3744)}:
{ВнешняяОбработка.VanessaAutomation.Форма.УправляемаяФорма.Форма(6328)}:

Технические данные:
        ЗаголовокАктивногоОкна: Контактное лицо (создание)
        ИмяАктивнойФормы: Справочник.CRM_КонтактныеЛица.Форма.ФормаЭлемента
        ИмяФичи: Дымовые тесты
        ИмяСценария: Запись нового "справочника CRM_КонтактныеЛица"
        НомерСтрокиДерева: 2 043
        НомерСтрокиФичи: 2 484
        ПолныйПутьКФиче: e:\vanessa\corp\features\beforeRelease\0001. Справочники.ЗаписьНового.feature
        ИмяФайла: e:\vanessa\vanessa-automation\features\Libraries\UITestRunner\step_definitions\РаботаСИнтерфейсом.epf
        ИмяПроцедуры: ВПолеЯВвожуТекст
        ИмяРаннера: ts1scont
        ТипПлатформы: Windows x86
        ТипКлиентаТестирования: Тонкий
        СтрокаСоединения: File="e:\vanessa\corp\features\tools\ServiceBases\Bases\v83CORP";
        PIDКлиентаТестирования: 3680
        ВерсияVA: ver 1.2.038.1
        ВерсияПлатформы: 8.3.19.1229
        РежимСовместимостиTestManager: Версия8_3_18
        ДатаВремяОшибки: 19.08.2022 11:38:35
</error>
			<system-out>[[ATTACHMENT|/tools/ServiceBases/ScreenShots/787b0d4e-12bb-431f-9ab2-93b7de7894d6-attachment.png]]</system-out>
		</testcase>
		<testcase name="Запись нового &quot;справочника CRM_Контрагенты&quot;" classname="Дымовые тесты" time="4.11"/>
		<testcase name="Запись нового &quot;справочника CRM_НомераДляАдресов&quot;" classname="Дымовые тесты" time="4.033"/>
		<testcase name="Запись нового &quot;справочника CRM_ПрофилиВСоциальныхСетях&quot;" classname="Дымовые тесты" time="7.639">
			<error>Элемента формы с заголовком &lt;Наименование&gt; не найдено.

{ВнешняяОбработка.РаботаСИнтерфейсом.Форма.Форма.Форма(3744)}:
{ВнешняяОбработка.VanessaAutomation.Форма.УправляемаяФорма.Форма(6328)}:

Технические данные:
        ЗаголовокАктивногоОкна: Профиль (создание)
        ИмяАктивнойФормы: Справочник.CRM_ПрофилиВСоциальныхСетях.Форма.ФормаЭлемента
        ИмяФичи: Дымовые тесты
        ИмяСценария: Запись нового "справочника CRM_ПрофилиВСоциальныхСетях"
        НомерСтрокиДерева: 2 085
        НомерСтрокиФичи: 2 535
        ПолныйПутьКФиче: e:\vanessa\corp\features\beforeRelease\0001. Справочники.ЗаписьНового.feature
        ИмяФайла: e:\vanessa\vanessa-automation\features\Libraries\UITestRunner\step_definitions\РаботаСИнтерфейсом.epf
        ИмяПроцедуры: ВПолеЯВвожуТекст
        ИмяРаннера: ts1scont
        ТипПлатформы: Windows x86
        ТипКлиентаТестирования: Тонкий
        СтрокаСоединения: File="e:\vanessa\corp\features\tools\ServiceBases\Bases\v83CORP";
        PIDКлиентаТестирования: 3680
        ВерсияVA: ver 1.2.038.1
        ВерсияПлатформы: 8.3.19.1229
        РежимСовместимостиTestManager: Версия8_3_18
        ДатаВремяОшибки: 19.08.2022 11:38:56
</error>
			<system-out>[[ATTACHMENT|/tools/ServiceBases/ScreenShots/c4424ce8-b471-42a9-878e-79058a691d6f-attachment.png]]</system-out>
		</testcase>
		<testcase name="Запись нового &quot;справочника CRM_Районы&quot;" classname="Дымовые тесты" time="3.974"/>
		<testcase name="Запись нового &quot;справочника CRM_Регионы&quot;" classname="Дымовые тесты" time="3.483"/>
		<testcase name="Запись нового &quot;справочника CRM_Роли&quot;" classname="Дымовые тесты" time="4.225"/>
		<testcase name="Запись нового &quot;справочника CRM_СделкиСКлиентами&quot;" classname="Дымовые тесты" time="14.285">
			<error>Ожидали в течение &lt;10&gt; секунд закрытия формы &lt;Справочник.CRM_СделкиСКлиентами.Форма.ФормаЭлемента&gt;.

Технические данные:
        ЗаголовокАктивногоОкна: Сделка (создание) *
        ИмяАктивнойФормы: Справочник.CRM_СделкиСКлиентами.Форма.ФормаЭлемента
        ИмяФичи: Дымовые тесты
        ИмяСценария: Запись нового "справочника CRM_СделкиСКлиентами"
        НомерСтрокиДерева: 2 147
        НомерСтрокиФичи: 2 609
        ПолныйПутьКФиче: e:\vanessa\corp\features\beforeRelease\0001. Справочники.ЗаписьНового.feature
        ИмяФайла: e:\vanessa\vanessa-automation\features\Libraries\UITestRunner\step_definitions\РаботаСИнтерфейсом.epf
        ИмяПроцедуры: ЯЖдуЗакрытияФормыСИменемВТечениеСекунд
        ИмяРаннера: ts1scont
        ТипПлатформы: Windows x86
        ТипКлиентаТестирования: Тонкий
        СтрокаСоединения: File="e:\vanessa\corp\features\tools\ServiceBases\Bases\v83CORP";
        PIDКлиентаТестирования: 3680
        ВерсияVA: ver 1.2.038.1
        ВерсияПлатформы: 8.3.19.1229
        РежимСовместимостиTestManager: Версия8_3_18
        ДатаВремяОшибки: 19.08.2022 11:39:29</error>
			<system-out>[[ATTACHMENT|/tools/ServiceBases/ScreenShots/704a3133-a9b8-4c14-9753-100c62f3a4c0-attachment.png]]</system-out>
		</testcase>
		<testcase name="Запись нового &quot;справочника CRM_СегментыКлиентов&quot;" classname="Дымовые тесты" time="3.659"/>
		<testcase name="Запись нового &quot;справочника CRM_СоциальныеСети&quot;" classname="Дымовые тесты" time="4.574"/>
		<testcase name="Запись нового &quot;справочника CRM_СтадииCделок&quot;" classname="Дымовые тесты" time="3.702"/>
		<testcase name="Запись нового &quot;справочника CRM_Улицы&quot;" classname="Дымовые тесты" time="3.404"/>
		<testcase name="Запись нового &quot;справочника CRM_ШаблоныСтадийСделок&quot;" classname="Дымовые тесты" time="3.74"/>
		<testcase name="Запись нового &quot;справочника МетаданныеДляСтандартныхОтчетов&quot;" classname="Дымовые тесты" time="4.373">
			<error>Ошибка при вызове метода контекста (ВвестиТекст): Неподходящий тип элемента управления для вызванного действия.

{ВнешняяОбработка.РаботаСИнтерфейсом.Форма.Форма.Форма(3744)}:
{ВнешняяОбработка.VanessaAutomation.Форма.УправляемаяФорма.Форма(6580)}:

Технические данные:
        ЗаголовокАктивногоОкна: Метаданные для стандартных отчетов (создание)
        ИмяАктивнойФормы: Справочник.МетаданныеДляСтандартныхОтчетов.ФормаОбъекта
        ИмяФичи: Дымовые тесты
        ИмяСценария: Запись нового "справочника МетаданныеДляСтандартныхОтчетов"
        НомерСтрокиДерева: 2 225
        НомерСтрокиФичи: 2 705
        ПолныйПутьКФиче: e:\vanessa\corp\features\beforeRelease\0001. Справочники.ЗаписьНового.feature
        ИмяФайла: e:\vanessa\vanessa-automation\features\Libraries\UITestRunner\step_definitions\РаботаСИнтерфейсом.epf
        ИмяПроцедуры: ВПолеЯВвожуТекст
        ИмяРаннера: ts1scont
        ТипПлатформы: Windows x86
        ТипКлиентаТестирования: Тонкий
        СтрокаСоединения: File="e:\vanessa\corp\features\tools\ServiceBases\Bases\v83CORP";
        PIDКлиентаТестирования: 3680
        ВерсияVA: ver 1.2.038.1
        ВерсияПлатформы: 8.3.19.1229
        РежимСовместимостиTestManager: Версия8_3_18
        ДатаВремяОшибки: 19.08.2022 11:40:03
</error>
			<system-out>[[ATTACHMENT|/tools/ServiceBases/ScreenShots/0d5495fb-aa5f-4d77-9238-5e7f1c008764-attachment.png]]</system-out>
		</testcase>
		<testcase name="Запись нового &quot;справочника Должности2022&quot;" classname="Дымовые тесты" time="5.923">
			<error>Не удалось открыть форму справочника Должности2022

{ВнешняяОбработка.Условие.Форма.Форма.Форма(263)}:

Технические данные:
        ЗаголовокАктивногоОкна: 1С:Предприятие
        ИмяАктивнойФормы: ErrorWindow
        ИмяФичи: Дымовые тесты
        ИмяСценария: Запись нового "справочника Должности2022"
        НомерСтрокиДерева: 2 235
        НомерСтрокиФичи: 2 718
        ПолныйПутьКФиче: e:\vanessa\corp\features\beforeRelease\0001. Справочники.ЗаписьНового.feature
        ИмяФайла: e:\vanessa\vanessa-automation\features\Libraries\Условие\step_definitions\Условие.epf
        ИмяПроцедуры: ЯВызываюИсключение
        ИмяРаннера: ts1scont
        ТипПлатформы: Windows x86
        ТипКлиентаТестирования: Тонкий
        СтрокаСоединения: File="e:\vanessa\corp\features\tools\ServiceBases\Bases\v83CORP";
        PIDКлиентаТестирования: 3680
        ВерсияVA: ver 1.2.038.1
        ВерсияПлатформы: 8.3.19.1229
        РежимСовместимостиTestManager: Версия8_3_18
        ДатаВремяОшибки: 19.08.2022 11:40:12
Текст модального окна:
    Не удалось перейти по навигационной ссылке  Возможно, ссылка введена не полностью, получена для другого приложения, или устарела.  Что может помочь?     • Проверьте правильность ссылки     • Убедитесь, что ссылка открывается в соответствующем приложении  Если ошибка повторится, обратитесь к техническому специалисту.
</error>
			<system-out>[[ATTACHMENT|/tools/ServiceBases/ScreenShots/1f9d0c32-a1fb-402c-9408-eba4ee982519-attachment.png]]</system-out>
		</testcase>
	</testsuite>
</testsuites>