<?xml version="1.0" encoding="UTF-8"?>
<testsuites>
	<testsuite name="1.Создание организации" errors="0" skipped="0" tests="2" failures="0" time="68.233">
		<testcase name="1.Создание организации" classname="1.Создание организации" time="65.605"/>
		<testcase name="Закрытие клиента тестирования" classname="1.Создание организации" time="2.628"/>
	</testsuite>
</testsuites>