<?xml version="1.0" encoding="UTF-8"?>
<testsuites>
	<testsuite name="Дымовые тесты" errors="0" skipped="0" tests="4" failures="1" time="85.469">
		<testcase name="Запись нового &quot;документа АвансовыйОтчет&quot;" classname="Дымовые тесты" time="43.26"/>
		<testcase name="Запись нового &quot;документа ОтчетКассира&quot;" classname="Дымовые тесты" time="13.646"/>
		<testcase name="Запись нового &quot;документа ПриходныйКассовый&quot;" classname="Дымовые тесты" time="18.618">
			<error>Ошибка при вызове метода контекста (ПолучитьТекстыСообщенийПользователю): Метод не может быть вызван для данного объекта (1С:Предприятие)

{ВнешняяОбработка.РаботаСОкномСообщений.Форма.Форма.Форма(430)}:

Технические данные:
        ЗаголовокАктивногоОкна: 1С:Предприятие
        ИмяАктивнойФормы: ErrorWindow
        ИмяФичи: Дымовые тесты
        ИмяСценария: Запись нового "документа ПриходныйКассовый"
        НомерСтрокиДерева: 253
        НомерСтрокиФичи: 308
        ПолныйПутьКФиче: e:\vanessa\corp\features\beforeRelease\1 Кассовые документы.feature
        ИмяФайла: e:\vanessa\vanessa-automation\features\Libraries\UITestRunner\step_definitions\РаботаСОкномСообщений.epf
        ИмяПроцедуры: ЯСохраняюТекстСообщенияВПеременную
        ИмяРаннера: ts1scont
        ТипПлатформы: Windows x86
        ТипКлиентаТестирования: Тонкий
        СтрокаСоединения: File="e:\vanessa\corp\features\tools\ServiceBases\Bases\v83CORP_BSP_BTS";
        PIDКлиентаТестирования: 4088
        ВерсияVA: ver 1.2.038.1
        ВерсияПлатформы: 8.3.19.1229
        РежимСовместимостиTestManager: Версия8_3_16
        ДатаВремяОшибки: 12.10.2022 0:11:26
        ДеталиОшибки:
                Ошибка при выполнении обработчика - 'ОбработкаПроведения'
                по причине:
                Запись не верна! Не заполнен счет кредита (Регистр бухгалтерии: Хозрасчетный; Номер строки: 1)
                по причине:
                Запись не верна! Не заполнен счет кредита (Регистр бухгалтерии: Хозрасчетный; Номер строки: 1)

</error>
			<system-out>[[ATTACHMENT|/tools/ServiceBases/ScreenShots/6187cebf-ac6d-486d-a345-97963a56d9bf-attachment.png]]</system-out>
		</testcase>
		<testcase name="Запись нового &quot;документа РасходныйКассовый&quot;" classname="Дымовые тесты" time="9.945"/>
	</testsuite>
	<testsuite name="Дымовые тесты" errors="0" skipped="0" tests="3" failures="1" time="45.263">
		<testcase name="Запись нового &quot;документа ВыпискиБанка&quot;" classname="Дымовые тесты" time="9.965"/>
		<testcase name="Запись нового &quot;документа ПлатежкаВалютная&quot;" classname="Дымовые тесты" time="21.367">
			<error>У документа: не дождались закрытия формы. Сообщения: Поле "Страна" не заполнено
Поле "Город" не заполнено


{ВнешняяОбработка.Условие.Форма.Форма.Форма(263)}:

Технические данные:
        ЗаголовокАктивногоОкна: Платежное поручение в валюте (создание)
        ИмяАктивнойФормы: Документ.ПлатежкаВалютная.Форма.ФормаДокументаУФ
        ИмяФичи: Дымовые тесты
        ИмяСценария: Запись нового "документа ПлатежкаВалютная"
        НомерСтрокиДерева: 511
        НомерСтрокиФичи: 265
        ПолныйПутьКФиче: e:\vanessa\corp\features\beforeRelease\2 Банковские документы.feature
        ИмяФайла: e:\vanessa\vanessa-automation\features\Libraries\Условие\step_definitions\Условие.epf
        ИмяПроцедуры: ЯВызываюИсключение
        ИмяРаннера: ts1scont
        ТипПлатформы: Windows x86
        ТипКлиентаТестирования: Тонкий
        СтрокаСоединения: File="e:\vanessa\corp\features\tools\ServiceBases\Bases\v83CORP_BSP_BTS";
        PIDКлиентаТестирования: 4088
        ВерсияVA: ver 1.2.038.1
        ВерсияПлатформы: 8.3.19.1229
        РежимСовместимостиTestManager: Версия8_3_16
        ДатаВремяОшибки: 12.10.2022 0:12:16
</error>
			<system-out>[[ATTACHMENT|/tools/ServiceBases/ScreenShots/5f4e7036-a587-438d-b914-df9e86ee0277-attachment.png]]</system-out>
		</testcase>
		<testcase name="Запись нового &quot;документа ПлатежноеПоручение&quot;" classname="Дымовые тесты" time="13.931"/>
	</testsuite>
	<testsuite name="Дымовые тесты" errors="0" skipped="0" tests="19" failures="4" time="213.236">
		<testcase name="Запись нового &quot;документа ВыдачаЗаработнойПлаты&quot;" classname="Дымовые тесты" time="9.969"/>
		<testcase name="Запись нового &quot;документа ЗаявлениеНаОсвобождениеПоПН&quot;" classname="Дымовые тесты" time="9.937"/>
		<testcase name="Запись нового &quot;документа ИзменениеОкладаСписком&quot;" classname="Дымовые тесты" time="8.927"/>
		<testcase name="Запись нового &quot;документа ИзменениеПлановыхУдержаний&quot;" classname="Дымовые тесты" time="10.064"/>
		<testcase name="Запись нового &quot;документа ИзменитьСпособОтраженияБУ&quot;" classname="Дымовые тесты" time="9.208"/>
		<testcase name="Запись нового &quot;документа КадровоеПеремещение&quot;" classname="Дымовые тесты" time="9.136"/>
		<testcase name="Запись нового &quot;документа НакоплениеОсвобожденийПоПН&quot;" classname="Дымовые тесты" time="8.119"/>
		<testcase name="Запись нового &quot;документа НарядПоЧасам&quot;" classname="Дымовые тесты" time="21.359">
			<error>У документа: не дождались закрытия формы. Сообщения: Поле "Строка период" не заполнено.


{ВнешняяОбработка.Условие.Форма.Форма.Форма(263)}:

Технические данные:
        ЗаголовокАктивногоОкна: Начисление зарплаты (расширенная) (создание)
        ИмяАктивнойФормы: Документ.НарядПоЧасам.Форма.ФормаДокументаУФ
        ИмяФичи: Дымовые тесты
        ИмяСценария: Запись нового "документа НарядПоЧасам"
        НомерСтрокиДерева: 953
        НомерСтрокиФичи: 541
        ПолныйПутьКФиче: e:\vanessa\corp\features\beforeRelease\3 Документы по зарплате.feature
        ИмяФайла: e:\vanessa\vanessa-automation\features\Libraries\Условие\step_definitions\Условие.epf
        ИмяПроцедуры: ЯВызываюИсключение
        ИмяРаннера: ts1scont
        ТипПлатформы: Windows x86
        ТипКлиентаТестирования: Тонкий
        СтрокаСоединения: File="e:\vanessa\corp\features\tools\ServiceBases\Bases\v83CORP_BSP_BTS";
        PIDКлиентаТестирования: 4088
        ВерсияVA: ver 1.2.038.1
        ВерсияПлатформы: 8.3.19.1229
        РежимСовместимостиTestManager: Версия8_3_16
        ДатаВремяОшибки: 12.10.2022 0:14:10
</error>
			<system-out>[[ATTACHMENT|/tools/ServiceBases/ScreenShots/8515c935-000d-4d66-a115-9c22f6a6b065-attachment.png]]</system-out>
		</testcase>
		<testcase name="Запись нового &quot;документа ПлатежнаяВедомость&quot;" classname="Дымовые тесты" time="8.812"/>
		<testcase name="Запись нового &quot;документа ПриемНаРаботу&quot;" classname="Дымовые тесты" time="8.126"/>
		<testcase name="Запись нового &quot;документа РазовыеНачисления&quot;" classname="Дымовые тесты" time="9.939"/>
		<testcase name="Запись нового &quot;документа РазовыеУдержания&quot;" classname="Дымовые тесты" time="9.329"/>
		<testcase name="Запись нового &quot;документа РасчетБольничных2010&quot;" classname="Дымовые тесты" time="21.127">
			<error>Ошибка при вызове метода контекста (ПолучитьТекстыСообщенийПользователю): Метод не может быть вызван для данного объекта (1С:Предприятие)

{ВнешняяОбработка.РаботаСОкномСообщений.Форма.Форма.Форма(430)}:

Технические данные:
        ЗаголовокАктивногоОкна: 1С:Предприятие
        ИмяАктивнойФормы: ErrorWindow
        ИмяФичи: Дымовые тесты
        ИмяСценария: Запись нового "документа РасчетБольничных2010"
        НомерСтрокиДерева: 1 106
        НомерСтрокиФичи: 769
        ПолныйПутьКФиче: e:\vanessa\corp\features\beforeRelease\3 Документы по зарплате.feature
        ИмяФайла: e:\vanessa\vanessa-automation\features\Libraries\UITestRunner\step_definitions\РаботаСОкномСообщений.epf
        ИмяПроцедуры: ЯСохраняюТекстСообщенияВПеременную
        ИмяРаннера: ts1scont
        ТипПлатформы: Windows x86
        ТипКлиентаТестирования: Тонкий
        СтрокаСоединения: File="e:\vanessa\corp\features\tools\ServiceBases\Bases\v83CORP_BSP_BTS";
        PIDКлиентаТестирования: 4088
        ВерсияVA: ver 1.2.038.1
        ВерсияПлатформы: 8.3.19.1229
        РежимСовместимостиTestManager: Версия8_3_16
        ДатаВремяОшибки: 12.10.2022 0:15:14
Текст модального окна:
    Запись не верна! Период не может быть пустым! (Регистр накопления: Учет больничных дней за счет фирмы; Номер строки: 1)
</error>
			<system-out>[[ATTACHMENT|/tools/ServiceBases/ScreenShots/a786e0ea-cac5-48d1-aed4-2e0c27bddfe4-attachment.png]]</system-out>
		</testcase>
		<testcase name="Запись нового &quot;документа РасчетЗаработнойПлатыОтОбратного&quot;" classname="Дымовые тесты" time="9.937"/>
		<testcase name="Запись нового &quot;документа РасчетОплатыНерабочихПраздничныхДнейРасш&quot;" classname="Дымовые тесты" time="11.432">
			<error>Элемент Фирма отсуствует на форме

{ВнешняяОбработка.Условие.Форма.Форма.Форма(263)}:

Технические данные:
        ЗаголовокАктивногоОкна: Расчет оплаты нерабочих праздничных дней: Расчет оплаты нерабочих праздничных дней (создание)
        ИмяАктивнойФормы: Документ.РасчетОплатыНерабочихПраздничныхДнейРасш.Форма.ФормаДокументаУФ
        ИмяФичи: Дымовые тесты
        ИмяСценария: Запись нового "документа РасчетОплатыНерабочихПраздничныхДнейРасш"
        НомерСтрокиДерева: 1 159
        НомерСтрокиФичи: 850
        ПолныйПутьКФиче: e:\vanessa\corp\features\beforeRelease\3 Документы по зарплате.feature
        ИмяФайла: e:\vanessa\vanessa-automation\features\Libraries\Условие\step_definitions\Условие.epf
        ИмяПроцедуры: ЯВызываюИсключение
        ИмяРаннера: ts1scont
        ТипПлатформы: Windows x86
        ТипКлиентаТестирования: Тонкий
        СтрокаСоединения: File="e:\vanessa\corp\features\tools\ServiceBases\Bases\v83CORP_BSP_BTS";
        PIDКлиентаТестирования: 4088
        ВерсияVA: ver 1.2.038.1
        ВерсияПлатформы: 8.3.19.1229
        РежимСовместимостиTestManager: Версия8_3_16
        ДатаВремяОшибки: 12.10.2022 0:15:42
</error>
			<system-out>[[ATTACHMENT|/tools/ServiceBases/ScreenShots/4d110b61-c850-4cd9-aab2-c5b116744863-attachment.png]]</system-out>
		</testcase>
		<testcase name="Запись нового &quot;документа РасчетОтпускных2010&quot;" classname="Дымовые тесты" time="9.736"/>
		<testcase name="Запись нового &quot;документа РасчетПоСредней&quot;" classname="Дымовые тесты" time="16.961">
			<error>Ошибка при вызове метода контекста (ПолучитьТекстыСообщенийПользователю): Метод не может быть вызван для данного объекта (1С:Предприятие)

{ВнешняяОбработка.РаботаСОкномСообщений.Форма.Форма.Форма(430)}:

Технические данные:
        ЗаголовокАктивногоОкна: 1С:Предприятие
        ИмяАктивнойФормы: ErrorWindow
        ИмяФичи: Дымовые тесты
        ИмяСценария: Запись нового "документа РасчетПоСредней"
        НомерСтрокиДерева: 1 230
        НомерСтрокиФичи: 953
        ПолныйПутьКФиче: e:\vanessa\corp\features\beforeRelease\3 Документы по зарплате.feature
        ИмяФайла: e:\vanessa\vanessa-automation\features\Libraries\UITestRunner\step_definitions\РаботаСОкномСообщений.epf
        ИмяПроцедуры: ЯСохраняюТекстСообщенияВПеременную
        ИмяРаннера: ts1scont
        ТипПлатформы: Windows x86
        ТипКлиентаТестирования: Тонкий
        СтрокаСоединения: File="e:\vanessa\corp\features\tools\ServiceBases\Bases\v83CORP_BSP_BTS";
        PIDКлиентаТестирования: 4088
        ВерсияVA: ver 1.2.038.1
        ВерсияПлатформы: 8.3.19.1229
        РежимСовместимостиTestManager: Версия8_3_16
        ДатаВремяОшибки: 12.10.2022 0:16:12
        ДеталиОшибки:
                Ошибка при выполнении обработчика - 'ОбработкаПроведения'
                по причине:
                Запись не верна! Период регистрации не может быть пустым (Регистр расчета: Основные начисления; Номер строки: 1)
                по причине:
                Запись не верна! Период регистрации не может быть пустым (Регистр расчета: Основные начисления; Номер строки: 1)

</error>
			<system-out>[[ATTACHMENT|/tools/ServiceBases/ScreenShots/de3379f2-bb3c-4d8b-aad4-93f086ee2bfa-attachment.png]]</system-out>
		</testcase>
		<testcase name="Запись нового &quot;документа ТабельУчетаРабочегоВремени2010&quot;" classname="Дымовые тесты" time="10.977"/>
		<testcase name="Запись нового &quot;документа Увольнение&quot;" classname="Дымовые тесты" time="10.141"/>
	</testsuite>
	<testsuite name="Дымовые тесты" errors="0" skipped="0" tests="1" failures="0" time="11.165">
		<testcase name="Запись нового &quot;документа ПрихНалоговаяНакладная&quot;" classname="Дымовые тесты" time="11.165"/>
	</testsuite>
	<testsuite name="Дымовые тесты" errors="0" skipped="0" tests="1" failures="1" time="12.202">
		<testcase name="Запись нового &quot;документа РасхНалоговаяНакладная&quot;" classname="Дымовые тесты" time="12.202">
			<error>Элемент Фирма отсуствует на форме

{ВнешняяОбработка.Условие.Форма.Форма.Форма(263)}:

Технические данные:
        ЗаголовокАктивногоОкна: Виды Расходных
        ИмяАктивнойФормы: Перечисление.ВидыРасходных.Форма.ФормаВыбораУФОсн
        ИмяФичи: Дымовые тесты
        ИмяСценария: Запись нового "документа РасхНалоговаяНакладная"
        НомерСтрокиДерева: 1 671
        НомерСтрокиФичи: 206
        ПолныйПутьКФиче: e:\vanessa\corp\features\beforeRelease\5 Расходные документы.feature
        ИмяФайла: e:\vanessa\vanessa-automation\features\Libraries\Условие\step_definitions\Условие.epf
        ИмяПроцедуры: ЯВызываюИсключение
        ИмяРаннера: ts1scont
        ТипПлатформы: Windows x86
        ТипКлиентаТестирования: Тонкий
        СтрокаСоединения: File="e:\vanessa\corp\features\tools\ServiceBases\Bases\v83CORP_BSP_BTS";
        PIDКлиентаТестирования: 4088
        ВерсияVA: ver 1.2.038.1
        ВерсияПлатформы: 8.3.19.1229
        РежимСовместимостиTestManager: Версия8_3_16
        ДатаВремяОшибки: 12.10.2022 0:17:06
</error>
			<system-out>[[ATTACHMENT|/tools/ServiceBases/ScreenShots/46027945-b39b-4462-a3cc-56abde6bdce5-attachment.png]]</system-out>
		</testcase>
	</testsuite>
	<testsuite name="Дымовые тесты" errors="0" skipped="0" tests="1" failures="0" time="8.525">
		<testcase name="Запись нового &quot;документа УстановкаЦенНоменклатуры&quot;" classname="Дымовые тесты" time="8.525"/>
	</testsuite>
	<testsuite name="Дымовые тесты" errors="0" skipped="0" tests="10" failures="4" time="140.531">
		<testcase name="Запись нового &quot;документа АктНаСписание&quot;" classname="Дымовые тесты" time="10.187"/>
		<testcase name="Запись нового &quot;документа ВводВЭксплуатацию&quot;" classname="Дымовые тесты" time="8.926"/>
		<testcase name="Запись нового &quot;документа ВводВЭксплуатациюНМА&quot;" classname="Дымовые тесты" time="9.126"/>
		<testcase name="Запись нового &quot;документа ВыбытиеОС&quot;" classname="Дымовые тесты" time="9.937"/>
		<testcase name="Запись нового &quot;документа ИзносОС&quot;" classname="Дымовые тесты" time="22.208">
			<error>Ошибка при вызове метода контекста (ПолучитьТекстыСообщенийПользователю): Метод не может быть вызван для данного объекта (1С:Предприятие)

{ВнешняяОбработка.РаботаСОкномСообщений.Форма.Форма.Форма(430)}:

Технические данные:
        ЗаголовокАктивногоОкна: 1С:Предприятие
        ИмяАктивнойФормы: ErrorWindow
        ИмяФичи: Дымовые тесты
        ИмяСценария: Запись нового "документа ИзносОС"
        НомерСтрокиДерева: 2 192
        НомерСтрокиФичи: 401
        ПолныйПутьКФиче: e:\vanessa\corp\features\beforeRelease\6 ОС и НМА.feature
        ИмяФайла: e:\vanessa\vanessa-automation\features\Libraries\UITestRunner\step_definitions\РаботаСОкномСообщений.epf
        ИмяПроцедуры: ЯСохраняюТекстСообщенияВПеременную
        ИмяРаннера: ts1scont
        ТипПлатформы: Windows x86
        ТипКлиентаТестирования: Тонкий
        СтрокаСоединения: File="e:\vanessa\corp\features\tools\ServiceBases\Bases\v83CORP_BSP_BTS";
        PIDКлиентаТестирования: 4088
        ВерсияVA: ver 1.2.038.1
        ВерсияПлатформы: 8.3.19.1229
        РежимСовместимостиTestManager: Версия8_3_16
        ДатаВремяОшибки: 12.10.2022 0:18:23
Текст модального окна:
    Дата оперативно проводимого документа больше текущей. Документ не может быть проведен оперативно!
</error>
			<system-out>[[ATTACHMENT|/tools/ServiceBases/ScreenShots/b6dedb53-9004-4af5-ac94-0ee1317c6f9d-attachment.png]]</system-out>
		</testcase>
		<testcase name="Запись нового &quot;документа КапитализацияЗатрат&quot;" classname="Дымовые тесты" time="17.965">
			<error>Ошибка при вызове метода контекста (ПолучитьТекстыСообщенийПользователю): Метод не может быть вызван для данного объекта (1С:Предприятие)

{ВнешняяОбработка.РаботаСОкномСообщений.Форма.Форма.Форма(430)}:

Технические данные:
        ЗаголовокАктивногоОкна: 1С:Предприятие
        ИмяАктивнойФормы: ErrorWindow
        ИмяФичи: Дымовые тесты
        ИмяСценария: Запись нового "документа КапитализацияЗатрат"
        НомерСтрокиДерева: 2 223
        НомерСтрокиФичи: 447
        ПолныйПутьКФиче: e:\vanessa\corp\features\beforeRelease\6 ОС и НМА.feature
        ИмяФайла: e:\vanessa\vanessa-automation\features\Libraries\UITestRunner\step_definitions\РаботаСОкномСообщений.epf
        ИмяПроцедуры: ЯСохраняюТекстСообщенияВПеременную
        ИмяРаннера: ts1scont
        ТипПлатформы: Windows x86
        ТипКлиентаТестирования: Тонкий
        СтрокаСоединения: File="e:\vanessa\corp\features\tools\ServiceBases\Bases\v83CORP_BSP_BTS";
        PIDКлиентаТестирования: 4088
        ВерсияVA: ver 1.2.038.1
        ВерсияПлатформы: 8.3.19.1229
        РежимСовместимостиTestManager: Версия8_3_16
        ДатаВремяОшибки: 12.10.2022 0:18:46
        ДеталиОшибки:
                Ошибка при выполнении обработчика - 'ОбработкаПроведения'
                по причине:
                Запись не верна! Не заполнен счет дебета (Регистр бухгалтерии: Хозрасчетный; Номер строки: 1)
                по причине:
                Запись не верна! Не заполнен счет дебета (Регистр бухгалтерии: Хозрасчетный; Номер строки: 1)

</error>
			<system-out>[[ATTACHMENT|/tools/ServiceBases/ScreenShots/a46daead-6efd-44e8-a017-661033e57e03-attachment.png]]</system-out>
		</testcase>
		<testcase name="Запись нового &quot;документа НачислениеИзносаОС&quot;" classname="Дымовые тесты" time="22.065">
			<error>Ошибка при вызове метода контекста (ПолучитьТекстыСообщенийПользователю): Метод не может быть вызван для данного объекта (1С:Предприятие)

{ВнешняяОбработка.РаботаСОкномСообщений.Форма.Форма.Форма(430)}:

Технические данные:
        ЗаголовокАктивногоОкна: 1С:Предприятие
        ИмяАктивнойФормы: ErrorWindow
        ИмяФичи: Дымовые тесты
        ИмяСценария: Запись нового "документа НачислениеИзносаОС"
        НомерСтрокиДерева: 2 254
        НомерСтрокиФичи: 493
        ПолныйПутьКФиче: e:\vanessa\corp\features\beforeRelease\6 ОС и НМА.feature
        ИмяФайла: e:\vanessa\vanessa-automation\features\Libraries\UITestRunner\step_definitions\РаботаСОкномСообщений.epf
        ИмяПроцедуры: ЯСохраняюТекстСообщенияВПеременную
        ИмяРаннера: ts1scont
        ТипПлатформы: Windows x86
        ТипКлиентаТестирования: Тонкий
        СтрокаСоединения: File="e:\vanessa\corp\features\tools\ServiceBases\Bases\v83CORP_BSP_BTS";
        PIDКлиентаТестирования: 4088
        ВерсияVA: ver 1.2.038.1
        ВерсияПлатформы: 8.3.19.1229
        РежимСовместимостиTestManager: Версия8_3_16
        ДатаВремяОшибки: 12.10.2022 0:19:15
Текст модального окна:
    Не удалось провести: "Износ основных средств"!
</error>
			<system-out>[[ATTACHMENT|/tools/ServiceBases/ScreenShots/d8648064-af3e-4013-b05c-afe65332193c-attachment.png]]</system-out>
		</testcase>
		<testcase name="Запись нового &quot;документа НачислИзносНМА&quot;" classname="Дымовые тесты" time="22.069">
			<error>Ошибка при вызове метода контекста (ПолучитьТекстыСообщенийПользователю): Метод не может быть вызван для данного объекта (1С:Предприятие)

{ВнешняяОбработка.РаботаСОкномСообщений.Форма.Форма.Форма(430)}:

Технические данные:
        ЗаголовокАктивногоОкна: 1С:Предприятие
        ИмяАктивнойФормы: ErrorWindow
        ИмяФичи: Дымовые тесты
        ИмяСценария: Запись нового "документа НачислИзносНМА"
        НомерСтрокиДерева: 2 285
        НомерСтрокиФичи: 539
        ПолныйПутьКФиче: e:\vanessa\corp\features\beforeRelease\6 ОС и НМА.feature
        ИмяФайла: e:\vanessa\vanessa-automation\features\Libraries\UITestRunner\step_definitions\РаботаСОкномСообщений.epf
        ИмяПроцедуры: ЯСохраняюТекстСообщенияВПеременную
        ИмяРаннера: ts1scont
        ТипПлатформы: Windows x86
        ТипКлиентаТестирования: Тонкий
        СтрокаСоединения: File="e:\vanessa\corp\features\tools\ServiceBases\Bases\v83CORP_BSP_BTS";
        PIDКлиентаТестирования: 4088
        ВерсияVA: ver 1.2.038.1
        ВерсияПлатформы: 8.3.19.1229
        РежимСовместимостиTestManager: Версия8_3_16
        ДатаВремяОшибки: 12.10.2022 0:19:43
Текст модального окна:
    Не удалось провести: "Амортизация нематериальных активов"!
</error>
			<system-out>[[ATTACHMENT|/tools/ServiceBases/ScreenShots/b8ca0515-65c0-46b8-b591-4f1ec9a36255-attachment.png]]</system-out>
		</testcase>
		<testcase name="Запись нового &quot;документа ПоступлениеОС&quot;" classname="Дымовые тесты" time="8.925"/>
		<testcase name="Запись нового &quot;документа СписаниеОС&quot;" classname="Дымовые тесты" time="9.123"/>
	</testsuite>
	<testsuite name="Дымовые тесты" errors="0" skipped="0" tests="7" failures="0" time="50.52">
		<testcase name="Запись нового &quot;документа АнулБлнкСтрогОтч&quot;" classname="Дымовые тесты" time="10.141"/>
		<testcase name="Запись нового &quot;документа ПриходБСО&quot;" classname="Дымовые тесты" time="10.164"/>
		<testcase name="Запись нового &quot;документа СписаниеБСО&quot;" classname="Дымовые тесты" time="9.937"/>
		<testcase name="Запись нового &quot;документа СписаниеРасходовБудущихПериодов&quot;" classname="Дымовые тесты" time="8.922"/>
		<testcase name="Запись нового &quot;отчета АктИнвентаризацииБСО&quot;" classname="Дымовые тесты" time="3.446"/>
		<testcase name="Запись нового &quot;отчета ОстаткиИОборотыПоБСО&quot;" classname="Дымовые тесты" time="4.062"/>
		<testcase name="Запись нового &quot;отчета РеестрБСО&quot;" classname="Дымовые тесты" time="3.848"/>
	</testsuite>
	<testsuite name="Дымовые тесты" errors="0" skipped="0" tests="6" failures="1" time="65.221">
		<testcase name="Запись нового &quot;документа Инв1&quot;" classname="Дымовые тесты" time="9.937"/>
		<testcase name="Запись нового &quot;документа Инв4&quot;" classname="Дымовые тесты" time="18.78">
			<error>Ошибка при вызове метода контекста (ПолучитьТекстыСообщенийПользователю): Метод не может быть вызван для данного объекта (1С:Предприятие)

{ВнешняяОбработка.РаботаСОкномСообщений.Форма.Форма.Форма(430)}:

Технические данные:
        ЗаголовокАктивногоОкна: 1С:Предприятие
        ИмяАктивнойФормы: ErrorWindow
        ИмяФичи: Дымовые тесты
        ИмяСценария: Запись нового "документа Инв4"
        НомерСтрокиДерева: 2 880
        НомерСтрокиФичи: 263
        ПолныйПутьКФиче: e:\vanessa\corp\features\beforeRelease\8 Инвентаризация.feature
        ИмяФайла: e:\vanessa\vanessa-automation\features\Libraries\UITestRunner\step_definitions\РаботаСОкномСообщений.epf
        ИмяПроцедуры: ЯСохраняюТекстСообщенияВПеременную
        ИмяРаннера: ts1scont
        ТипПлатформы: Windows x86
        ТипКлиентаТестирования: Тонкий
        СтрокаСоединения: File="e:\vanessa\corp\features\tools\ServiceBases\Bases\v83CORP_BSP_BTS";
        PIDКлиентаТестирования: 4088
        ВерсияVA: ver 1.2.038.1
        ВерсияПлатформы: 8.3.19.1229
        РежимСовместимостиTestManager: Версия8_3_16
        ДатаВремяОшибки: 12.10.2022 0:21:35
        ДеталиОшибки:
                Ошибка записи! Не установлен отбор по регистратору (Регистр бухгалтерии: Хозрасчетный)
                {Документ.Инв4.Форма.ФормаДокументаУФ.Форма(576)}:
	РегХозрасчетный.Записать();    
                
                по причине:
                Ошибка записи! Не установлен отбор по регистратору (Регистр бухгалтерии: Хозрасчетный)

</error>
			<system-out>[[ATTACHMENT|/tools/ServiceBases/ScreenShots/0e8f6f29-82ab-4c62-a6ce-f4788f1f4d1b-attachment.png]]</system-out>
		</testcase>
		<testcase name="Запись нового &quot;документа Инв5&quot;" classname="Дымовые тесты" time="9.934"/>
		<testcase name="Запись нового &quot;документа Инв6&quot;" classname="Дымовые тесты" time="9.129"/>
		<testcase name="Запись нового &quot;документа Инв7&quot;" classname="Дымовые тесты" time="8.317"/>
		<testcase name="Запись нового &quot;документа ИнвПриказ&quot;" classname="Дымовые тесты" time="9.124"/>
	</testsuite>
</testsuites>