<?xml version="1.0" encoding="UTF-8"?>
<testsuites>
	<testsuite name="Дымовые тесты" errors="0" skipped="0" tests="319" failures="6" time="1157.388">
		<testcase name="Открытие формы списка &quot;Tarifele&quot;" classname="Дымовые тесты" time="26.785"/>
		<testcase name="Открытие формы объекта &quot;Tarifele&quot;" classname="Дымовые тесты" time="3.622"/>
		<testcase name="Открытие формы списка &quot;Авто_БланкиВнешние&quot;" classname="Дымовые тесты" time="3.732"/>
		<testcase name="Открытие формы объекта &quot;Авто_БланкиВнешние&quot;" classname="Дымовые тесты" time="3.485"/>
		<testcase name="Открытие формы списка &quot;Авто_ВидыОплаты&quot;" classname="Дымовые тесты" time="3.227"/>
		<testcase name="Открытие формы объекта &quot;Авто_ВидыОплаты&quot;" classname="Дымовые тесты" time="3.745"/>
		<testcase name="Открытие формы списка &quot;Авто_ВидыТМЦ&quot;" classname="Дымовые тесты" time="3.053"/>
		<testcase name="Открытие формы объекта &quot;Авто_ВидыТМЦ&quot;" classname="Дымовые тесты" time="3.439"/>
		<testcase name="Открытие формы списка &quot;Авто_КонтрагентыВнешние&quot;" classname="Дымовые тесты" time="3.74"/>
		<testcase name="Открытие формы объекта &quot;Авто_КонтрагентыВнешние&quot;" classname="Дымовые тесты" time="8.125">
			<error>Не удалось открыть форму справочника Авто_КонтрагентыВнешние

{ВнешняяОбработка.Условие.Форма.Форма.Форма(263)}:

Технические данные:
        ЗаголовокАктивногоОкна: 1С:Предприятие
        ИмяАктивнойФормы: ErrorWindow
        ИмяФичи: Дымовые тесты
        ИмяСценария: Открытие формы объекта "Авто_КонтрагентыВнешние"
        НомерСтрокиДерева: 73
        НомерСтрокиФичи: 89
        ПолныйПутьКФиче: e:\vanessa\corp\features\beforeRelease\001. Открытие форм справочников.feature
        ИмяФайла: e:\vanessa\vanessa-automation\features\Libraries\Условие\step_definitions\Условие.epf
        ИмяПроцедуры: ЯВызываюИсключение
        ИмяРаннера: ts1scont
        ТипПлатформы: Windows x86
        ТипКлиентаТестирования: Web
        СтрокаСоединения: http://localhost/v83ServiceBaseCorp8319/ru_RU/
        PIDКлиентаТестирования: 0
        ВерсияVA: ver 1.2.038.1
        ВерсияПлатформы: 8.3.19.1229
        РежимСовместимостиTestManager: Версия8_3_18
        ДатаВремяОшибки: 09.08.2022 22:30:15
Текст модального окна:
    К сожалению, возникла непредвиденная ошибка  Попробуйте повторить операцию. Если ошибка повторится, попробуйте перезапустить приложение или обратитесь к администратору приложения или техническому специалисту.
</error>
			<system-out>[[ATTACHMENT|/tools/ServiceBases/ScreenShots/be3e85de-5876-4280-92a5-61b057336236-attachment.png]]</system-out>
		</testcase>
		<testcase name="Открытие формы списка &quot;Авто_Маршруты&quot;" classname="Дымовые тесты" time="3.554"/>
		<testcase name="Открытие формы объекта &quot;Авто_Маршруты&quot;" classname="Дымовые тесты" time="3.28"/>
		<testcase name="Открытие формы списка &quot;Авто_ТипыАвто&quot;" classname="Дымовые тесты" time="3.213"/>
		<testcase name="Открытие формы объекта &quot;Авто_ТипыАвто&quot;" classname="Дымовые тесты" time="3.319"/>
		<testcase name="Открытие формы списка &quot;АвтоПас_АвтоСтанции&quot;" classname="Дымовые тесты" time="3.137"/>
		<testcase name="Открытие формы объекта &quot;АвтоПас_АвтоСтанции&quot;" classname="Дымовые тесты" time="3.418"/>
		<testcase name="Открытие формы списка &quot;АвтоПас_Города&quot;" classname="Дымовые тесты" time="3.489"/>
		<testcase name="Открытие формы объекта &quot;АвтоПас_Города&quot;" classname="Дымовые тесты" time="3.483"/>
		<testcase name="Открытие формы списка &quot;АвтоПас_ГрафикиМаршрутов&quot;" classname="Дымовые тесты" time="3.5"/>
		<testcase name="Открытие формы объекта &quot;АвтоПас_ГрафикиМаршрутов&quot;" classname="Дымовые тесты" time="3.607"/>
		<testcase name="Открытие формы списка &quot;АвтоПас_Рейсы&quot;" classname="Дымовые тесты" time="3.269"/>
		<testcase name="Открытие формы объекта &quot;АвтоПас_Рейсы&quot;" classname="Дымовые тесты" time="3.037"/>
		<testcase name="Открытие формы списка &quot;АдресаПотребителейКомунальныхУслуг&quot;" classname="Дымовые тесты" time="3.427"/>
		<testcase name="Открытие формы объекта &quot;АдресаПотребителейКомунальныхУслуг&quot;" classname="Дымовые тесты" time="3.366"/>
		<testcase name="Открытие формы списка &quot;Банки&quot;" classname="Дымовые тесты" time="3.564"/>
		<testcase name="Открытие формы объекта &quot;Банки&quot;" classname="Дымовые тесты" time="2.916"/>
		<testcase name="Открытие формы списка &quot;Бланки&quot;" classname="Дымовые тесты" time="3.283"/>
		<testcase name="Открытие формы объекта &quot;Бланки&quot;" classname="Дымовые тесты" time="3.031"/>
		<testcase name="Открытие формы списка &quot;БланкиСтрогойОтчетности&quot;" classname="Дымовые тесты" time="3.438"/>
		<testcase name="Открытие формы объекта &quot;БланкиСтрогойОтчетности&quot;" classname="Дымовые тесты" time="3.225"/>
		<testcase name="Открытие формы списка &quot;Валюты&quot;" classname="Дымовые тесты" time="3.973"/>
		<testcase name="Открытие формы объекта &quot;Валюты&quot;" classname="Дымовые тесты" time="3.69"/>
		<testcase name="Открытие формы списка &quot;Взаиморасчеты&quot;" classname="Дымовые тесты" time="3.143"/>
		<testcase name="Открытие формы объекта &quot;Взаиморасчеты&quot;" classname="Дымовые тесты" time="3.653"/>
		<testcase name="Открытие формы списка &quot;ВидыВыбытияОС&quot;" classname="Дымовые тесты" time="3.349"/>
		<testcase name="Открытие формы объекта &quot;ВидыВыбытияОС&quot;" classname="Дымовые тесты" time="3.162"/>
		<testcase name="Открытие формы списка &quot;ВидыДеятельности&quot;" classname="Дымовые тесты" time="3.471"/>
		<testcase name="Открытие формы объекта &quot;ВидыДеятельности&quot;" classname="Дымовые тесты" time="3.552"/>
		<testcase name="Открытие формы списка &quot;ВидыКонтактнойИнформации&quot;" classname="Дымовые тесты" time="3.521"/>
		<testcase name="Открытие формы объекта &quot;ВидыКонтактнойИнформации&quot;" classname="Дымовые тесты" time="3.53"/>
		<testcase name="Открытие формы списка &quot;ВидыЛьгот&quot;" classname="Дымовые тесты" time="3.557"/>
		<testcase name="Открытие формы объекта &quot;ВидыЛьгот&quot;" classname="Дымовые тесты" time="3.244"/>
		<testcase name="Открытие формы списка &quot;ВидыОсвобождений&quot;" classname="Дымовые тесты" time="3.573"/>
		<testcase name="Открытие формы объекта &quot;ВидыОсвобождений&quot;" classname="Дымовые тесты" time="3.073"/>
		<testcase name="Открытие формы списка &quot;ВидыОсвобожденийПоПН&quot;" classname="Дымовые тесты" time="3.234"/>
		<testcase name="Открытие формы объекта &quot;ВидыОсвобожденийПоПН&quot;" classname="Дымовые тесты" time="3.415"/>
		<testcase name="Открытие формы списка &quot;ВидыОтпусков&quot;" classname="Дымовые тесты" time="3.532"/>
		<testcase name="Открытие формы объекта &quot;ВидыОтпусков&quot;" classname="Дымовые тесты" time="3.091"/>
		<testcase name="Открытие формы списка &quot;ВидыПоступленийОС&quot;" classname="Дымовые тесты" time="3.503"/>
		<testcase name="Открытие формы объекта &quot;ВидыПоступленийОС&quot;" classname="Дымовые тесты" time="3.348"/>
		<testcase name="Открытие формы списка &quot;ВидыСчетчиков&quot;" classname="Дымовые тесты" time="3.901"/>
		<testcase name="Открытие формы объекта &quot;ВидыСчетчиков&quot;" classname="Дымовые тесты" time="3.133"/>
		<testcase name="Открытие формы списка &quot;ВнешниеОбработки&quot;" classname="Дымовые тесты" time="3.327"/>
		<testcase name="Открытие формы объекта &quot;ВнешниеОбработки&quot;" classname="Дымовые тесты" time="3.724"/>
		<testcase name="Открытие формы списка &quot;Год&quot;" classname="Дымовые тесты" time="3.599"/>
		<testcase name="Открытие формы объекта &quot;Год&quot;" classname="Дымовые тесты" time="3.252"/>
		<testcase name="Открытие формы списка &quot;ГрафикиРаботы&quot;" classname="Дымовые тесты" time="3.425"/>
		<testcase name="Открытие формы объекта &quot;ГрафикиРаботы&quot;" classname="Дымовые тесты" time="3.977"/>
		<testcase name="Открытие формы списка &quot;ГруппыПользователей&quot;" classname="Дымовые тесты" time="3.422"/>
		<testcase name="Открытие формы объекта &quot;ГруппыПользователей&quot;" classname="Дымовые тесты" time="2.959"/>
		<testcase name="Открытие формы списка &quot;ДенежныеСредства&quot;" classname="Дымовые тесты" time="3.931"/>
		<testcase name="Открытие формы объекта &quot;ДенежныеСредства&quot;" classname="Дымовые тесты" time="3.32"/>
		<testcase name="Открытие формы списка &quot;ДисконтныеКарты&quot;" classname="Дымовые тесты" time="3.547"/>
		<testcase name="Открытие формы объекта &quot;ДисконтныеКарты&quot;" classname="Дымовые тесты" time="3.505"/>
		<testcase name="Открытие формы списка &quot;Договора&quot;" classname="Дымовые тесты" time="3.877"/>
		<testcase name="Открытие формы объекта &quot;Договора&quot;" classname="Дымовые тесты" time="3.29"/>
		<testcase name="Открытие формы списка &quot;Должности&quot;" classname="Дымовые тесты" time="3.771"/>
		<testcase name="Открытие формы объекта &quot;Должности&quot;" classname="Дымовые тесты" time="3.261"/>
		<testcase name="Открытие формы списка &quot;ДоходыБудущихПериодов&quot;" classname="Дымовые тесты" time="3.273"/>
		<testcase name="Открытие формы объекта &quot;ДоходыБудущихПериодов&quot;" classname="Дымовые тесты" time="3.795"/>
		<testcase name="Открытие формы списка &quot;Драгметаллы&quot;" classname="Дымовые тесты" time="3.133"/>
		<testcase name="Открытие формы объекта &quot;Драгметаллы&quot;" classname="Дымовые тесты" time="3.356"/>
		<testcase name="Открытие формы списка &quot;ЖВ_Комиссии&quot;" classname="Дымовые тесты" time="3.558"/>
		<testcase name="Открытие формы объекта &quot;ЖВ_Комиссии&quot;" classname="Дымовые тесты" time="3.273"/>
		<testcase name="Открытие формы списка &quot;ЖурналыДокументов&quot;" classname="Дымовые тесты" time="3.515"/>
		<testcase name="Открытие формы объекта &quot;ЖурналыДокументов&quot;" classname="Дымовые тесты" time="3.011"/>
		<testcase name="Открытие формы списка &quot;ЗакрытиеОтрицательныхОстатков&quot;" classname="Дымовые тесты" time="3.326"/>
		<testcase name="Открытие формы объекта &quot;ЗакрытиеОтрицательныхОстатков&quot;" classname="Дымовые тесты" time="3.367"/>
		<testcase name="Открытие формы списка &quot;Залы&quot;" classname="Дымовые тесты" time="3.361"/>
		<testcase name="Открытие формы объекта &quot;Залы&quot;" classname="Дымовые тесты" time="3.322"/>
		<testcase name="Открытие формы списка &quot;Затраты&quot;" classname="Дымовые тесты" time="3.715"/>
		<testcase name="Открытие формы объекта &quot;Затраты&quot;" classname="Дымовые тесты" time="3.245"/>
		<testcase name="Открытие формы списка &quot;ЗемельныеУчастки&quot;" classname="Дымовые тесты" time="3.588"/>
		<testcase name="Открытие формы объекта &quot;ЗемельныеУчастки&quot;" classname="Дымовые тесты" time="4.355"/>
		<testcase name="Открытие формы списка &quot;Изготовители&quot;" classname="Дымовые тесты" time="3.162"/>
		<testcase name="Открытие формы объекта &quot;Изготовители&quot;" classname="Дымовые тесты" time="3.314"/>
		<testcase name="Открытие формы списка &quot;Импорт&quot;" classname="Дымовые тесты" time="3.386"/>
		<testcase name="Открытие формы объекта &quot;Импорт&quot;" classname="Дымовые тесты" time="3.247"/>
		<testcase name="Открытие формы списка &quot;Календари&quot;" classname="Дымовые тесты" time="3.291"/>
		<testcase name="Открытие формы объекта &quot;Календари&quot;" classname="Дымовые тесты" time="3.254"/>
		<testcase name="Открытие формы списка &quot;КатегорииДолжностей&quot;" classname="Дымовые тесты" time="3.459"/>
		<testcase name="Открытие формы объекта &quot;КатегорииДолжностей&quot;" classname="Дымовые тесты" time="3.141"/>
		<testcase name="Открытие формы списка &quot;КатегорииЗатрат&quot;" classname="Дымовые тесты" time="3.296"/>
		<testcase name="Открытие формы объекта &quot;КатегорииЗатрат&quot;" classname="Дымовые тесты" time="3.7"/>
		<testcase name="Открытие формы списка &quot;КатегорииСотрудников&quot;" classname="Дымовые тесты" time="3.367"/>
		<testcase name="Открытие формы объекта &quot;КатегорииСотрудников&quot;" classname="Дымовые тесты" time="3.071"/>
		<testcase name="Открытие формы списка &quot;КатегорииСтрахования&quot;" classname="Дымовые тесты" time="3.706"/>
		<testcase name="Открытие формы объекта &quot;КатегорииСтрахования&quot;" classname="Дымовые тесты" time="7.575">
			<error>Не удалось открыть форму справочника КатегорииСтрахования

{ВнешняяОбработка.Условие.Форма.Форма.Форма(263)}:

Технические данные:
        ЗаголовокАктивногоОкна: 1С:Предприятие
        ИмяАктивнойФормы: ErrorWindow
        ИмяФичи: Дымовые тесты
        ИмяСценария: Открытие формы объекта "КатегорииСтрахования"
        НомерСтрокиДерева: 513
        НомерСтрокиФичи: 749
        ПолныйПутьКФиче: e:\vanessa\corp\features\beforeRelease\001. Открытие форм справочников.feature
        ИмяФайла: e:\vanessa\vanessa-automation\features\Libraries\Условие\step_definitions\Условие.epf
        ИмяПроцедуры: ЯВызываюИсключение
        ИмяРаннера: ts1scont
        ТипПлатформы: Windows x86
        ТипКлиентаТестирования: Web
        СтрокаСоединения: http://localhost/v83ServiceBaseCorp8319/ru_RU/
        PIDКлиентаТестирования: 0
        ВерсияVA: ver 1.2.038.1
        ВерсияПлатформы: 8.3.19.1229
        РежимСовместимостиTestManager: Версия8_3_18
        ДатаВремяОшибки: 09.08.2022 22:37:27
Текст модального окна:
    Не удалось перейти по навигационной ссылке  Возможно, ссылка введена не полностью, получена для другого приложения, или устарела.  Что может помочь?     • Проверьте правильность ссылки     • Убедитесь, что ссылка открывается в соответствующем приложении  Если ошибка повторится, обратитесь к техническому специалисту.
</error>
			<system-out>[[ATTACHMENT|/tools/ServiceBases/ScreenShots/f2f7ab53-676d-4c44-b377-6c64f7e6777f-attachment.png]]</system-out>
		</testcase>
		<testcase name="Открытие формы списка &quot;КАТЕМ&quot;" classname="Дымовые тесты" time="3.343"/>
		<testcase name="Открытие формы объекта &quot;КАТЕМ&quot;" classname="Дымовые тесты" time="3.236"/>
		<testcase name="Открытие формы списка &quot;КачестваЗемли&quot;" classname="Дымовые тесты" time="3.324"/>
		<testcase name="Открытие формы объекта &quot;КачестваЗемли&quot;" classname="Дымовые тесты" time="3.34"/>
		<testcase name="Открытие формы списка &quot;КлассификаторДолжностей&quot;" classname="Дымовые тесты" time="3.398"/>
		<testcase name="Открытие формы объекта &quot;КлассификаторДолжностей&quot;" classname="Дымовые тесты" time="3.347"/>
		<testcase name="Открытие формы списка &quot;КлассификаторЕдиницИзмерения&quot;" classname="Дымовые тесты" time="3.276"/>
		<testcase name="Открытие формы объекта &quot;КлассификаторЕдиницИзмерения&quot;" classname="Дымовые тесты" time="3.346"/>
		<testcase name="Открытие формы списка &quot;КлассификаторИспользованияРабочегоВремени&quot;" classname="Дымовые тесты" time="3.704"/>
		<testcase name="Открытие формы объекта &quot;КлассификаторИспользованияРабочегоВремени&quot;" classname="Дымовые тесты" time="3.147"/>
		<testcase name="Открытие формы списка &quot;КлассификаторОС&quot;" classname="Дымовые тесты" time="3.369"/>
		<testcase name="Открытие формы объекта &quot;КлассификаторОС&quot;" classname="Дымовые тесты" time="3.369"/>
		<testcase name="Открытие формы списка &quot;КлассификаторСоцСтатуса&quot;" classname="Дымовые тесты" time="3.948"/>
		<testcase name="Открытие формы объекта &quot;КлассификаторСоцСтатуса&quot;" classname="Дымовые тесты" time="3.3"/>
		<testcase name="Открытие формы списка &quot;КлассификаторСтранМира&quot;" classname="Дымовые тесты" time="3.749"/>
		<testcase name="Открытие формы объекта &quot;КлассификаторСтранМира&quot;" classname="Дымовые тесты" time="3.255"/>
		<testcase name="Открытие формы списка &quot;КлассификаторТрудовыхОтношений&quot;" classname="Дымовые тесты" time="3.757"/>
		<testcase name="Открытие формы объекта &quot;КлассификаторТрудовыхОтношений&quot;" classname="Дымовые тесты" time="3.264"/>
		<testcase name="Открытие формы списка &quot;КодыГосударственнойНалоговойИнспекции&quot;" classname="Дымовые тесты" time="3.973"/>
		<testcase name="Открытие формы объекта &quot;КодыГосударственнойНалоговойИнспекции&quot;" classname="Дымовые тесты" time="3.494"/>
		<testcase name="Открытие формы списка &quot;КодыРасходовСоцФонда&quot;" classname="Дымовые тесты" time="3.294"/>
		<testcase name="Открытие формы объекта &quot;КодыРасходовСоцФонда&quot;" classname="Дымовые тесты" time="3.321"/>
		<testcase name="Открытие формы списка &quot;КоммунальныеУслуги&quot;" classname="Дымовые тесты" time="3.477"/>
		<testcase name="Открытие формы объекта &quot;КоммунальныеУслуги&quot;" classname="Дымовые тесты" time="3.217"/>
		<testcase name="Открытие формы списка &quot;Контрагенты&quot;" classname="Дымовые тесты" time="3.49"/>
		<testcase name="Открытие формы объекта &quot;Контрагенты&quot;" classname="Дымовые тесты" time="4.617"/>
		<testcase name="Открытие формы списка &quot;Контролеры&quot;" classname="Дымовые тесты" time="3.323"/>
		<testcase name="Открытие формы объекта &quot;Контролеры&quot;" classname="Дымовые тесты" time="3.446"/>
		<testcase name="Открытие формы списка &quot;КОПФ&quot;" classname="Дымовые тесты" time="3.557"/>
		<testcase name="Открытие формы объекта &quot;КОПФ&quot;" classname="Дымовые тесты" time="3.727"/>
		<testcase name="Открытие формы списка &quot;КФС&quot;" classname="Дымовые тесты" time="3.266"/>
		<testcase name="Открытие формы объекта &quot;КФС&quot;" classname="Дымовые тесты" time="3.158"/>
		<testcase name="Открытие формы списка &quot;Марки&quot;" classname="Дымовые тесты" time="3.371"/>
		<testcase name="Открытие формы объекта &quot;Марки&quot;" classname="Дымовые тесты" time="3.269"/>
		<testcase name="Открытие формы списка &quot;МБП&quot;" classname="Дымовые тесты" time="3.512"/>
		<testcase name="Открытие формы объекта &quot;МБП&quot;" classname="Дымовые тесты" time="3.303"/>
		<testcase name="Открытие формы списка &quot;МесяцГод&quot;" classname="Дымовые тесты" time="3.535"/>
		<testcase name="Открытие формы объекта &quot;МесяцГод&quot;" classname="Дымовые тесты" time="3.257"/>
		<testcase name="Открытие формы списка &quot;НаличиеДрагметалла&quot;" classname="Дымовые тесты" time="3.276"/>
		<testcase name="Открытие формы объекта &quot;НаличиеДрагметалла&quot;" classname="Дымовые тесты" time="3.178"/>
		<testcase name="Открытие формы списка &quot;Налоги&quot;" classname="Дымовые тесты" time="3.822"/>
		<testcase name="Открытие формы объекта &quot;Налоги&quot;" classname="Дымовые тесты" time="3.343"/>
		<testcase name="Открытие формы списка &quot;НастройкиВыписки&quot;" classname="Дымовые тесты" time="3.646"/>
		<testcase name="Открытие формы объекта &quot;НастройкиВыписки&quot;" classname="Дымовые тесты" time="3.251"/>
		<testcase name="Открытие формы списка &quot;НастройкиОбменаДанными&quot;" classname="Дымовые тесты" time="3.741"/>
		<testcase name="Открытие формы объекта &quot;НастройкиОбменаДанными&quot;" classname="Дымовые тесты" time="3.869"/>
		<testcase name="Открытие формы списка &quot;НачисленийИУдержаний&quot;" classname="Дымовые тесты" time="3.909"/>
		<testcase name="Открытие формы объекта &quot;НачисленийИУдержаний&quot;" classname="Дымовые тесты" time="3.224"/>
		<testcase name="Открытие формы списка &quot;НематАктивы&quot;" classname="Дымовые тесты" time="4.321"/>
		<testcase name="Открытие формы объекта &quot;НематАктивы&quot;" classname="Дымовые тесты" time="3.56"/>
		<testcase name="Открытие формы списка &quot;Номенклатура&quot;" classname="Дымовые тесты" time="4.554"/>
		<testcase name="Открытие формы объекта &quot;Номенклатура&quot;" classname="Дымовые тесты" time="4.082"/>
		<testcase name="Открытие формы списка &quot;НоменклатурныеГруппы&quot;" classname="Дымовые тесты" time="3.543"/>
		<testcase name="Открытие формы объекта &quot;НоменклатурныеГруппы&quot;" classname="Дымовые тесты" time="3.829"/>
		<testcase name="Открытие формы списка &quot;НоменклатураПрисоединенныеФайлы&quot;" classname="Дымовые тесты" time="3.884"/>
		<testcase name="Открытие формы объекта &quot;НоменклатураПрисоединенныеФайлы&quot;" classname="Дымовые тесты" time="3.124"/>
		<testcase name="Открытие формы списка &quot;НомераГТД&quot;" classname="Дымовые тесты" time="3.715"/>
		<testcase name="Открытие формы объекта &quot;НомераГТД&quot;" classname="Дымовые тесты" time="3.055"/>
		<testcase name="Открытие формы списка &quot;ОснованияУвольненияИзОрганизации&quot;" classname="Дымовые тесты" time="3.74"/>
		<testcase name="Открытие формы объекта &quot;ОснованияУвольненияИзОрганизации&quot;" classname="Дымовые тесты" time="3.548"/>
		<testcase name="Открытие формы списка &quot;ОсновныеСредства&quot;" classname="Дымовые тесты" time="3.782"/>
		<testcase name="Открытие формы объекта &quot;ОсновныеСредства&quot;" classname="Дымовые тесты" time="4.139"/>
		<testcase name="Открытие формы списка &quot;ПараметрыРасчетов&quot;" classname="Дымовые тесты" time="3.797"/>
		<testcase name="Открытие формы объекта &quot;ПараметрыРасчетов&quot;" classname="Дымовые тесты" time="3.769"/>
		<testcase name="Открытие формы списка &quot;Платежи&quot;" classname="Дымовые тесты" time="3.325"/>
		<testcase name="Открытие формы объекта &quot;Платежи&quot;" classname="Дымовые тесты" time="3.47"/>
		<testcase name="Открытие формы списка &quot;Подразделения&quot;" classname="Дымовые тесты" time="3.69"/>
		<testcase name="Открытие формы объекта &quot;Подразделения&quot;" classname="Дымовые тесты" time="3.067"/>
		<testcase name="Открытие формы списка &quot;НалоговоеПодразделение&quot;" classname="Дымовые тесты" time="3.72"/>
		<testcase name="Открытие формы объекта &quot;НалоговоеПодразделение&quot;" classname="Дымовые тесты" time="3.378"/>
		<testcase name="Открытие формы списка &quot;Пользователи&quot;" classname="Дымовые тесты" time="3.583"/>
		<testcase name="Открытие формы объекта &quot;Пользователи&quot;" classname="Дымовые тесты" time="3.955"/>
		<testcase name="Открытие формы списка &quot;ПрибылиИУбытки&quot;" classname="Дымовые тесты" time="3.43"/>
		<testcase name="Открытие формы объекта &quot;ПрибылиИУбытки&quot;" classname="Дымовые тесты" time="3.568"/>
		<testcase name="Открытие формы списка &quot;ПричинаУвольнения&quot;" classname="Дымовые тесты" time="3.585"/>
		<testcase name="Открытие формы объекта &quot;ПричинаУвольнения&quot;" classname="Дымовые тесты" time="3.247"/>
		<testcase name="Открытие формы списка &quot;Проекты&quot;" classname="Дымовые тесты" time="3.481"/>
		<testcase name="Открытие формы объекта &quot;Проекты&quot;" classname="Дымовые тесты" time="3.755"/>
		<testcase name="Открытие формы списка &quot;РасходыБудущихПериодов&quot;" classname="Дымовые тесты" time="3.855"/>
		<testcase name="Открытие формы объекта &quot;РасходыБудущихПериодов&quot;" classname="Дымовые тесты" time="3.374"/>
		<testcase name="Открытие формы списка &quot;РасходыПоДоставке&quot;" classname="Дымовые тесты" time="3.524"/>
		<testcase name="Открытие формы объекта &quot;РасходыПоДоставке&quot;" classname="Дымовые тесты" time="3.374"/>
		<testcase name="Открытие формы списка &quot;РасчетныеСчета&quot;" classname="Дымовые тесты" time="3.203"/>
		<testcase name="Открытие формы объекта &quot;РасчетныеСчета&quot;" classname="Дымовые тесты" time="3.213"/>
		<testcase name="Открытие формы списка &quot;РасчетныеСчетаФирмы&quot;" classname="Дымовые тесты" time="3.512"/>
		<testcase name="Открытие формы объекта &quot;РасчетныеСчетаФирмы&quot;" classname="Дымовые тесты" time="3.472"/>
		<testcase name="Открытие формы списка &quot;РегламентированныеОтчеты&quot;" classname="Дымовые тесты" time="3.535"/>
		<testcase name="Открытие формы объекта &quot;РегламентированныеОтчеты&quot;" classname="Дымовые тесты" time="3.416"/>
		<testcase name="Открытие формы списка &quot;Склады&quot;" classname="Дымовые тесты" time="3.322"/>
		<testcase name="Открытие формы объекта &quot;Склады&quot;" classname="Дымовые тесты" time="3.678"/>
		<testcase name="Открытие формы списка &quot;Смены&quot;" classname="Дымовые тесты" time="3.488"/>
		<testcase name="Открытие формы объекта &quot;Смены&quot;" classname="Дымовые тесты" time="3.045"/>
		<testcase name="Открытие формы списка &quot;Сотрудники&quot;" classname="Дымовые тесты" time="3.973"/>
		<testcase name="Открытие формы объекта &quot;Сотрудники&quot;" classname="Дымовые тесты" time="4.421"/>
		<testcase name="Открытие формы списка &quot;СохраненныеНастройки&quot;" classname="Дымовые тесты" time="3.841"/>
		<testcase name="Открытие формы объекта &quot;СохраненныеНастройки&quot;" classname="Дымовые тесты" time="7.999">
			<error>Не удалось открыть форму справочника СохраненныеНастройки

{ВнешняяОбработка.Условие.Форма.Форма.Форма(263)}:

Технические данные:
        ЗаголовокАктивногоОкна: 1С:Предприятие
        ИмяАктивнойФормы: ErrorWindow
        ИмяФичи: Дымовые тесты
        ИмяСценария: Открытие формы объекта "СохраненныеНастройки"
        НомерСтрокиДерева: 993
        НомерСтрокиФичи: 1 469
        ПолныйПутьКФиче: e:\vanessa\corp\features\beforeRelease\001. Открытие форм справочников.feature
        ИмяФайла: e:\vanessa\vanessa-automation\features\Libraries\Условие\step_definitions\Условие.epf
        ИмяПроцедуры: ЯВызываюИсключение
        ИмяРаннера: ts1scont
        ТипПлатформы: Windows x86
        ТипКлиентаТестирования: Web
        СтрокаСоединения: http://localhost/v83ServiceBaseCorp8319/ru_RU/
        PIDКлиентаТестирования: 0
        ВерсияVA: ver 1.2.038.1
        ВерсияПлатформы: 8.3.19.1229
        РежимСовместимостиTestManager: Версия8_3_18
        ДатаВремяОшибки: 09.08.2022 22:45:29
Текст модального окна:
    К сожалению, возникла непредвиденная ошибка  Попробуйте повторить операцию. Если ошибка повторится, попробуйте перезапустить приложение или обратитесь к администратору приложения или техническому специалисту.
</error>
			<system-out>[[ATTACHMENT|/tools/ServiceBases/ScreenShots/8be38b3c-0724-417c-ab4b-d78e97fde825-attachment.png]]</system-out>
		</testcase>
		<testcase name="Открытие формы списка &quot;СпецификацииНоменклатуры&quot;" classname="Дымовые тесты" time="3.764"/>
		<testcase name="Открытие формы объекта &quot;СпецификацииНоменклатуры&quot;" classname="Дымовые тесты" time="3.367"/>
		<testcase name="Открытие формы списка &quot;СпособыОтраженияЗарплатыВБухучете&quot;" classname="Дымовые тесты" time="3.473"/>
		<testcase name="Открытие формы объекта &quot;СпособыОтраженияЗарплатыВБухучете&quot;" classname="Дымовые тесты" time="3.368"/>
		<testcase name="Открытие формы списка &quot;СтавкиНДС&quot;" classname="Дымовые тесты" time="3.471"/>
		<testcase name="Открытие формы объекта &quot;СтавкиНДС&quot;" classname="Дымовые тесты" time="3.133"/>
		<testcase name="Открытие формы списка &quot;Статьи5С_2011&quot;" classname="Дымовые тесты" time="3.165"/>
		<testcase name="Открытие формы объекта &quot;Статьи5С_2011&quot;" classname="Дымовые тесты" time="3.254"/>
		<testcase name="Открытие формы списка &quot;Статьи5С_2014&quot;" classname="Дымовые тесты" time="3.195"/>
		<testcase name="Открытие формы объекта &quot;Статьи5С_2014&quot;" classname="Дымовые тесты" time="3.37"/>
		<testcase name="Открытие формы списка &quot;Статьи5С_2017&quot;" classname="Дымовые тесты" time="3.523"/>
		<testcase name="Открытие формы объекта &quot;Статьи5С_2017&quot;" classname="Дымовые тесты" time="3.776"/>
		<testcase name="Открытие формы списка &quot;СтатьиЗатратЗаложенныеБюджетом&quot;" classname="Дымовые тесты" time="3.494"/>
		<testcase name="Открытие формы объекта &quot;СтатьиЗатратЗаложенныеБюджетом&quot;" classname="Дымовые тесты" time="3.301"/>
		<testcase name="Открытие формы списка &quot;Столы&quot;" classname="Дымовые тесты" time="3.251"/>
		<testcase name="Открытие формы объекта &quot;Столы&quot;" classname="Дымовые тесты" time="3.417"/>
		<testcase name="Открытие формы списка &quot;СценарииОбменовДанными&quot;" classname="Дымовые тесты" time="3.421"/>
		<testcase name="Открытие формы объекта &quot;СценарииОбменовДанными&quot;" classname="Дымовые тесты" time="3.191"/>
		<testcase name="Открытие формы списка &quot;Счетчики&quot;" classname="Дымовые тесты" time="3.665"/>
		<testcase name="Открытие формы объекта &quot;Счетчики&quot;" classname="Дымовые тесты" time="3.366"/>
		<testcase name="Открытие формы списка &quot;ТаможенныеКоды&quot;" classname="Дымовые тесты" time="3.515"/>
		<testcase name="Открытие формы объекта &quot;ТаможенныеКоды&quot;" classname="Дымовые тесты" time="3.133"/>
		<testcase name="Открытие формы списка &quot;ТаможенныеТарифы&quot;" classname="Дымовые тесты" time="3.28"/>
		<testcase name="Открытие формы объекта &quot;ТаможенныеТарифы&quot;" classname="Дымовые тесты" time="3.393"/>
		<testcase name="Открытие формы списка &quot;ТарифыЭА_ЗЛ&quot;" classname="Дымовые тесты" time="3.278"/>
		<testcase name="Открытие формы объекта &quot;ТарифыЭА_ЗЛ&quot;" classname="Дымовые тесты" time="3.512"/>
		<testcase name="Открытие формы списка &quot;ТипДокумента&quot;" classname="Дымовые тесты" time="3.138"/>
		<testcase name="Открытие формы объекта &quot;ТипДокумента&quot;" classname="Дымовые тесты" time="3.433"/>
		<testcase name="Открытие формы списка &quot;ТиповыеОперации&quot;" classname="Дымовые тесты" time="3.669"/>
		<testcase name="Открытие формы объекта &quot;ТиповыеОперации&quot;" classname="Дымовые тесты" time="3.685"/>
		<testcase name="Открытие формы списка &quot;ТипыОбъектовОС&quot;" classname="Дымовые тесты" time="3.673"/>
		<testcase name="Открытие формы объекта &quot;ТипыОбъектовОС&quot;" classname="Дымовые тесты" time="3.38"/>
		<testcase name="Открытие формы списка &quot;ТипыОпераций&quot;" classname="Дымовые тесты" time="3.285"/>
		<testcase name="Открытие формы объекта &quot;ТипыОпераций&quot;" classname="Дымовые тесты" time="3.03"/>
		<testcase name="Открытие формы списка &quot;ТипыОсвобожденийПоПН&quot;" classname="Дымовые тесты" time="3.544"/>
		<testcase name="Открытие формы объекта &quot;ТипыОсвобожденийПоПН&quot;" classname="Дымовые тесты" time="3.324"/>
		<testcase name="Открытие формы списка &quot;ТипыФормы&quot;" classname="Дымовые тесты" time="3.628"/>
		<testcase name="Открытие формы объекта &quot;ТипыФормы&quot;" classname="Дымовые тесты" time="3.446"/>
		<testcase name="Открытие формы списка &quot;ТипыЦенНоменклатуры&quot;" classname="Дымовые тесты" time="3.378"/>
		<testcase name="Открытие формы объекта &quot;ТипыЦенНоменклатуры&quot;" classname="Дымовые тесты" time="3.467"/>
		<testcase name="Открытие формы списка &quot;ТКСС&quot;" classname="Дымовые тесты" time="3.173"/>
		<testcase name="Открытие формы объекта &quot;ТКСС&quot;" classname="Дымовые тесты" time="3.915"/>
		<testcase name="Открытие формы списка &quot;ТраншиПроектов&quot;" classname="Дымовые тесты" time="3.671"/>
		<testcase name="Открытие формы объекта &quot;ТраншиПроектов&quot;" classname="Дымовые тесты" time="3.358"/>
		<testcase name="Открытие формы списка &quot;ТрудоваяКнижка&quot;" classname="Дымовые тесты" time="3.336"/>
		<testcase name="Открытие формы объекта &quot;ТрудоваяКнижка&quot;" classname="Дымовые тесты" time="3.315"/>
		<testcase name="Открытие формы списка &quot;НастройкиОтчетов&quot;" classname="Дымовые тесты" time="3.444"/>
		<testcase name="Открытие формы объекта &quot;НастройкиОтчетов&quot;" classname="Дымовые тесты" time="3.576"/>
		<testcase name="Открытие формы списка &quot;Удалить_Статьи5С&quot;" classname="Дымовые тесты" time="3.696"/>
		<testcase name="Открытие формы объекта &quot;Удалить_Статьи5С&quot;" classname="Дымовые тесты" time="3.51"/>
		<testcase name="Открытие формы списка &quot;Удалить_Статьи5С_Новый&quot;" classname="Дымовые тесты" time="3.832"/>
		<testcase name="Открытие формы объекта &quot;Удалить_Статьи5С_Новый&quot;" classname="Дымовые тесты" time="2.906"/>
		<testcase name="Открытие формы списка &quot;УдержанияСоцФонда&quot;" classname="Дымовые тесты" time="3.201"/>
		<testcase name="Открытие формы объекта &quot;УдержанияСоцФонда&quot;" classname="Дымовые тесты" time="3.33"/>
		<testcase name="Открытие формы списка &quot;Фирмы&quot;" classname="Дымовые тесты" time="4.167"/>
		<testcase name="Открытие формы объекта &quot;Фирмы&quot;" classname="Дымовые тесты" time="3.674"/>
		<testcase name="Открытие формы списка &quot;Фонды&quot;" classname="Дымовые тесты" time="3.958"/>
		<testcase name="Открытие формы объекта &quot;Фонды&quot;" classname="Дымовые тесты" time="4.038"/>
		<testcase name="Открытие формы списка &quot;ЦенныеБумаги&quot;" classname="Дымовые тесты" time="3.756"/>
		<testcase name="Открытие формы объекта &quot;ЦенныеБумаги&quot;" classname="Дымовые тесты" time="3.368"/>
		<testcase name="Открытие формы списка &quot;Чины_И_Классы&quot;" classname="Дымовые тесты" time="3.169"/>
		<testcase name="Открытие формы объекта &quot;Чины_И_Классы&quot;" classname="Дымовые тесты" time="3.353"/>
		<testcase name="Открытие формы списка &quot;ШиныИАккумуляторы&quot;" classname="Дымовые тесты" time="3.423"/>
		<testcase name="Открытие формы объекта &quot;ШиныИАккумуляторы&quot;" classname="Дымовые тесты" time="3.256"/>
		<testcase name="Открытие формы списка &quot;Языки&quot;" classname="Дымовые тесты" time="3.925"/>
		<testcase name="Открытие формы объекта &quot;Языки&quot;" classname="Дымовые тесты" time="2.988"/>
		<testcase name="Открытие формы списка &quot;CRM_БизнесРегионы&quot;" classname="Дымовые тесты" time="3.768"/>
		<testcase name="Открытие формы объекта &quot;CRM_БизнесРегионы&quot;" classname="Дымовые тесты" time="3.769"/>
		<testcase name="Открытие формы списка &quot;ТомаХраненияФайлов&quot;" classname="Дымовые тесты" time="7.278">
			<error>Не удалось открыть форму справочника ТомаХраненияФайлов

{ВнешняяОбработка.Условие.Форма.Форма.Форма(263)}:

Технические данные:
        ЗаголовокАктивногоОкна: 1С:Предприятие
        ИмяАктивнойФормы: ErrorWindow
        ИмяФичи: Дымовые тесты
        ИмяСценария: Открытие формы списка "ТомаХраненияФайлов"
        НомерСтрокиДерева: 1 338
        НомерСтрокиФичи: 1 987
        ПолныйПутьКФиче: e:\vanessa\corp\features\beforeRelease\001. Открытие форм справочников.feature
        ИмяФайла: e:\vanessa\vanessa-automation\features\Libraries\Условие\step_definitions\Условие.epf
        ИмяПроцедуры: ЯВызываюИсключение
        ИмяРаннера: ts1scont
        ТипПлатформы: Windows x86
        ТипКлиентаТестирования: Web
        СтрокаСоединения: http://localhost/v83ServiceBaseCorp8319/ru_RU/
        PIDКлиентаТестирования: 0
        ВерсияVA: ver 1.2.038.1
        ВерсияПлатформы: 8.3.19.1229
        РежимСовместимостиTestManager: Версия8_3_18
        ДатаВремяОшибки: 09.08.2022 22:51:13
Текст модального окна:
    К сожалению, возникла непредвиденная ошибка  Попробуйте повторить операцию. Если ошибка повторится, попробуйте перезапустить приложение или обратитесь к администратору приложения или техническому специалисту.
</error>
			<system-out>[[ATTACHMENT|/tools/ServiceBases/ScreenShots/366794bc-e03f-4a55-a815-60fddcd79fd8-attachment.png]]</system-out>
		</testcase>
		<testcase name="Открытие формы объекта &quot;ТомаХраненияФайлов&quot;" classname="Дымовые тесты" time="6.904">
			<error>Не удалось открыть форму справочника ТомаХраненияФайлов

{ВнешняяОбработка.Условие.Форма.Форма.Форма(263)}:

Технические данные:
        ЗаголовокАктивногоОкна: 1С:Предприятие
        ИмяАктивнойФормы: ErrorWindow
        ИмяФичи: Дымовые тесты
        ИмяСценария: Открытие формы объекта "ТомаХраненияФайлов"
        НомерСтрокиДерева: 1 343
        НомерСтрокиФичи: 1 994
        ПолныйПутьКФиче: e:\vanessa\corp\features\beforeRelease\001. Открытие форм справочников.feature
        ИмяФайла: e:\vanessa\vanessa-automation\features\Libraries\Условие\step_definitions\Условие.epf
        ИмяПроцедуры: ЯВызываюИсключение
        ИмяРаннера: ts1scont
        ТипПлатформы: Windows x86
        ТипКлиентаТестирования: Web
        СтрокаСоединения: http://localhost/v83ServiceBaseCorp8319/ru_RU/
        PIDКлиентаТестирования: 0
        ВерсияVA: ver 1.2.038.1
        ВерсияПлатформы: 8.3.19.1229
        РежимСовместимостиTestManager: Версия8_3_18
        ДатаВремяОшибки: 09.08.2022 22:51:28
Текст модального окна:
    К сожалению, возникла непредвиденная ошибка  Попробуйте повторить операцию. Если ошибка повторится, попробуйте перезапустить приложение или обратитесь к администратору приложения или техническому специалисту.
</error>
			<system-out>[[ATTACHMENT|/tools/ServiceBases/ScreenShots/a6c7dca4-38e2-4e49-8651-f43a75b51c09-attachment.png]]</system-out>
		</testcase>
		<testcase name="Открытие формы списка &quot;ИдентификаторыОбъектовМетаданных&quot;" classname="Дымовые тесты" time="5.762">
			<error>Не удалось открыть форму справочника ИдентификаторыОбъектовМетаданных

{ВнешняяОбработка.Условие.Форма.Форма.Форма(263)}:

Технические данные:
        ЗаголовокАктивногоОкна: 1С:Предприятие
        ИмяАктивнойФормы: ErrorWindow
        ИмяФичи: Дымовые тесты
        ИмяСценария: Открытие формы списка "ИдентификаторыОбъектовМетаданных"
        НомерСтрокиДерева: 1 348
        НомерСтрокиФичи: 2 002
        ПолныйПутьКФиче: e:\vanessa\corp\features\beforeRelease\001. Открытие форм справочников.feature
        ИмяФайла: e:\vanessa\vanessa-automation\features\Libraries\Условие\step_definitions\Условие.epf
        ИмяПроцедуры: ЯВызываюИсключение
        ИмяРаннера: ts1scont
        ТипПлатформы: Windows x86
        ТипКлиентаТестирования: Web
        СтрокаСоединения: http://localhost/v83ServiceBaseCorp8319/ru_RU/
        PIDКлиентаТестирования: 0
        ВерсияVA: ver 1.2.038.1
        ВерсияПлатформы: 8.3.19.1229
        РежимСовместимостиTestManager: Версия8_3_18
        ДатаВремяОшибки: 09.08.2022 22:51:42
        ДеталиОшибки:
                Метод объекта не обнаружен (ФормаСпискаПриСозданииНаСервере)
                {Справочник.ИдентификаторыОбъектовМетаданных.Форма.ФормаСписка.Форма(7)}:
	Справочники.ИдентификаторыОбъектовМетаданных.ФормаСпискаПриСозданииНаСервере(ЭтотОбъект);
                

</error>
			<system-out>[[ATTACHMENT|/tools/ServiceBases/ScreenShots/5865c12d-66ed-49f1-817c-47bd596f3172-attachment.png]]</system-out>
		</testcase>
		<testcase name="Открытие формы объекта &quot;ИдентификаторыОбъектовМетаданных&quot;" classname="Дымовые тесты" time="3.828"/>
		<testcase name="Открытие формы списка &quot;CRM_Взаимодействия&quot;" classname="Дымовые тесты" time="3.512"/>
		<testcase name="Открытие формы объекта &quot;CRM_Взаимодействия&quot;" classname="Дымовые тесты" time="3.111"/>
		<testcase name="Открытие формы списка &quot;CRM_ВидыДеятельности&quot;" classname="Дымовые тесты" time="3.966"/>
		<testcase name="Открытие формы объекта &quot;CRM_ВидыДеятельности&quot;" classname="Дымовые тесты" time="3.585"/>
		<testcase name="Открытие формы списка &quot;CRM_ВидыСделок&quot;" classname="Дымовые тесты" time="3.268"/>
		<testcase name="Открытие формы объекта &quot;CRM_ВидыСделок&quot;" classname="Дымовые тесты" time="3.67"/>
		<testcase name="Открытие формы списка &quot;CRM_Вложения_Взаимодействия&quot;" classname="Дымовые тесты" time="3.742"/>
		<testcase name="Открытие формы объекта &quot;CRM_Вложения_Взаимодействия&quot;" classname="Дымовые тесты" time="3.15"/>
		<testcase name="Открытие формы списка &quot;CRM_Вложения_Договора&quot;" classname="Дымовые тесты" time="3.51"/>
		<testcase name="Открытие формы объекта &quot;CRM_Вложения_Договора&quot;" classname="Дымовые тесты" time="3.269"/>
		<testcase name="Открытие формы списка &quot;CRM_Вложения_Контрагенты&quot;" classname="Дымовые тесты" time="3.599"/>
		<testcase name="Открытие формы объекта &quot;CRM_Вложения_Контрагенты&quot;" classname="Дымовые тесты" time="3.455"/>
		<testcase name="Открытие формы списка &quot;CRM_Вложения_Сделки&quot;" classname="Дымовые тесты" time="3.489"/>
		<testcase name="Открытие формы объекта &quot;CRM_Вложения_Сделки&quot;" classname="Дымовые тесты" time="3.58"/>
		<testcase name="Открытие формы списка &quot;CRM_Города&quot;" classname="Дымовые тесты" time="3.545"/>
		<testcase name="Открытие формы объекта &quot;CRM_Города&quot;" classname="Дымовые тесты" time="3.547"/>
		<testcase name="Открытие формы списка &quot;CRM_ДоговораСКлиентами&quot;" classname="Дымовые тесты" time="3.266"/>
		<testcase name="Открытие формы объекта &quot;CRM_ДоговораСКлиентами&quot;" classname="Дымовые тесты" time="3.584"/>
		<testcase name="Открытие формы списка &quot;CRM_ДолжностиКонтактныхЛиц&quot;" classname="Дымовые тесты" time="3.357"/>
		<testcase name="Открытие формы объекта &quot;CRM_ДолжностиКонтактныхЛиц&quot;" classname="Дымовые тесты" time="3.074"/>
		<testcase name="Открытие формы списка &quot;CRM_Индексы&quot;" classname="Дымовые тесты" time="3.53"/>
		<testcase name="Открытие формы объекта &quot;CRM_Индексы&quot;" classname="Дымовые тесты" time="2.936"/>
		<testcase name="Открытие формы списка &quot;CRM_ИсточникиОбращения&quot;" classname="Дымовые тесты" time="3.336"/>
		<testcase name="Открытие формы объекта &quot;CRM_ИсточникиОбращения&quot;" classname="Дымовые тесты" time="3.75"/>
		<testcase name="Открытие формы списка &quot;CRM_КонтактныеЛица&quot;" classname="Дымовые тесты" time="3.871"/>
		<testcase name="Открытие формы объекта &quot;CRM_КонтактныеЛица&quot;" classname="Дымовые тесты" time="3.339"/>
		<testcase name="Открытие формы списка &quot;CRM_Контрагенты&quot;" classname="Дымовые тесты" time="3.982"/>
		<testcase name="Открытие формы объекта &quot;CRM_Контрагенты&quot;" classname="Дымовые тесты" time="3.56"/>
		<testcase name="Открытие формы списка &quot;CRM_НомераДляАдресов&quot;" classname="Дымовые тесты" time="3.54"/>
		<testcase name="Открытие формы объекта &quot;CRM_НомераДляАдресов&quot;" classname="Дымовые тесты" time="3.135"/>
		<testcase name="Открытие формы списка &quot;CRM_ПрофилиВСоциальныхСетях&quot;" classname="Дымовые тесты" time="3.37"/>
		<testcase name="Открытие формы объекта &quot;CRM_ПрофилиВСоциальныхСетях&quot;" classname="Дымовые тесты" time="3.731"/>
		<testcase name="Открытие формы списка &quot;CRM_Районы&quot;" classname="Дымовые тесты" time="3.657"/>
		<testcase name="Открытие формы объекта &quot;CRM_Районы&quot;" classname="Дымовые тесты" time="3.455"/>
		<testcase name="Открытие формы списка &quot;CRM_Регионы&quot;" classname="Дымовые тесты" time="3.233"/>
		<testcase name="Открытие формы объекта &quot;CRM_Регионы&quot;" classname="Дымовые тесты" time="3.129"/>
		<testcase name="Открытие формы списка &quot;CRM_Роли&quot;" classname="Дымовые тесты" time="3.44"/>
		<testcase name="Открытие формы объекта &quot;CRM_Роли&quot;" classname="Дымовые тесты" time="3.026"/>
		<testcase name="Открытие формы списка &quot;CRM_СделкиСКлиентами&quot;" classname="Дымовые тесты" time="3.765"/>
		<testcase name="Открытие формы объекта &quot;CRM_СделкиСКлиентами&quot;" classname="Дымовые тесты" time="3.657"/>
		<testcase name="Открытие формы списка &quot;CRM_СегментыКлиентов&quot;" classname="Дымовые тесты" time="4.186"/>
		<testcase name="Открытие формы объекта &quot;CRM_СегментыКлиентов&quot;" classname="Дымовые тесты" time="3.13"/>
		<testcase name="Открытие формы списка &quot;CRM_СоциальныеСети&quot;" classname="Дымовые тесты" time="3.309"/>
		<testcase name="Открытие формы объекта &quot;CRM_СоциальныеСети&quot;" classname="Дымовые тесты" time="3.558"/>
		<testcase name="Открытие формы списка &quot;CRM_СтадииCделок&quot;" classname="Дымовые тесты" time="3.697"/>
		<testcase name="Открытие формы объекта &quot;CRM_СтадииCделок&quot;" classname="Дымовые тесты" time="3.193"/>
		<testcase name="Открытие формы списка &quot;CRM_Улицы&quot;" classname="Дымовые тесты" time="3.898"/>
		<testcase name="Открытие формы объекта &quot;CRM_Улицы&quot;" classname="Дымовые тесты" time="3.466"/>
		<testcase name="Открытие формы списка &quot;CRM_ШаблоныСтадийСделок&quot;" classname="Дымовые тесты" time="3.807"/>
		<testcase name="Открытие формы объекта &quot;CRM_ШаблоныСтадийСделок&quot;" classname="Дымовые тесты" time="3.481"/>
		<testcase name="Открытие формы списка &quot;МетаданныеДляСтандартныхОтчетов&quot;" classname="Дымовые тесты" time="4.205"/>
		<testcase name="Открытие формы объекта &quot;МетаданныеДляСтандартныхОтчетов&quot;" classname="Дымовые тесты" time="3.344"/>
		<testcase name="Закрытие клиента тестирования" classname="Дымовые тесты" time="4.805"/>
	</testsuite>
	<testsuite name="002. Открытие форм документов" errors="0" skipped="0" tests="395" failures="12" time="1889.787">
		<testcase name="Открытие формы списка &quot;АвансовыйОтчет&quot;" classname="002. Открытие форм документов" time="14.13"/>
		<testcase name="Открытие формы объекта &quot;АвансовыйОтчет&quot;" classname="002. Открытие форм документов" time="4.98"/>
		<testcase name="Открытие формы списка &quot;Авто_АвансовыйОтчетВВалюте&quot;" classname="002. Открытие форм документов" time="3.262"/>
		<testcase name="Открытие формы объекта &quot;Авто_АвансовыйОтчетВВалюте&quot;" classname="002. Открытие форм документов" time="3.554"/>
		<testcase name="Открытие формы списка &quot;Авто_АктПриемкиПередачи&quot;" classname="002. Открытие форм документов" time="3.279"/>
		<testcase name="Открытие формы объекта &quot;Авто_АктПриемкиПередачи&quot;" classname="002. Открытие форм документов" time="3.478"/>
		<testcase name="Открытие формы списка &quot;Авто_Зарплата&quot;" classname="002. Открытие форм документов" time="3.518"/>
		<testcase name="Открытие формы объекта &quot;Авто_Зарплата&quot;" classname="002. Открытие форм документов" time="3.715"/>
		<testcase name="Открытие формы списка &quot;Авто_Заявка&quot;" classname="002. Открытие форм документов" time="3.635"/>
		<testcase name="Открытие формы объекта &quot;Авто_Заявка&quot;" classname="002. Открытие форм документов" time="3.788"/>
		<testcase name="Открытие формы списка &quot;Авто_ИзменениеСостоянияАвто&quot;" classname="002. Открытие форм документов" time="3.505"/>
		<testcase name="Открытие формы объекта &quot;Авто_ИзменениеСостоянияАвто&quot;" classname="002. Открытие форм документов" time="3.087"/>
		<testcase name="Открытие формы списка &quot;Авто_КалькуляцияПоКосвеннымЗатратам&quot;" classname="002. Открытие форм документов" time="3.608"/>
		<testcase name="Открытие формы объекта &quot;Авто_КалькуляцияПоКосвеннымЗатратам&quot;" classname="002. Открытие форм документов" time="3.49"/>
		<testcase name="Открытие формы списка &quot;Авто_КалькуляцияПоПрямымЗатратам&quot;" classname="002. Открытие форм документов" time="3.286"/>
		<testcase name="Открытие формы объекта &quot;Авто_КалькуляцияПоПрямымЗатратам&quot;" classname="002. Открытие форм документов" time="3.341"/>
		<testcase name="Открытие формы списка &quot;Авто_КалькуляцияУслуг&quot;" classname="002. Открытие форм документов" time="3.586"/>
		<testcase name="Открытие формы объекта &quot;Авто_КалькуляцияУслуг&quot;" classname="002. Открытие форм документов" time="3.821"/>
		<testcase name="Открытие формы списка &quot;Авто_ПеремещениеПоДатам&quot;" classname="002. Открытие форм документов" time="3.366"/>
		<testcase name="Открытие формы объекта &quot;Авто_ПеремещениеПоДатам&quot;" classname="002. Открытие форм документов" time="3.343"/>
		<testcase name="Открытие формы списка &quot;Авто_ПоказанияСпидометраНаКонецМесяца&quot;" classname="002. Открытие форм документов" time="3.738"/>
		<testcase name="Открытие формы объекта &quot;Авто_ПоказанияСпидометраНаКонецМесяца&quot;" classname="002. Открытие форм документов" time="3.365"/>
		<testcase name="Открытие формы списка &quot;Авто_РасхНалоговаяНакладная&quot;" classname="002. Открытие форм документов" time="3.971"/>
		<testcase name="Открытие формы объекта &quot;Авто_РасхНалоговаяНакладная&quot;" classname="002. Открытие форм документов" time="6.951">
			<error>Не удалось открыть форму документа Авто_РасхНалоговаяНакладная

{ВнешняяОбработка.Условие.Форма.Форма.Форма(263)}:

Технические данные:
        ЗаголовокАктивногоОкна: 1С:Предприятие
        ИмяАктивнойФормы: ErrorWindow
        ИмяФичи: 002. Открытие форм документов
        ИмяСценария: Открытие формы объекта "Авто_РасхНалоговаяНакладная"
        НомерСтрокиДерева: 1 759
        НомерСтрокиФичи: 195
        ПолныйПутьКФиче: e:\vanessa\corp\features\beforeRelease\002. Открытие форм документов.feature
        ИмяФайла: e:\vanessa\vanessa-automation\features\Libraries\Условие\step_definitions\Условие.epf
        ИмяПроцедуры: ЯВызываюИсключение
        ИмяРаннера: ts1scont
        ТипПлатформы: Windows x86
        ТипКлиентаТестирования: Web
        СтрокаСоединения: http://localhost/v83ServiceBaseCorp8319/ru_RU/
        PIDКлиентаТестирования: 0
        ВерсияVA: ver 1.2.038.1
        ВерсияПлатформы: 8.3.19.1229
        РежимСовместимостиTestManager: Версия8_3_18
        ДатаВремяОшибки: 09.08.2022 22:58:30
Текст модального окна:
    К сожалению, возникла непредвиденная ошибка  Попробуйте повторить операцию. Если ошибка повторится, попробуйте перезапустить приложение или обратитесь к администратору приложения или техническому специалисту.
</error>
			<system-out>[[ATTACHMENT|/tools/ServiceBases/ScreenShots/5752f8aa-b916-4674-bc97-dff00a17c052-attachment.png]]</system-out>
		</testcase>
		<testcase name="Открытие формы списка &quot;Авто_РасходТопливаПоНормам&quot;" classname="002. Открытие форм документов" time="3.693"/>
		<testcase name="Открытие формы объекта &quot;Авто_РасходТопливаПоНормам&quot;" classname="002. Открытие форм документов" time="4.338"/>
		<testcase name="Открытие формы списка &quot;АвтоПас_АктПриемкиПередачи&quot;" classname="002. Открытие форм документов" time="3.231"/>
		<testcase name="Открытие формы объекта &quot;АвтоПас_АктПриемкиПередачи&quot;" classname="002. Открытие форм документов" time="7.664">
			<error>Не удалось открыть форму документа АвтоПас_АктПриемкиПередачи

{ВнешняяОбработка.Условие.Форма.Форма.Форма(263)}:

Технические данные:
        ЗаголовокАктивногоОкна: 1С:Предприятие
        ИмяАктивнойФормы: ErrorWindow
        ИмяФичи: 002. Открытие форм документов
        ИмяСценария: Открытие формы объекта "АвтоПас_АктПриемкиПередачи"
        НомерСтрокиДерева: 1 779
        НомерСтрокиФичи: 225
        ПолныйПутьКФиче: e:\vanessa\corp\features\beforeRelease\002. Открытие форм документов.feature
        ИмяФайла: e:\vanessa\vanessa-automation\features\Libraries\Условие\step_definitions\Условие.epf
        ИмяПроцедуры: ЯВызываюИсключение
        ИмяРаннера: ts1scont
        ТипПлатформы: Windows x86
        ТипКлиентаТестирования: Web
        СтрокаСоединения: http://localhost/v83ServiceBaseCorp8319/ru_RU/
        PIDКлиентаТестирования: 0
        ВерсияVA: ver 1.2.038.1
        ВерсияПлатформы: 8.3.19.1229
        РежимСовместимостиTestManager: Версия8_3_18
        ДатаВремяОшибки: 09.08.2022 22:59:01
Текст модального окна:
    К сожалению, возникла непредвиденная ошибка  Попробуйте повторить операцию. Если ошибка повторится, попробуйте перезапустить приложение или обратитесь к администратору приложения или техническому специалисту.
</error>
			<system-out>[[ATTACHMENT|/tools/ServiceBases/ScreenShots/46e6499d-05b8-435f-a54c-372ea01dd500-attachment.png]]</system-out>
		</testcase>
		<testcase name="Открытие формы списка &quot;АвтоПас_ЗакрытиеАвансов&quot;" classname="002. Открытие форм документов" time="3.475"/>
		<testcase name="Открытие формы объекта &quot;АвтоПас_ЗакрытиеАвансов&quot;" classname="002. Открытие форм документов" time="3.513"/>
		<testcase name="Открытие формы списка &quot;АвтоПас_Заявка&quot;" classname="002. Открытие форм документов" time="3.574"/>
		<testcase name="Открытие формы объекта &quot;АвтоПас_Заявка&quot;" classname="002. Открытие форм документов" time="7.829">
			<error>Не удалось открыть форму документа АвтоПас_Заявка

{ВнешняяОбработка.Условие.Форма.Форма.Форма(263)}:

Технические данные:
        ЗаголовокАктивногоОкна: 1С:Предприятие
        ИмяАктивнойФормы: ErrorWindow
        ИмяФичи: 002. Открытие форм документов
        ИмяСценария: Открытие формы объекта "АвтоПас_Заявка"
        НомерСтрокиДерева: 1 799
        НомерСтрокиФичи: 255
        ПолныйПутьКФиче: e:\vanessa\corp\features\beforeRelease\002. Открытие форм документов.feature
        ИмяФайла: e:\vanessa\vanessa-automation\features\Libraries\Условие\step_definitions\Условие.epf
        ИмяПроцедуры: ЯВызываюИсключение
        ИмяРаннера: ts1scont
        ТипПлатформы: Windows x86
        ТипКлиентаТестирования: Web
        СтрокаСоединения: http://localhost/v83ServiceBaseCorp8319/ru_RU/
        PIDКлиентаТестирования: 0
        ВерсияVA: ver 1.2.038.1
        ВерсияПлатформы: 8.3.19.1229
        РежимСовместимостиTestManager: Версия8_3_18
        ДатаВремяОшибки: 09.08.2022 22:59:32
Текст модального окна:
    К сожалению, возникла непредвиденная ошибка  Попробуйте повторить операцию. Если ошибка повторится, попробуйте перезапустить приложение или обратитесь к администратору приложения или техническому специалисту.
</error>
			<system-out>[[ATTACHMENT|/tools/ServiceBases/ScreenShots/ab23b92a-d75e-46c8-bdbe-61695caf7ca9-attachment.png]]</system-out>
		</testcase>
		<testcase name="Открытие формы списка &quot;АвтоПас_КалькуляцияПоКосвеннымЗатратам&quot;" classname="002. Открытие форм документов" time="3.869"/>
		<testcase name="Открытие формы объекта &quot;АвтоПас_КалькуляцияПоКосвеннымЗатратам&quot;" classname="002. Открытие форм документов" time="3.282"/>
		<testcase name="Открытие формы списка &quot;АвтоПас_КалькуляцияПоПрямымЗатратам&quot;" classname="002. Открытие форм документов" time="3.82"/>
		<testcase name="Открытие формы объекта &quot;АвтоПас_КалькуляцияПоПрямымЗатратам&quot;" classname="002. Открытие форм документов" time="3.509"/>
		<testcase name="Открытие формы списка &quot;АвтоПас_ПеремещениеПоДатам&quot;" classname="002. Открытие форм документов" time="3.493"/>
		<testcase name="Открытие формы объекта &quot;АвтоПас_ПеремещениеПоДатам&quot;" classname="002. Открытие форм документов" time="8.114">
			<error>Не удалось открыть форму документа АвтоПас_ПеремещениеПоДатам

{ВнешняяОбработка.Условие.Форма.Форма.Форма(263)}:

Технические данные:
        ЗаголовокАктивногоОкна: 1С:Предприятие
        ИмяАктивнойФормы: ErrorWindow
        ИмяФичи: 002. Открытие форм документов
        ИмяСценария: Открытие формы объекта "АвтоПас_ПеремещениеПоДатам"
        НомерСтрокиДерева: 1 829
        НомерСтрокиФичи: 300
        ПолныйПутьКФиче: e:\vanessa\corp\features\beforeRelease\002. Открытие форм документов.feature
        ИмяФайла: e:\vanessa\vanessa-automation\features\Libraries\Условие\step_definitions\Условие.epf
        ИмяПроцедуры: ЯВызываюИсключение
        ИмяРаннера: ts1scont
        ТипПлатформы: Windows x86
        ТипКлиентаТестирования: Web
        СтрокаСоединения: http://localhost/v83ServiceBaseCorp8319/ru_RU/
        PIDКлиентаТестирования: 0
        ВерсияVA: ver 1.2.038.1
        ВерсияПлатформы: 8.3.19.1229
        РежимСовместимостиTestManager: Версия8_3_18
        ДатаВремяОшибки: 09.08.2022 23:00:12
Текст модального окна:
    К сожалению, возникла непредвиденная ошибка  Попробуйте повторить операцию. Если ошибка повторится, попробуйте перезапустить приложение или обратитесь к администратору приложения или техническому специалисту.
</error>
			<system-out>[[ATTACHMENT|/tools/ServiceBases/ScreenShots/5faa320b-d09b-483b-93b2-58a0d4939da3-attachment.png]]</system-out>
		</testcase>
		<testcase name="Открытие формы списка &quot;АвтоПас_ПоказанияСпидометраНаКонецМесяца&quot;" classname="002. Открытие форм документов" time="3.814"/>
		<testcase name="Открытие формы объекта &quot;АвтоПас_ПоказанияСпидометраНаКонецМесяца&quot;" classname="002. Открытие форм документов" time="3.369"/>
		<testcase name="Открытие формы списка &quot;АвтоПас_ПосадочныйЛист&quot;" classname="002. Открытие форм документов" time="3.478"/>
		<testcase name="Открытие формы объекта &quot;АвтоПас_ПосадочныйЛист&quot;" classname="002. Открытие форм документов" time="8.245">
			<error>Не удалось открыть форму документа АвтоПас_ПосадочныйЛист

{ВнешняяОбработка.Условие.Форма.Форма.Форма(263)}:

Технические данные:
        ЗаголовокАктивногоОкна: 1С:Предприятие
        ИмяАктивнойФормы: ErrorWindow
        ИмяФичи: 002. Открытие форм документов
        ИмяСценария: Открытие формы объекта "АвтоПас_ПосадочныйЛист"
        НомерСтрокиДерева: 1 849
        НомерСтрокиФичи: 330
        ПолныйПутьКФиче: e:\vanessa\corp\features\beforeRelease\002. Открытие форм документов.feature
        ИмяФайла: e:\vanessa\vanessa-automation\features\Libraries\Условие\step_definitions\Условие.epf
        ИмяПроцедуры: ЯВызываюИсключение
        ИмяРаннера: ts1scont
        ТипПлатформы: Windows x86
        ТипКлиентаТестирования: Web
        СтрокаСоединения: http://localhost/v83ServiceBaseCorp8319/ru_RU/
        PIDКлиентаТестирования: 0
        ВерсияVA: ver 1.2.038.1
        ВерсияПлатформы: 8.3.19.1229
        РежимСовместимостиTestManager: Версия8_3_18
        ДатаВремяОшибки: 09.08.2022 23:00:43
Текст модального окна:
    К сожалению, возникла непредвиденная ошибка  Попробуйте повторить операцию. Если ошибка повторится, попробуйте перезапустить приложение или обратитесь к администратору приложения или техническому специалисту.
</error>
			<system-out>[[ATTACHMENT|/tools/ServiceBases/ScreenShots/fc166be4-85ca-4dc3-96b6-67713c19a398-attachment.png]]</system-out>
		</testcase>
		<testcase name="Открытие формы списка &quot;АвтоПас_РасходТопливаПоНормам&quot;" classname="002. Открытие форм документов" time="3.772"/>
		<testcase name="Открытие формы объекта &quot;АвтоПас_РасходТопливаПоНормам&quot;" classname="002. Открытие форм документов" time="4.092"/>
		<testcase name="Открытие формы списка &quot;АктНаСписание&quot;" classname="002. Открытие форм документов" time="3.535"/>
		<testcase name="Открытие формы объекта &quot;АктНаСписание&quot;" classname="002. Открытие форм документов" time="4.723"/>
		<testcase name="Открытие формы списка &quot;АктСверкиВзаиморасчетов&quot;" classname="002. Открытие форм документов" time="3.514"/>
		<testcase name="Открытие формы объекта &quot;АктСверкиВзаиморасчетов&quot;" classname="002. Открытие форм документов" time="4.734"/>
		<testcase name="Открытие формы списка &quot;АктСнятияШин&quot;" classname="002. Открытие форм документов" time="3.371"/>
		<testcase name="Открытие формы объекта &quot;АктСнятияШин&quot;" classname="002. Открытие форм документов" time="3.53"/>
		<testcase name="Открытие формы списка &quot;АктУстановкиШинИАккумуляторов&quot;" classname="002. Открытие форм документов" time="3.658"/>
		<testcase name="Открытие формы объекта &quot;АктУстановкиШинИАккумуляторов&quot;" classname="002. Открытие форм документов" time="3.47"/>
		<testcase name="Открытие формы списка &quot;АнкетаЗастрахованногоЛица&quot;" classname="002. Открытие форм документов" time="3.831"/>
		<testcase name="Открытие формы объекта &quot;АнкетаЗастрахованногоЛица&quot;" classname="002. Открытие форм документов" time="3.388"/>
		<testcase name="Открытие формы списка &quot;АнулБлнкСтрогОтч&quot;" classname="002. Открытие форм документов" time="3.856"/>
		<testcase name="Открытие формы объекта &quot;АнулБлнкСтрогОтч&quot;" classname="002. Открытие форм документов" time="3.472"/>
		<testcase name="Открытие формы списка &quot;ВводВЭксплуатацию&quot;" classname="002. Открытие форм документов" time="3.375"/>
		<testcase name="Открытие формы объекта &quot;ВводВЭксплуатацию&quot;" classname="002. Открытие форм документов" time="3.449"/>
		<testcase name="Открытие формы списка &quot;ВводВЭксплуатациюНМА&quot;" classname="002. Открытие форм документов" time="3.969"/>
		<testcase name="Открытие формы объекта &quot;ВводВЭксплуатациюНМА&quot;" classname="002. Открытие форм документов" time="3.695"/>
		<testcase name="Открытие формы списка &quot;ВводОстатков&quot;" classname="002. Открытие форм документов" time="3.274"/>
		<testcase name="Открытие формы объекта &quot;ВводОстатков&quot;" classname="002. Открытие форм документов" time="3.571"/>
		<testcase name="Открытие формы списка &quot;ВозвратИзРозницы&quot;" classname="002. Открытие форм документов" time="3.482"/>
		<testcase name="Открытие формы объекта &quot;ВозвратИзРозницы&quot;" classname="002. Открытие форм документов" time="3.357"/>
		<testcase name="Открытие формы списка &quot;ВозвратИзРозницыСум&quot;" classname="002. Открытие форм документов" time="3.698"/>
		<testcase name="Открытие формы объекта &quot;ВозвратИзРозницыСум&quot;" classname="002. Открытие форм документов" time="3.668"/>
		<testcase name="Открытие формы списка &quot;ВыбытиеОС&quot;" classname="002. Открытие форм документов" time="3.501"/>
		<testcase name="Открытие формы объекта &quot;ВыбытиеОС&quot;" classname="002. Открытие форм документов" time="3.907"/>
		<testcase name="Открытие формы списка &quot;Выдача&quot;" classname="002. Открытие форм документов" time="3.481"/>
		<testcase name="Открытие формы объекта &quot;Выдача&quot;" classname="002. Открытие форм документов" time="3.908"/>
		<testcase name="Открытие формы списка &quot;ВыдачаЗаработнойПлаты&quot;" classname="002. Открытие форм документов" time="3.596"/>
		<testcase name="Открытие формы объекта &quot;ВыдачаЗаработнойПлаты&quot;" classname="002. Открытие форм документов" time="3.799"/>
		<testcase name="Открытие формы списка &quot;ВыпискиБанка&quot;" classname="002. Открытие форм документов" time="3.476"/>
		<testcase name="Открытие формы объекта &quot;ВыпискиБанка&quot;" classname="002. Открытие форм документов" time="4.565"/>
		<testcase name="Открытие формы списка &quot;ДляСоцФонда2013&quot;" classname="002. Открытие форм документов" time="3.339"/>
		<testcase name="Открытие формы объекта &quot;ДляСоцФонда2013&quot;" classname="002. Открытие форм документов" time="4.343"/>
		<testcase name="Открытие формы списка &quot;ДляСоцФонда2015&quot;" classname="002. Открытие форм документов" time="3.859"/>
		<testcase name="Открытие формы объекта &quot;ДляСоцФонда2015&quot;" classname="002. Открытие форм документов" time="3.491"/>
		<testcase name="Открытие формы списка &quot;Доведение216&quot;" classname="002. Открытие форм документов" time="3.336"/>
		<testcase name="Открытие формы объекта &quot;Доведение216&quot;" classname="002. Открытие форм документов" time="3.539"/>
		<testcase name="Открытие формы списка &quot;ДоговорНаОказаниеУслуг&quot;" classname="002. Открытие форм документов" time="3.391"/>
		<testcase name="Открытие формы объекта &quot;ДоговорНаОказаниеУслуг&quot;" classname="002. Открытие форм документов" time="3.606"/>
		<testcase name="Открытие формы списка &quot;ДоначислениеНДС&quot;" classname="002. Открытие форм документов" time="3.387"/>
		<testcase name="Открытие формы объекта &quot;ДоначислениеНДС&quot;" classname="002. Открытие форм документов" time="3.557"/>
		<testcase name="Открытие формы списка &quot;ЖВ_ВводНачОстатковБиологическиеАктивы&quot;" classname="002. Открытие форм документов" time="3.514"/>
		<testcase name="Открытие формы объекта &quot;ЖВ_ВводНачОстатковБиологическиеАктивы&quot;" classname="002. Открытие форм документов" time="7.412">
			<error>Не удалось открыть форму документа ЖВ_ВводНачОстатковБиологическиеАктивы

{ВнешняяОбработка.Условие.Форма.Форма.Форма(263)}:

Технические данные:
        ЗаголовокАктивногоОкна: 1С:Предприятие
        ИмяАктивнойФормы: ErrorWindow
        ИмяФичи: 002. Открытие форм документов
        ИмяСценария: Открытие формы объекта "ЖВ_ВводНачОстатковБиологическиеАктивы"
        НомерСтрокиДерева: 2 069
        НомерСтрокиФичи: 660
        ПолныйПутьКФиче: e:\vanessa\corp\features\beforeRelease\002. Открытие форм документов.feature
        ИмяФайла: e:\vanessa\vanessa-automation\features\Libraries\Условие\step_definitions\Условие.epf
        ИмяПроцедуры: ЯВызываюИсключение
        ИмяРаннера: ts1scont
        ТипПлатформы: Windows x86
        ТипКлиентаТестирования: Web
        СтрокаСоединения: http://localhost/v83ServiceBaseCorp8319/ru_RU/
        PIDКлиентаТестирования: 0
        ВерсияVA: ver 1.2.038.1
        ВерсияПлатформы: 8.3.19.1229
        РежимСовместимостиTestManager: Версия8_3_18
        ДатаВремяОшибки: 09.08.2022 23:04:39
Текст модального окна:
    К сожалению, возникла непредвиденная ошибка  Попробуйте повторить операцию. Если ошибка повторится, попробуйте перезапустить приложение или обратитесь к администратору приложения или техническому специалисту.
</error>
			<system-out>[[ATTACHMENT|/tools/ServiceBases/ScreenShots/94c86756-a5c8-4653-9b7d-663fd4ab0c8e-attachment.png]]</system-out>
		</testcase>
		<testcase name="Открытие формы списка &quot;ЖВ_ВыпускГотовойПродукции&quot;" classname="002. Открытие форм документов" time="3.56"/>
		<testcase name="Открытие формы объекта &quot;ЖВ_ВыпускГотовойПродукции&quot;" classname="002. Открытие форм документов" time="3.57"/>
		<testcase name="Открытие формы списка &quot;ЖВ_ВыходИнкубатория&quot;" classname="002. Открытие форм документов" time="3.69"/>
		<testcase name="Открытие формы объекта &quot;ЖВ_ВыходИнкубатория&quot;" classname="002. Открытие форм документов" time="3.871"/>
		<testcase name="Открытие формы списка &quot;ЖВ_ЗабойПадежЖивотных&quot;" classname="002. Открытие форм документов" time="3.543"/>
		<testcase name="Открытие формы объекта &quot;ЖВ_ЗабойПадежЖивотных&quot;" classname="002. Открытие форм документов" time="4.486"/>
		<testcase name="Открытие формы списка &quot;ЖВ_ЗакладкаВИнкубаторий&quot;" classname="002. Открытие форм документов" time="3.351"/>
		<testcase name="Открытие формы объекта &quot;ЖВ_ЗакладкаВИнкубаторий&quot;" classname="002. Открытие форм документов" time="3.349"/>
		<testcase name="Открытие формы списка &quot;ЖВ_Закрытие852&quot;" classname="002. Открытие форм документов" time="3.611"/>
		<testcase name="Открытие формы объекта &quot;ЖВ_Закрытие852&quot;" classname="002. Открытие форм документов" time="3.323"/>
		<testcase name="Открытие формы списка &quot;ЖВ_Калькуляция&quot;" classname="002. Открытие форм документов" time="3.455"/>
		<testcase name="Открытие формы объекта &quot;ЖВ_Калькуляция&quot;" classname="002. Открытие форм документов" time="3.802"/>
		<testcase name="Открытие формы списка &quot;ЖВ_ЛимитноЗаборнаяКарта&quot;" classname="002. Открытие форм документов" time="3.571"/>
		<testcase name="Открытие формы объекта &quot;ЖВ_ЛимитноЗаборнаяКарта&quot;" classname="002. Открытие форм документов" time="3.868"/>
		<testcase name="Открытие формы списка &quot;ЖВ_Открытие852&quot;" classname="002. Открытие форм документов" time="3.536"/>
		<testcase name="Открытие формы объекта &quot;ЖВ_Открытие852&quot;" classname="002. Открытие форм документов" time="3.59"/>
		<testcase name="Открытие формы списка &quot;ЖВ_ПередачаГотовойПродукцииНаСклад&quot;" classname="002. Открытие форм документов" time="4.969"/>
		<testcase name="Открытие формы объекта &quot;ЖВ_ПередачаГотовойПродукцииНаСклад&quot;" classname="002. Открытие форм документов" time="3.934"/>
		<testcase name="Открытие формы списка &quot;ЖВ_ПеремещениеБиологическихАктивов&quot;" classname="002. Открытие форм документов" time="3.981"/>
		<testcase name="Открытие формы объекта &quot;ЖВ_ПеремещениеБиологическихАктивов&quot;" classname="002. Открытие форм документов" time="4.349"/>
		<testcase name="Открытие формы списка &quot;ЖВ_ПриобретениеБиологическихАктивов&quot;" classname="002. Открытие форм документов" time="4.058"/>
		<testcase name="Открытие формы объекта &quot;ЖВ_ПриобретениеБиологическихАктивов&quot;" classname="002. Открытие форм документов" time="4.474"/>
		<testcase name="Открытие формы списка &quot;ЖВ_ПриплодИПривес&quot;" classname="002. Открытие форм документов" time="3.688"/>
		<testcase name="Открытие формы объекта &quot;ЖВ_ПриплодИПривес&quot;" classname="002. Открытие форм документов" time="3.746"/>
		<testcase name="Открытие формы списка &quot;ЖВ_РеализацияБиологическихАктивов&quot;" classname="002. Открытие форм документов" time="4.206"/>
		<testcase name="Открытие формы объекта &quot;ЖВ_РеализацияБиологическихАктивов&quot;" classname="002. Открытие форм документов" time="6.423">
			<error>Не удалось открыть форму документа ЖВ_РеализацияБиологическихАктивов

{ВнешняяОбработка.Условие.Форма.Форма.Форма(263)}:

Технические данные:
        ЗаголовокАктивногоОкна: 1С:Предприятие
        ИмяАктивнойФормы: ErrorWindow
        ИмяФичи: 002. Открытие форм документов
        ИмяСценария: Открытие формы объекта "ЖВ_РеализацияБиологическихАктивов"
        НомерСтрокиДерева: 2 199
        НомерСтрокиФичи: 855
        ПолныйПутьКФиче: e:\vanessa\corp\features\beforeRelease\002. Открытие форм документов.feature
        ИмяФайла: e:\vanessa\vanessa-automation\features\Libraries\Условие\step_definitions\Условие.epf
        ИмяПроцедуры: ЯВызываюИсключение
        ИмяРаннера: ts1scont
        ТипПлатформы: Windows x86
        ТипКлиентаТестирования: Web
        СтрокаСоединения: http://localhost/v83ServiceBaseCorp8319/ru_RU/
        PIDКлиентаТестирования: 0
        ВерсияVA: ver 1.2.038.1
        ВерсияПлатформы: 8.3.19.1229
        РежимСовместимостиTestManager: Версия8_3_18
        ДатаВремяОшибки: 09.08.2022 23:07:05
        ДеталиОшибки:
                Поле объекта не обнаружено (ВидРасхода)
                {CommonModule.ОбщегоНазначения.Module(2635)}:
	ЗначениеИзПараметраСеанса = ПараметрыСеанса[Сред(ИмяПеременой, 3)];
                {Документ.ЖВ_РеализацияБиологическихАктивов.МодульОбъекта(481)}:
			ВидОперации = глЗначениеПеременной("глВидРасхода");
                

</error>
			<system-out>[[ATTACHMENT|/tools/ServiceBases/ScreenShots/a09e2156-8ec5-4dd2-9d02-6cdb324490e2-attachment.png]]</system-out>
		</testcase>
		<testcase name="Открытие формы списка &quot;ЗагрузкаНачислений&quot;" classname="002. Открытие форм документов" time="3.553"/>
		<testcase name="Открытие формы объекта &quot;ЗагрузкаНачислений&quot;" classname="002. Открытие форм документов" time="3.582"/>
		<testcase name="Открытие формы списка &quot;ЗагрузкаРасчитанныхНалогов&quot;" classname="002. Открытие форм документов" time="3.458"/>
		<testcase name="Открытие формы объекта &quot;ЗагрузкаРасчитанныхНалогов&quot;" classname="002. Открытие форм документов" time="3.859"/>
		<testcase name="Открытие формы списка &quot;Закрытие7и6&quot;" classname="002. Открытие форм документов" time="3.511"/>
		<testcase name="Открытие формы объекта &quot;Закрытие7и6&quot;" classname="002. Открытие форм документов" time="3.508"/>
		<testcase name="Открытие формы списка &quot;Закрытие821&quot;" classname="002. Открытие форм документов" time="3.25"/>
		<testcase name="Открытие формы объекта &quot;Закрытие821&quot;" classname="002. Открытие форм документов" time="3.679"/>
		<testcase name="Открытие формы списка &quot;Закрытие821сум&quot;" classname="002. Открытие форм документов" time="3.982"/>
		<testcase name="Открытие формы объекта &quot;Закрытие821сум&quot;" classname="002. Открытие форм документов" time="3.789"/>
		<testcase name="Открытие формы списка &quot;Закрытие852&quot;" classname="002. Открытие форм документов" time="3.742"/>
		<testcase name="Открытие формы объекта &quot;Закрытие852&quot;" classname="002. Открытие форм документов" time="3.692"/>
		<testcase name="Открытие формы списка &quot;ЗакрытиеАвансов&quot;" classname="002. Открытие форм документов" time="3.344"/>
		<testcase name="Открытие формы объекта &quot;ЗакрытиеАвансов&quot;" classname="002. Открытие форм документов" time="3.453"/>
		<testcase name="Открытие формы списка &quot;ЗакрытиеВосьмого&quot;" classname="002. Открытие форм документов" time="3.754"/>
		<testcase name="Открытие формы объекта &quot;ЗакрытиеВосьмого&quot;" classname="002. Открытие форм документов" time="3.634"/>
		<testcase name="Открытие формы списка &quot;ЗакрытиеМесяца&quot;" classname="002. Открытие форм документов" time="3.373"/>
		<testcase name="Открытие формы объекта &quot;ЗакрытиеМесяца&quot;" classname="002. Открытие форм документов" time="3.948"/>
		<testcase name="Открытие формы списка &quot;ЗакрытиеСчетов&quot;" classname="002. Открытие форм документов" time="3.814"/>
		<testcase name="Открытие формы объекта &quot;ЗакрытиеСчетов&quot;" classname="002. Открытие форм документов" time="3.538"/>
		<testcase name="Открытие формы списка &quot;ЗаявлениеНаВысвобождение&quot;" classname="002. Открытие форм документов" time="4.127"/>
		<testcase name="Открытие формы объекта &quot;ЗаявлениеНаВысвобождение&quot;" classname="002. Открытие форм документов" time="3.705"/>
		<testcase name="Открытие формы списка &quot;ЗаявлениеНаВысвобождениеСписком&quot;" classname="002. Открытие форм документов" time="3.639"/>
		<testcase name="Открытие формы объекта &quot;ЗаявлениеНаВысвобождениеСписком&quot;" classname="002. Открытие форм документов" time="3.754"/>
		<testcase name="Открытие формы списка &quot;ЗаявлениеНаОсвобождениеПоПН&quot;" classname="002. Открытие форм документов" time="3.574"/>
		<testcase name="Открытие формы объекта &quot;ЗаявлениеНаОсвобождениеПоПН&quot;" classname="002. Открытие форм документов" time="3.709"/>
		<testcase name="Открытие формы списка &quot;ИзменениеНаценки&quot;" classname="002. Открытие форм документов" time="3.972"/>
		<testcase name="Открытие формы объекта &quot;ИзменениеНаценки&quot;" classname="002. Открытие форм документов" time="3.573"/>
		<testcase name="Открытие формы списка &quot;ИзменениеНаценкиСум&quot;" classname="002. Открытие форм документов" time="3.57"/>
		<testcase name="Открытие формы объекта &quot;ИзменениеНаценкиСум&quot;" classname="002. Открытие форм документов" time="3.196"/>
		<testcase name="Открытие формы списка &quot;ИзменениеОкладаСписком&quot;" classname="002. Открытие форм документов" time="3.771"/>
		<testcase name="Открытие формы объекта &quot;ИзменениеОкладаСписком&quot;" classname="002. Открытие форм документов" time="3.506"/>
		<testcase name="Открытие формы списка &quot;ИзменениеПлановыхУдержаний&quot;" classname="002. Открытие форм документов" time="4.026"/>
		<testcase name="Открытие формы объекта &quot;ИзменениеПлановыхУдержаний&quot;" classname="002. Открытие форм документов" time="3.578"/>
		<testcase name="Открытие формы списка &quot;ИзменитьСпособОтраженияБУ&quot;" classname="002. Открытие форм документов" time="3.773"/>
		<testcase name="Открытие формы объекта &quot;ИзменитьСпособОтраженияБУ&quot;" classname="002. Открытие форм документов" time="3.162"/>
		<testcase name="Открытие формы списка &quot;ИзносОС&quot;" classname="002. Открытие форм документов" time="3.724"/>
		<testcase name="Открытие формы объекта &quot;ИзносОС&quot;" classname="002. Открытие форм документов" time="3.686"/>
		<testcase name="Открытие формы списка &quot;ИзносШинИАккумуляторов&quot;" classname="002. Открытие форм документов" time="3.986"/>
		<testcase name="Открытие формы объекта &quot;ИзносШинИАккумуляторов&quot;" classname="002. Открытие форм документов" time="3.51"/>
		<testcase name="Открытие формы списка &quot;Импорт&quot;" classname="002. Открытие форм документов" time="3.73"/>
		<testcase name="Открытие формы объекта &quot;Импорт&quot;" classname="002. Открытие форм документов" time="3.465"/>
		<testcase name="Открытие формы списка &quot;Инв1&quot;" classname="002. Открытие форм документов" time="3.926"/>
		<testcase name="Открытие формы объекта &quot;Инв1&quot;" classname="002. Открытие форм документов" time="4.4"/>
		<testcase name="Открытие формы списка &quot;Инв4&quot;" classname="002. Открытие форм документов" time="3.702"/>
		<testcase name="Открытие формы объекта &quot;Инв4&quot;" classname="002. Открытие форм документов" time="3.911"/>
		<testcase name="Открытие формы списка &quot;Инв5&quot;" classname="002. Открытие форм документов" time="3.574"/>
		<testcase name="Открытие формы объекта &quot;Инв5&quot;" classname="002. Открытие форм документов" time="3.908"/>
		<testcase name="Открытие формы списка &quot;Инв6&quot;" classname="002. Открытие форм документов" time="3.747"/>
		<testcase name="Открытие формы объекта &quot;Инв6&quot;" classname="002. Открытие форм документов" time="3.925"/>
		<testcase name="Открытие формы списка &quot;Инв7&quot;" classname="002. Открытие форм документов" time="3.536"/>
		<testcase name="Открытие формы объекта &quot;Инв7&quot;" classname="002. Открытие форм документов" time="4.068"/>
		<testcase name="Открытие формы списка &quot;ИнвПриказ&quot;" classname="002. Открытие форм документов" time="3.699"/>
		<testcase name="Открытие формы объекта &quot;ИнвПриказ&quot;" classname="002. Открытие форм документов" time="3.729"/>
		<testcase name="Открытие формы списка &quot;КадровоеПеремещение&quot;" classname="002. Открытие форм документов" time="3.57"/>
		<testcase name="Открытие формы объекта &quot;КадровоеПеремещение&quot;" classname="002. Открытие форм документов" time="4.164"/>
		<testcase name="Открытие формы списка &quot;Калькуляция&quot;" classname="002. Открытие форм документов" time="3.708"/>
		<testcase name="Открытие формы объекта &quot;Калькуляция&quot;" classname="002. Открытие форм документов" time="3.685"/>
		<testcase name="Открытие формы списка &quot;КапитализацияЗатрат&quot;" classname="002. Открытие форм документов" time="3.684"/>
		<testcase name="Открытие формы объекта &quot;КапитализацияЗатрат&quot;" classname="002. Открытие форм документов" time="3.559"/>
		<testcase name="Открытие формы списка &quot;КомплектацияНоменклатуры&quot;" classname="002. Открытие форм документов" time="3.899"/>
		<testcase name="Открытие формы объекта &quot;КомплектацияНоменклатуры&quot;" classname="002. Открытие форм документов" time="3.605"/>
		<testcase name="Открытие формы списка &quot;КорректировкаЗаписейРегистровНакопления&quot;" classname="002. Открытие форм документов" time="3.901"/>
		<testcase name="Открытие формы объекта &quot;КорректировкаЗаписейРегистровНакопления&quot;" classname="002. Открытие форм документов" time="3.547"/>
		<testcase name="Открытие формы списка &quot;КорректировкаРегистров&quot;" classname="002. Открытие форм документов" time="3.235"/>
		<testcase name="Открытие формы объекта &quot;КорректировкаРегистров&quot;" classname="002. Открытие форм документов" time="3.934"/>
		<testcase name="Открытие формы списка &quot;ЛимитноЗаборнаяКарта&quot;" classname="002. Открытие форм документов" time="3.665"/>
		<testcase name="Открытие формы объекта &quot;ЛимитноЗаборнаяКарта&quot;" classname="002. Открытие форм документов" time="3.68"/>
		<testcase name="Открытие формы списка &quot;Льготы&quot;" classname="002. Открытие форм документов" time="3.747"/>
		<testcase name="Открытие формы объекта &quot;Льготы&quot;" classname="002. Открытие форм документов" time="3.648"/>
		<testcase name="Открытие формы списка &quot;МатериальнаяПомощь&quot;" classname="002. Открытие форм документов" time="3.129"/>
		<testcase name="Открытие формы объекта &quot;МатериальнаяПомощь&quot;" classname="002. Открытие форм документов" time="3.818"/>
		<testcase name="Открытие формы списка &quot;НакоплениеОсвобожденийПоПН&quot;" classname="002. Открытие форм документов" time="3.279"/>
		<testcase name="Открытие формы объекта &quot;НакоплениеОсвобожденийПоПН&quot;" classname="002. Открытие форм документов" time="3.4"/>
		<testcase name="Открытие формы списка &quot;НалогНаВоду&quot;" classname="002. Открытие форм документов" time="3.578"/>
		<testcase name="Открытие формы объекта &quot;НалогНаВоду&quot;" classname="002. Открытие форм документов" time="3.908"/>
		<testcase name="Открытие формы списка &quot;НалогНаЗемлю&quot;" classname="002. Открытие форм документов" time="3.636"/>
		<testcase name="Открытие формы объекта &quot;НалогНаЗемлю&quot;" classname="002. Открытие форм документов" time="3.38"/>
		<testcase name="Открытие формы списка &quot;НалогНаНедвижемоеИмущество_Новый&quot;" classname="002. Открытие форм документов" time="3.096"/>
		<testcase name="Открытие формы объекта &quot;НалогНаНедвижемоеИмущество_Новый&quot;" classname="002. Открытие форм документов" time="3.722"/>
		<testcase name="Открытие формы списка &quot;НарядПоЧасам&quot;" classname="002. Открытие форм документов" time="3.866"/>
		<testcase name="Открытие формы объекта &quot;НарядПоЧасам&quot;" classname="002. Открытие форм документов" time="4.588"/>
		<testcase name="Открытие формы списка &quot;НачальныеОбороты&quot;" classname="002. Открытие форм документов" time="4.085"/>
		<testcase name="Открытие формы объекта &quot;НачальныеОбороты&quot;" classname="002. Открытие форм документов" time="3.552"/>
		<testcase name="Открытие формы списка &quot;НачислениеЗаработнойПлаты&quot;" classname="002. Открытие форм документов" time="4.128"/>
		<testcase name="Открытие формы объекта &quot;НачислениеЗаработнойПлаты&quot;" classname="002. Открытие форм документов" time="3.285"/>
		<testcase name="Открытие формы списка &quot;НачислениеИзносаОС&quot;" classname="002. Открытие форм документов" time="3.714"/>
		<testcase name="Открытие формы объекта &quot;НачислениеИзносаОС&quot;" classname="002. Открытие форм документов" time="3.751"/>
		<testcase name="Открытие формы списка &quot;НачислениеКомунальныхУслуг&quot;" classname="002. Открытие форм документов" time="3.564"/>
		<testcase name="Открытие формы объекта &quot;НачислениеКомунальныхУслуг&quot;" classname="002. Открытие форм документов" time="3.974"/>
		<testcase name="Открытие формы списка &quot;Начисления&quot;" classname="002. Открытие форм документов" time="4.332"/>
		<testcase name="Открытие формы объекта &quot;Начисления&quot;" classname="002. Открытие форм документов" time="4.342"/>
		<testcase name="Открытие формы списка &quot;НачислИзносНМА&quot;" classname="002. Открытие форм документов" time="3.542"/>
		<testcase name="Открытие формы объекта &quot;НачислИзносНМА&quot;" classname="002. Открытие форм документов" time="4.042"/>
		<testcase name="Открытие формы списка &quot;ОбщепитЗакрытие852&quot;" classname="002. Открытие форм документов" time="3.191"/>
		<testcase name="Открытие формы объекта &quot;ОбщепитЗакрытие852&quot;" classname="002. Открытие форм документов" time="3.397"/>
		<testcase name="Открытие формы списка &quot;ОбщепитКалькуляция&quot;" classname="002. Открытие форм документов" time="3.714"/>
		<testcase name="Открытие формы объекта &quot;ОбщепитКалькуляция&quot;" classname="002. Открытие форм документов" time="3.634"/>
		<testcase name="Открытие формы списка &quot;ОбщепитЛимитноЗаборнаяКарта&quot;" classname="002. Открытие форм документов" time="3.45"/>
		<testcase name="Открытие формы объекта &quot;ОбщепитЛимитноЗаборнаяКарта&quot;" classname="002. Открытие форм документов" time="3.483"/>
		<testcase name="Открытие формы списка &quot;ОбщепитОткрытие852&quot;" classname="002. Открытие форм документов" time="3.388"/>
		<testcase name="Открытие формы объекта &quot;ОбщепитОткрытие852&quot;" classname="002. Открытие форм документов" time="3.517"/>
		<testcase name="Открытие формы списка &quot;ОбщепитРеализацияБлюдИТоваров&quot;" classname="002. Открытие форм документов" time="3.977"/>
		<testcase name="Открытие формы объекта &quot;ОбщепитРеализацияБлюдИТоваров&quot;" classname="002. Открытие форм документов" time="3.741"/>
		<testcase name="Открытие формы списка &quot;ОбщепитСпецификация&quot;" classname="002. Открытие форм документов" time="3.672"/>
		<testcase name="Открытие формы объекта &quot;ОбщепитСпецификация&quot;" classname="002. Открытие форм документов" time="3.085"/>
		<testcase name="Открытие формы списка &quot;ОбщепитСписаниеСпеций&quot;" classname="002. Открытие форм документов" time="4.189"/>
		<testcase name="Открытие формы объекта &quot;ОбщепитСписаниеСпеций&quot;" classname="002. Открытие форм документов" time="3.544"/>
		<testcase name="Открытие формы списка &quot;Операция&quot;" classname="002. Открытие форм документов" time="3.811"/>
		<testcase name="Открытие формы объекта &quot;Операция&quot;" classname="002. Открытие форм документов" time="3.489"/>
		<testcase name="Открытие формы списка &quot;ОперацияХозрасчетный&quot;" classname="002. Открытие форм документов" time="3.582"/>
		<testcase name="Открытие формы объекта &quot;ОперацияХозрасчетный&quot;" classname="002. Открытие форм документов" time="3.525"/>
		<testcase name="Открытие формы списка &quot;ОплатаКомунальныхУслуг&quot;" classname="002. Открытие форм документов" time="4.15"/>
		<testcase name="Открытие формы объекта &quot;ОплатаКомунальныхУслуг&quot;" classname="002. Открытие форм документов" time="3.403"/>
		<testcase name="Открытие формы списка &quot;Открытие821&quot;" classname="002. Открытие форм документов" time="3.666"/>
		<testcase name="Открытие формы объекта &quot;Открытие821&quot;" classname="002. Открытие форм документов" time="3.659"/>
		<testcase name="Открытие формы списка &quot;Открытие821сум&quot;" classname="002. Открытие форм документов" time="3.572"/>
		<testcase name="Открытие формы объекта &quot;Открытие821сум&quot;" classname="002. Открытие форм документов" time="3.967"/>
		<testcase name="Открытие формы списка &quot;Открытие852&quot;" classname="002. Открытие форм документов" time="3.601"/>
		<testcase name="Открытие формы объекта &quot;Открытие852&quot;" classname="002. Открытие форм документов" time="4.328"/>
		<testcase name="Открытие формы списка &quot;ОтчетКассира&quot;" classname="002. Открытие форм документов" time="3.713"/>
		<testcase name="Открытие формы объекта &quot;ОтчетКассира&quot;" classname="002. Открытие форм документов" time="401.115">
			<error>Не удалось открыть форму документа ОтчетКассира

{ВнешняяОбработка.Условие.Форма.Форма.Форма(263)}:

Технические данные:
        ЗаголовокАктивногоОкна: 
        ИмяАктивнойФормы: 
        ИмяФичи: 002. Открытие форм документов
        ИмяСценария: Открытие формы объекта "ОтчетКассира"
        НомерСтрокиДерева: 2 809
        НомерСтрокиФичи: 1 770
        ПолныйПутьКФиче: e:\vanessa\corp\features\beforeRelease\002. Открытие форм документов.feature
        ИмяФайла: e:\vanessa\vanessa-automation\features\Libraries\Условие\step_definitions\Условие.epf
        ИмяПроцедуры: ЯВызываюИсключение
        ИмяРаннера: ts1scont
        ТипПлатформы: Windows x86
        ТипКлиентаТестирования: Web
        СтрокаСоединения: http://localhost/v83ServiceBaseCorp8319/ru_RU/
        PIDКлиентаТестирования: 0
        ВерсияVA: ver 1.2.038.1
        ВерсияПлатформы: 8.3.19.1229
        РежимСовместимостиTestManager: Версия8_3_18
        ДатаВремяОшибки: 09.08.2022 23:24:17
</error>
			<system-out>[[ATTACHMENT|/tools/ServiceBases/ScreenShots/ee4460f0-87f3-4f72-a280-b50d0e9deeaa-attachment.png]]</system-out>
		</testcase>
		<testcase name="Открытие формы списка &quot;ОтчетОРозничныхПродажах&quot;" classname="002. Открытие форм документов" time="14.142"/>
		<testcase name="Открытие формы объекта &quot;ОтчетОРозничныхПродажах&quot;" classname="002. Открытие форм документов" time="3.194"/>
		<testcase name="Открытие формы списка &quot;ПередачаВРозницу&quot;" classname="002. Открытие форм документов" time="3.521"/>
		<testcase name="Открытие формы объекта &quot;ПередачаВРозницу&quot;" classname="002. Открытие форм документов" time="4.014"/>
		<testcase name="Открытие формы списка &quot;ПередачаВРозницуСум&quot;" classname="002. Открытие форм документов" time="3.463"/>
		<testcase name="Открытие формы объекта &quot;ПередачаВРозницуСум&quot;" classname="002. Открытие форм документов" time="3.56"/>
		<testcase name="Открытие формы списка &quot;ПередачаГотовойПродукцииНаСклад&quot;" classname="002. Открытие форм документов" time="3.535"/>
		<testcase name="Открытие формы объекта &quot;ПередачаГотовойПродукцииНаСклад&quot;" classname="002. Открытие форм документов" time="3.141"/>
		<testcase name="Открытие формы списка &quot;Перемещение&quot;" classname="002. Открытие форм документов" time="5.729">
			<error>Не удалось открыть форму документа Перемещение

{ВнешняяОбработка.Условие.Форма.Форма.Форма(263)}:

Технические данные:
        ЗаголовокАктивногоОкна: 1С:Предприятие
        ИмяАктивнойФормы: ErrorWindow
        ИмяФичи: 002. Открытие форм документов
        ИмяСценария: Открытие формы списка "Перемещение"
        НомерСтрокиДерева: 2 854
        НомерСтрокиФичи: 1 838
        ПолныйПутьКФиче: e:\vanessa\corp\features\beforeRelease\002. Открытие форм документов.feature
        ИмяФайла: e:\vanessa\vanessa-automation\features\Libraries\Условие\step_definitions\Условие.epf
        ИмяПроцедуры: ЯВызываюИсключение
        ИмяРаннера: ts1scont
        ТипПлатформы: Windows x86
        ТипКлиентаТестирования: Web
        СтрокаСоединения: http://localhost/v83ServiceBaseCorp8319/ru_RU/
        PIDКлиентаТестирования: 0
        ВерсияVA: ver 1.2.038.1
        ВерсияПлатформы: 8.3.19.1229
        РежимСовместимостиTestManager: Версия8_3_18
        ДатаВремяОшибки: 09.08.2022 23:25:20
        ДеталиОшибки:
                Поле объекта не обнаружено (Кредит)
                {Документ.Перемещение.Форма.ФормаСпискаУФ.Форма(34)}:
	Если ЗначениеЗаполнено(Элементы.Список.ТекущиеДанные.Кредит) и ЗначениеЗаполнено(Элементы.Список.ТекущиеДанные.Дебет)Тогда				
                {Документ.Перемещение.Форма.ФормаСпискаУФ.Форма(13)}:
	ПервоеСубкОС = ВидимостьМФ5();
                

</error>
			<system-out>[[ATTACHMENT|/tools/ServiceBases/ScreenShots/99922ec4-5376-45da-852f-ed81134b7843-attachment.png]]</system-out>
		</testcase>
		<testcase name="Открытие формы объекта &quot;Перемещение&quot;" classname="002. Открытие форм документов" time="5.384"/>
		<testcase name="Открытие формы списка &quot;ПеремещениеПоРознЦенам&quot;" classname="002. Открытие форм документов" time="3.795"/>
		<testcase name="Открытие формы объекта &quot;ПеремещениеПоРознЦенам&quot;" classname="002. Открытие форм документов" time="3.686"/>
		<testcase name="Открытие формы списка &quot;ПеремещениеПоРознЦенамСум&quot;" classname="002. Открытие форм документов" time="3.361"/>
		<testcase name="Открытие формы объекта &quot;ПеремещениеПоРознЦенамСум&quot;" classname="002. Открытие форм документов" time="3.381"/>
		<testcase name="Открытие формы списка &quot;ПеремещениеТоваров&quot;" classname="002. Открытие форм документов" time="3.258"/>
		<testcase name="Открытие формы объекта &quot;ПеремещениеТоваров&quot;" classname="002. Открытие форм документов" time="3.517"/>
		<testcase name="Открытие формы списка &quot;ПереносОстатков&quot;" classname="002. Открытие форм документов" time="3.03"/>
		<testcase name="Открытие формы объекта &quot;ПереносОстатков&quot;" classname="002. Открытие форм документов" time="3.33"/>
		<testcase name="Открытие формы списка &quot;ПереносСправочникоИОстатков&quot;" classname="002. Открытие форм документов" time="3.547"/>
		<testcase name="Открытие формы объекта &quot;ПереносСправочникоИОстатков&quot;" classname="002. Открытие форм документов" time="3.767"/>
		<testcase name="Открытие формы списка &quot;ПереоценкаВалюты&quot;" classname="002. Открытие форм документов" time="3.191"/>
		<testcase name="Открытие формы объекта &quot;ПереоценкаВалюты&quot;" classname="002. Открытие форм документов" time="3.72"/>
		<testcase name="Открытие формы списка &quot;ПлатежкаВалютная&quot;" classname="002. Открытие форм документов" time="3.253"/>
		<testcase name="Открытие формы объекта &quot;ПлатежкаВалютная&quot;" classname="002. Открытие форм документов" time="3.457"/>
		<testcase name="Открытие формы списка &quot;ПлатежнаяВедомость&quot;" classname="002. Открытие форм документов" time="3.457"/>
		<testcase name="Открытие формы объекта &quot;ПлатежнаяВедомость&quot;" classname="002. Открытие форм документов" time="3.472"/>
		<testcase name="Открытие формы списка &quot;ПлатежноеПоручение&quot;" classname="002. Открытие форм документов" time="3.418"/>
		<testcase name="Открытие формы объекта &quot;ПлатежноеПоручение&quot;" classname="002. Открытие форм документов" time="3.734"/>
		<testcase name="Открытие формы списка &quot;ПоступлениеОС&quot;" classname="002. Открытие форм документов" time="3.115"/>
		<testcase name="Открытие формы объекта &quot;ПоступлениеОС&quot;" classname="002. Открытие форм документов" time="3.048"/>
		<testcase name="Открытие формы списка &quot;ПриемНаРаботу&quot;" classname="002. Открытие форм документов" time="3.523"/>
		<testcase name="Открытие формы объекта &quot;ПриемНаРаботу&quot;" classname="002. Открытие форм документов" time="3.322"/>
		<testcase name="Открытие формы списка &quot;ПрихНалоговаяНакладная&quot;" classname="002. Открытие форм документов" time="3.676"/>
		<testcase name="Открытие формы объекта &quot;ПрихНалоговаяНакладная&quot;" classname="002. Открытие форм документов" time="7.223"/>
		<testcase name="Открытие формы списка &quot;ПриходБСО&quot;" classname="002. Открытие форм документов" time="3.422"/>
		<testcase name="Открытие формы объекта &quot;ПриходБСО&quot;" classname="002. Открытие форм документов" time="3.123"/>
		<testcase name="Открытие формы списка &quot;ПриходныйКассовый&quot;" classname="002. Открытие форм документов" time="3.444"/>
		<testcase name="Открытие формы объекта &quot;ПриходныйКассовый&quot;" classname="002. Открытие форм документов" time="3.523"/>
		<testcase name="Открытие формы списка &quot;ПутевойЛист&quot;" classname="002. Открытие форм документов" time="10.935"/>
		<testcase name="Открытие формы объекта &quot;ПутевойЛист&quot;" classname="002. Открытие форм документов" time="3.922"/>
		<testcase name="Открытие формы списка &quot;РазовыеНачисления&quot;" classname="002. Открытие форм документов" time="3.434"/>
		<testcase name="Открытие формы объекта &quot;РазовыеНачисления&quot;" classname="002. Открытие форм документов" time="3.631"/>
		<testcase name="Открытие формы списка &quot;РазовыеУдержания&quot;" classname="002. Открытие форм документов" time="3.372"/>
		<testcase name="Открытие формы объекта &quot;РазовыеУдержания&quot;" classname="002. Открытие форм документов" time="3.338"/>
		<testcase name="Открытие формы списка &quot;Растениеводство_ВыбытиеУгодий&quot;" classname="002. Открытие форм документов" time="3.309"/>
		<testcase name="Открытие формы объекта &quot;Растениеводство_ВыбытиеУгодий&quot;" classname="002. Открытие форм документов" time="3.339"/>
		<testcase name="Открытие формы списка &quot;Растениеводство_ВыпускУрожая&quot;" classname="002. Открытие форм документов" time="3.117"/>
		<testcase name="Открытие формы объекта &quot;Растениеводство_ВыпускУрожая&quot;" classname="002. Открытие форм документов" time="2.934"/>
		<testcase name="Открытие формы списка &quot;Растениеводство_Доведение211&quot;" classname="002. Открытие форм документов" time="3.051"/>
		<testcase name="Открытие формы объекта &quot;Растениеводство_Доведение211&quot;" classname="002. Открытие форм документов" time="3.315"/>
		<testcase name="Открытие формы списка &quot;Растениеводство_Доведение216&quot;" classname="002. Открытие форм документов" time="3.114"/>
		<testcase name="Открытие формы объекта &quot;Растениеводство_Доведение216&quot;" classname="002. Открытие форм документов" time="3.513"/>
		<testcase name="Открытие формы списка &quot;Растениеводство_ДоляCтоимости&quot;" classname="002. Открытие форм документов" time="3.677"/>
		<testcase name="Открытие формы объекта &quot;Растениеводство_ДоляCтоимости&quot;" classname="002. Открытие форм документов" time="3.773"/>
		<testcase name="Открытие формы списка &quot;Растениеводство_ДоляЗемельногоУчастка&quot;" classname="002. Открытие форм документов" time="3.244"/>
		<testcase name="Открытие формы объекта &quot;Растениеводство_ДоляЗемельногоУчастка&quot;" classname="002. Открытие форм документов" time="3.519"/>
		<testcase name="Открытие формы списка &quot;Растениеводство_Закрытие852&quot;" classname="002. Открытие форм документов" time="3.123"/>
		<testcase name="Открытие формы объекта &quot;Растениеводство_Закрытие852&quot;" classname="002. Открытие форм документов" time="3.316"/>
		<testcase name="Открытие формы списка &quot;Растениеводство_Калькуляция&quot;" classname="002. Открытие форм документов" time="3.278"/>
		<testcase name="Открытие формы объекта &quot;Растениеводство_Калькуляция&quot;" classname="002. Открытие форм документов" time="3.422"/>
		<testcase name="Открытие формы списка &quot;Растениеводство_ЛимитноЗаборнаяКарта&quot;" classname="002. Открытие форм документов" time="3.257"/>
		<testcase name="Открытие формы объекта &quot;Растениеводство_ЛимитноЗаборнаяКарта&quot;" classname="002. Открытие форм документов" time="3.03"/>
		<testcase name="Открытие формы списка &quot;Растениеводство_Открытие852&quot;" classname="002. Открытие форм документов" time="3.08"/>
		<testcase name="Открытие формы объекта &quot;Растениеводство_Открытие852&quot;" classname="002. Открытие форм документов" time="3.334"/>
		<testcase name="Открытие формы списка &quot;Растениеводство_РаспределениеОО&quot;" classname="002. Открытие форм документов" time="3.296"/>
		<testcase name="Открытие формы объекта &quot;Растениеводство_РаспределениеОО&quot;" classname="002. Открытие форм документов" time="3.5"/>
		<testcase name="Открытие формы списка &quot;Растениеводство_СписаниеМатериалов&quot;" classname="002. Открытие форм документов" time="3.43"/>
		<testcase name="Открытие формы объекта &quot;Растениеводство_СписаниеМатериалов&quot;" classname="002. Открытие форм документов" time="3.409"/>
		<testcase name="Открытие формы списка &quot;Растениеводство_УборкаУрожая&quot;" classname="002. Открытие форм документов" time="3.566"/>
		<testcase name="Открытие формы объекта &quot;Растениеводство_УборкаУрожая&quot;" classname="002. Открытие форм документов" time="3.677"/>
		<testcase name="Открытие формы списка &quot;РасхНалоговаяНакладная&quot;" classname="002. Открытие форм документов" time="3.644"/>
		<testcase name="Открытие формы объекта &quot;РасхНалоговаяНакладная&quot;" classname="002. Открытие форм документов" time="4.362"/>
		<testcase name="Открытие формы списка &quot;РасходныйКассовый&quot;" classname="002. Открытие форм документов" time="2.913"/>
		<testcase name="Открытие формы объекта &quot;РасходныйКассовый&quot;" classname="002. Открытие форм документов" time="3.925"/>
		<testcase name="Открытие формы списка &quot;РасчетБольничных&quot;" classname="002. Открытие форм документов" time="3.321"/>
		<testcase name="Открытие формы объекта &quot;РасчетБольничных&quot;" classname="002. Открытие форм документов" time="7.538">
			<error>Не удалось открыть форму документа РасчетБольничных

{ВнешняяОбработка.Условие.Форма.Форма.Форма(263)}:

Технические данные:
        ЗаголовокАктивногоОкна: 1С:Предприятие
        ИмяАктивнойФормы: ErrorWindow
        ИмяФичи: 002. Открытие форм документов
        ИмяСценария: Открытие формы объекта "РасчетБольничных"
        НомерСтрокиДерева: 3 189
        НомерСтрокиФичи: 2 340
        ПолныйПутьКФиче: e:\vanessa\corp\features\beforeRelease\002. Открытие форм документов.feature
        ИмяФайла: e:\vanessa\vanessa-automation\features\Libraries\Условие\step_definitions\Условие.epf
        ИмяПроцедуры: ЯВызываюИсключение
        ИмяРаннера: ts1scont
        ТипПлатформы: Windows x86
        ТипКлиентаТестирования: Web
        СтрокаСоединения: http://localhost/v83ServiceBaseCorp8319/ru_RU/
        PIDКлиентаТестирования: 0
        ВерсияVA: ver 1.2.038.1
        ВерсияПлатформы: 8.3.19.1229
        РежимСовместимостиTestManager: Версия8_3_18
        ДатаВремяОшибки: 09.08.2022 23:30:52
Текст модального окна:
    К сожалению, возникла непредвиденная ошибка  Попробуйте повторить операцию. Если ошибка повторится, попробуйте перезапустить приложение или обратитесь к администратору приложения или техническому специалисту.
</error>
			<system-out>[[ATTACHMENT|/tools/ServiceBases/ScreenShots/97374df1-5503-4596-97f8-a2290712232f-attachment.png]]</system-out>
		</testcase>
		<testcase name="Открытие формы списка &quot;РасчетБольничных2010&quot;" classname="002. Открытие форм документов" time="3.509"/>
		<testcase name="Открытие формы объекта &quot;РасчетБольничных2010&quot;" classname="002. Открытие форм документов" time="3.744"/>
		<testcase name="Открытие формы списка &quot;РасчетЗаработнойПлатыОтОбратного&quot;" classname="002. Открытие форм документов" time="3.058"/>
		<testcase name="Открытие формы объекта &quot;РасчетЗаработнойПлатыОтОбратного&quot;" classname="002. Открытие форм документов" time="3.312"/>
		<testcase name="Открытие формы списка &quot;РасчетМестныхСборов&quot;" classname="002. Открытие форм документов" time="3.304"/>
		<testcase name="Открытие формы объекта &quot;РасчетМестныхСборов&quot;" classname="002. Открытие форм документов" time="3.156"/>
		<testcase name="Открытие формы списка &quot;РасчетОплатыНерабочихПраздничныхДней&quot;" classname="002. Открытие форм документов" time="3.27"/>
		<testcase name="Открытие формы объекта &quot;РасчетОплатыНерабочихПраздничныхДней&quot;" classname="002. Открытие форм документов" time="3.265"/>
		<testcase name="Открытие формы списка &quot;РасчетОплатыНерабочихПраздничныхДнейРасш&quot;" classname="002. Открытие форм документов" time="3.035"/>
		<testcase name="Открытие формы объекта &quot;РасчетОплатыНерабочихПраздничныхДнейРасш&quot;" classname="002. Открытие форм документов" time="3.675"/>
		<testcase name="Открытие формы списка &quot;РасчетОтпускных&quot;" classname="002. Открытие форм документов" time="3.543"/>
		<testcase name="Открытие формы объекта &quot;РасчетОтпускных&quot;" classname="002. Открытие форм документов" time="3.24"/>
		<testcase name="Открытие формы списка &quot;РасчетОтпускных2010&quot;" classname="002. Открытие форм документов" time="3.462"/>
		<testcase name="Открытие формы объекта &quot;РасчетОтпускных2010&quot;" classname="002. Открытие форм документов" time="3.492"/>
		<testcase name="Открытие формы списка &quot;РасчетПоСредней&quot;" classname="002. Открытие форм документов" time="3.25"/>
		<testcase name="Открытие формы объекта &quot;РасчетПоСредней&quot;" classname="002. Открытие форм документов" time="3.802"/>
		<testcase name="Открытие формы списка &quot;РасчетСредПроц&quot;" classname="002. Открытие форм документов" time="3.131"/>
		<testcase name="Открытие формы объекта &quot;РасчетСредПроц&quot;" classname="002. Открытие форм документов" time="3.565"/>
		<testcase name="Открытие формы списка &quot;РегламентированныйОтчет&quot;" classname="002. Открытие форм документов" time="2.846"/>
		<testcase name="Открытие формы объекта &quot;РегламентированныйОтчет&quot;" classname="002. Открытие форм документов" time="3.83"/>
		<testcase name="Открытие формы списка &quot;РучнаяОперацияПоПроектамИДонорамХоз&quot;" classname="002. Открытие форм документов" time="3.445"/>
		<testcase name="Открытие формы объекта &quot;РучнаяОперацияПоПроектамИДонорамХоз&quot;" classname="002. Открытие форм документов" time="3.661"/>
		<testcase name="Открытие формы списка &quot;РыночныеСборы&quot;" classname="002. Открытие форм документов" time="3.3"/>
		<testcase name="Открытие формы объекта &quot;РыночныеСборы&quot;" classname="002. Открытие форм документов" time="3.267"/>
		<testcase name="Открытие формы списка &quot;СборЗаОбъектыТорговли&quot;" classname="002. Открытие форм документов" time="3.662"/>
		<testcase name="Открытие формы объекта &quot;СборЗаОбъектыТорговли&quot;" classname="002. Открытие форм документов" time="2.867"/>
		<testcase name="Открытие формы списка &quot;СборЗаРазмещениеРекламы&quot;" classname="002. Открытие форм документов" time="3.338"/>
		<testcase name="Открытие формы объекта &quot;СборЗаРазмещениеРекламы&quot;" classname="002. Открытие форм документов" time="3.104"/>
		<testcase name="Открытие формы списка &quot;СборЗаРекламныеУстройства&quot;" classname="002. Открытие форм документов" time="3.745"/>
		<testcase name="Открытие формы объекта &quot;СборЗаРекламныеУстройства&quot;" classname="002. Открытие форм документов" time="3.068"/>
		<testcase name="Открытие формы списка &quot;СборЗаСимволику&quot;" classname="002. Открытие форм документов" time="3.875"/>
		<testcase name="Открытие формы объекта &quot;СборЗаСимволику&quot;" classname="002. Открытие форм документов" time="2.906"/>
		<testcase name="Открытие формы списка &quot;СборЗаУличныеОбъектыТорговлиИИлиОбъектыПоОказаниюУслуг&quot;" classname="002. Открытие форм документов" time="3.634"/>
		<testcase name="Открытие формы объекта &quot;СборЗаУличныеОбъектыТорговлиИИлиОбъектыПоОказаниюУслуг&quot;" classname="002. Открытие форм документов" time="3.15"/>
		<testcase name="Открытие формы списка &quot;СборНаБлагоустройство&quot;" classname="002. Открытие форм документов" time="3.724"/>
		<testcase name="Открытие формы объекта &quot;СборНаБлагоустройство&quot;" classname="002. Открытие форм документов" time="3.154"/>
		<testcase name="Открытие формы списка &quot;СборСВладельцевТранспортныхСредств&quot;" classname="002. Открытие форм документов" time="3.519"/>
		<testcase name="Открытие формы объекта &quot;СборСВладельцевТранспортныхСредств&quot;" classname="002. Открытие форм документов" time="3.555"/>
		<testcase name="Открытие формы списка &quot;Спецификация&quot;" classname="002. Открытие форм документов" time="3.347"/>
		<testcase name="Открытие формы объекта &quot;Спецификация&quot;" classname="002. Открытие форм документов" time="3.265"/>
		<testcase name="Открытие формы списка &quot;СписаниеБСО&quot;" classname="002. Открытие форм документов" time="3.144"/>
		<testcase name="Открытие формы объекта &quot;СписаниеБСО&quot;" classname="002. Открытие форм документов" time="3.516"/>
		<testcase name="Открытие формы списка &quot;СписаниеОС&quot;" classname="002. Открытие форм документов" time="3.476"/>
		<testcase name="Открытие формы объекта &quot;СписаниеОС&quot;" classname="002. Открытие форм документов" time="3.269"/>
		<testcase name="Открытие формы списка &quot;СписаниеРасходовБудущихПериодов&quot;" classname="002. Открытие форм документов" time="3.455"/>
		<testcase name="Открытие формы объекта &quot;СписаниеРасходовБудущихПериодов&quot;" classname="002. Открытие форм документов" time="3.837"/>
		<testcase name="Открытие формы списка &quot;СписаниеШин&quot;" classname="002. Открытие форм документов" time="2.963"/>
		<testcase name="Открытие формы объекта &quot;СписаниеШин&quot;" classname="002. Открытие форм документов" time="3.519"/>
		<testcase name="Открытие формы списка &quot;Сторно&quot;" classname="002. Открытие форм документов" time="3.256"/>
		<testcase name="Открытие формы объекта &quot;Сторно&quot;" classname="002. Открытие форм документов" time="3.009"/>
		<testcase name="Открытие формы списка &quot;ТабельУчетаРабочегоВремени&quot;" classname="002. Открытие форм документов" time="3.133"/>
		<testcase name="Открытие формы объекта &quot;ТабельУчетаРабочегоВремени&quot;" classname="002. Открытие форм документов" time="6.885">
			<error>Не удалось открыть форму документа ТабельУчетаРабочегоВремени

{ВнешняяОбработка.Условие.Форма.Форма.Форма(263)}:

Технические данные:
        ЗаголовокАктивногоОкна: 1С:Предприятие
        ИмяАктивнойФормы: ErrorWindow
        ИмяФичи: 002. Открытие форм документов
        ИмяСценария: Открытие формы объекта "ТабельУчетаРабочегоВремени"
        НомерСтрокиДерева: 3 449
        НомерСтрокиФичи: 2 730
        ПолныйПутьКФиче: e:\vanessa\corp\features\beforeRelease\002. Открытие форм документов.feature
        ИмяФайла: e:\vanessa\vanessa-automation\features\Libraries\Условие\step_definitions\Условие.epf
        ИмяПроцедуры: ЯВызываюИсключение
        ИмяРаннера: ts1scont
        ТипПлатформы: Windows x86
        ТипКлиентаТестирования: Web
        СтрокаСоединения: http://localhost/v83ServiceBaseCorp8319/ru_RU/
        PIDКлиентаТестирования: 0
        ВерсияVA: ver 1.2.038.1
        ВерсияПлатформы: 8.3.19.1229
        РежимСовместимостиTestManager: Версия8_3_18
        ДатаВремяОшибки: 09.08.2022 23:34:57
Текст модального окна:
    К сожалению, возникла непредвиденная ошибка  Попробуйте повторить операцию. Если ошибка повторится, попробуйте перезапустить приложение или обратитесь к администратору приложения или техническому специалисту.
</error>
			<system-out>[[ATTACHMENT|/tools/ServiceBases/ScreenShots/0d985316-ad3c-4085-9b5c-314186a3bf3a-attachment.png]]</system-out>
		</testcase>
		<testcase name="Открытие формы списка &quot;ТабельУчетаРабочегоВремени2010&quot;" classname="002. Открытие форм документов" time="4.027"/>
		<testcase name="Открытие формы объекта &quot;ТабельУчетаРабочегоВремени2010&quot;" classname="002. Открытие форм документов" time="6.489">
			<error>Не удалось открыть форму документа ТабельУчетаРабочегоВремени2010

{ВнешняяОбработка.Условие.Форма.Форма.Форма(263)}:

Технические данные:
        ЗаголовокАктивногоОкна: 1С:Предприятие
        ИмяАктивнойФормы: ErrorWindow
        ИмяФичи: 002. Открытие форм документов
        ИмяСценария: Открытие формы объекта "ТабельУчетаРабочегоВремени2010"
        НомерСтрокиДерева: 3 459
        НомерСтрокиФичи: 2 745
        ПолныйПутьКФиче: e:\vanessa\corp\features\beforeRelease\002. Открытие форм документов.feature
        ИмяФайла: e:\vanessa\vanessa-automation\features\Libraries\Условие\step_definitions\Условие.epf
        ИмяПроцедуры: ЯВызываюИсключение
        ИмяРаннера: ts1scont
        ТипПлатформы: Windows x86
        ТипКлиентаТестирования: Web
        СтрокаСоединения: http://localhost/v83ServiceBaseCorp8319/ru_RU/
        PIDКлиентаТестирования: 0
        ВерсияVA: ver 1.2.038.1
        ВерсияПлатформы: 8.3.19.1229
        РежимСовместимостиTestManager: Версия8_3_18
        ДатаВремяОшибки: 09.08.2022 23:35:15
        ДеталиОшибки:
                Поле объекта не обнаружено (Колонки)
                {Документ.ТабельУчетаРабочегоВремени2010.Форма.ФормаДокумента2020УФ.Форма(251)}:
			Колонка = Элементы.ОтработанноеВремя.Колонки["День"+Строка(ДеньМесяца)];
                {Документ.ТабельУчетаРабочегоВремени2010.Форма.ФормаДокумента2020УФ.Форма(419)}:
		ОформитьЗаголовкиДнейМесяца();
                

</error>
			<system-out>[[ATTACHMENT|/tools/ServiceBases/ScreenShots/ed118ab3-7750-4fed-ba9f-fadcf4595cfa-attachment.png]]</system-out>
		</testcase>
		<testcase name="Открытие формы списка &quot;ТоварныйОтчет&quot;" classname="002. Открытие форм документов" time="3.702"/>
		<testcase name="Открытие формы объекта &quot;ТоварныйОтчет&quot;" classname="002. Открытие форм документов" time="3.551"/>
		<testcase name="Открытие формы списка &quot;Увольнение&quot;" classname="002. Открытие форм документов" time="3.545"/>
		<testcase name="Открытие формы объекта &quot;Увольнение&quot;" classname="002. Открытие форм документов" time="3.47"/>
		<testcase name="Открытие формы списка &quot;УдалитьДляСоцФонда&quot;" classname="002. Открытие форм документов" time="3.726"/>
		<testcase name="Открытие формы объекта &quot;УдалитьДляСоцФонда&quot;" classname="002. Открытие форм документов" time="4.731"/>
		<testcase name="Открытие формы списка &quot;УдалитьДляСоцФонда2009&quot;" classname="002. Открытие форм документов" time="3.189"/>
		<testcase name="Открытие формы объекта &quot;УдалитьДляСоцФонда2009&quot;" classname="002. Открытие форм документов" time="3.734"/>
		<testcase name="Открытие формы списка &quot;УдалитьДляСоцФонда2012&quot;" classname="002. Открытие форм документов" time="3.678"/>
		<testcase name="Открытие формы объекта &quot;УдалитьДляСоцФонда2012&quot;" classname="002. Открытие форм документов" time="4.141"/>
		<testcase name="Открытие формы списка &quot;УдалитьЗаменаАвтошин&quot;" classname="002. Открытие форм документов" time="3.532"/>
		<testcase name="Открытие формы объекта &quot;УдалитьЗаменаАвтошин&quot;" classname="002. Открытие форм документов" time="3.747"/>
		<testcase name="Открытие формы списка &quot;УстановкаКуратораДляПотребителя&quot;" classname="002. Открытие форм документов" time="3.641"/>
		<testcase name="Открытие формы объекта &quot;УстановкаКуратораДляПотребителя&quot;" classname="002. Открытие форм документов" time="3.086"/>
		<testcase name="Открытие формы списка &quot;УстановкаТарифаНаКоммунальныеУслуги&quot;" classname="002. Открытие форм документов" time="4.149"/>
		<testcase name="Открытие формы объекта &quot;УстановкаТарифаНаКоммунальныеУслуги&quot;" classname="002. Открытие форм документов" time="3.08"/>
		<testcase name="Открытие формы списка &quot;УстановкаТекущихПоказанийСчетчиков&quot;" classname="002. Открытие форм документов" time="3.083"/>
		<testcase name="Открытие формы объекта &quot;УстановкаТекущихПоказанийСчетчиков&quot;" classname="002. Открытие форм документов" time="3.548"/>
		<testcase name="Открытие формы списка &quot;УстановкаЦенНоменклатуры&quot;" classname="002. Открытие форм документов" time="3.037"/>
		<testcase name="Открытие формы объекта &quot;УстановкаЦенНоменклатуры&quot;" classname="002. Открытие форм документов" time="3.708"/>
		<testcase name="Открытие формы списка &quot;ШаблонТиповогоДокумента&quot;" classname="002. Открытие форм документов" time="3.333"/>
		<testcase name="Открытие формы объекта &quot;ШаблонТиповогоДокумента&quot;" classname="002. Открытие форм документов" time="3.309"/>
		<testcase name="Открытие формы списка &quot;Приказ&quot;" classname="002. Открытие форм документов" time="3.324"/>
		<testcase name="Открытие формы объекта &quot;Приказ&quot;" classname="002. Открытие форм документов" time="3.745"/>
		<testcase name="Открытие формы списка &quot;CRM_ЗаказКлиента&quot;" classname="002. Открытие форм документов" time="3.315"/>
		<testcase name="Открытие формы объекта &quot;CRM_ЗаказКлиента&quot;" classname="002. Открытие форм документов" time="3.535"/>
		<testcase name="Открытие формы списка &quot;CRM_КоммерческоеПредложение&quot;" classname="002. Открытие форм документов" time="3.195"/>
		<testcase name="Открытие формы объекта &quot;CRM_КоммерческоеПредложение&quot;" classname="002. Открытие форм документов" time="3.137"/>
		<testcase name="Открытие формы списка &quot;ИТД&quot;" classname="002. Открытие форм документов" time="4.545"/>
		<testcase name="Открытие формы объекта &quot;ИТД&quot;" classname="002. Открытие форм документов" time="4.032"/>
		<testcase name="Закрытие клиента тестирования" classname="002. Открытие форм документов" time="5.321"/>
	</testsuite>
	<testsuite name="020. Заполнение информационной базы. Справочник банки" errors="0" skipped="0" tests="2" failures="1" time="3.443">
		<testcase name="020. Заполнение информационной базы. Справочник банки" classname="020. Заполнение информационной базы. Справочник банки" time="3.218">
			<error>Клиент тестирования не подключен.

{ВнешняяОбработка.РаботаСИнтерфейсом.Форма.Форма.Форма(7008)}:
{ВнешняяОбработка.РаботаСИнтерфейсом.Форма.Форма.Форма(6793)}:
{ВнешняяОбработка.VanessaAutomation.Форма.УправляемаяФорма.Форма(8401)}:

Технические данные:
        ЗаголовокАктивногоОкна: 
        ИмяАктивнойФормы: 
        ИмяФичи: 020. Заполнение информационной базы. Справочник банки
        ИмяСценария: 020. Заполнение информационной базы. Справочник банки
        НомерСтрокиДерева: 3 615
        НомерСтрокиФичи: 13
        ПолныйПутьКФиче: e:\vanessa\corp\features\beforeRelease\020. Заполнение  информационной базы. Справочник Банки.feature
        ИмяФайла: e:\vanessa\vanessa-automation\features\Libraries\UITestRunner\step_definitions\РаботаСИнтерфейсом.epf
        ИмяПроцедуры: ВКомандномИнтерфейсеЯВыбираю
        ИмяРаннера: ts1scont
        ТипПлатформы: Windows x86
        ТипКлиентаТестирования: 
        СтрокаСоединения: 
        PIDКлиентаТестирования: 0
        ВерсияVA: ver 1.2.038.1
        ВерсияПлатформы: 8.3.19.1229
        РежимСовместимостиTestManager: Версия8_3_18
        ДатаВремяОшибки: 09.08.2022 23:37:57
</error>
			<system-out>[[ATTACHMENT|/tools/ServiceBases/ScreenShots/ab3a883e-645c-4d8a-b6a7-963c6038441e-attachment.png]]</system-out>
		</testcase>
		<testcase name="Закрытие клиента тестирования" classname="020. Заполнение информационной базы. Справочник банки" time="0.225"/>
	</testsuite>
	<testsuite name="1.Заполнение сведений об организации" errors="0" skipped="0" tests="2" failures="1" time="750.805">
		<testcase name="1.Заполнение сведений об организации" classname="1.Заполнение сведений об организации" time="383.532">
			<failure>
				<expected/>
				<actual/>В таблице &lt;Список&gt; нет строк для выбора.

{ВнешняяОбработка.РаботаСИнтерфейсом.Форма.Форма.Форма(3534)}:

Технические данные:
        ЗаголовокАктивногоОкна: Склады (места хранения)
        ИмяАктивнойФормы: Справочник.Склады.Форма.ФормаВыбораУФ
        ИмяФичи: 1.Заполнение сведений об организации
        ИмяСценария: 1.Заполнение сведений об организации
        НомерСтрокиДерева: 4 516
        НомерСтрокиФичи: 307
        ПолныйПутьКФиче: e:\vanessa\corp\features\beforeRelease\1.Заполнение сведений об организации.feature
        ИмяФайла: e:\vanessa\vanessa-automation\features\Libraries\UITestRunner\step_definitions\РаботаСИнтерфейсом.epf
        ИмяПроцедуры: ВТаблицеЯВыбираюТекущуюСтроку
        ИмяРаннера: ts1scont
        ТипПлатформы: Windows x86
        ТипКлиентаТестирования: Web
        СтрокаСоединения: http://localhost/v83ServiceBaseCorp8319/ru_RU/
        PIDКлиентаТестирования: 0
        ВерсияVA: ver 1.2.038.1
        ВерсияПлатформы: 8.3.19.1229
        РежимСовместимостиTestManager: Версия8_3_18
        ДатаВремяОшибки: 09.08.2022 23:44:24
</failure>
			<system-out>[[ATTACHMENT|/tools/ServiceBases/ScreenShots/8a88d8ce-6e41-4fdb-8625-9053bcc533bb-attachment.png]]</system-out>
		</testcase>
		<testcase name="Закрытие клиента тестирования" classname="1.Заполнение сведений об организации" time="367.273"/>
	</testsuite>
</testsuites>