<?xml version="1.0" encoding="UTF-8"?>
<testsuites>
	<testsuite name="1.Создание организации" errors="0" skipped="0" tests="2" failures="1" time="69.953">
		<testcase name="&lt;описание сценария&gt;" classname="1.Создание организации" time="60.907">
			<error>{ВнешняяОбработка.РаботаСИнтерфейсом.Форма.Форма.Форма(9517)}:
{ВнешняяОбработка.РаботаСИнтерфейсом.Форма.Форма.Форма(9501)}:
Nu s-a reușit de a face o alegere în câmpul &lt;ВидФирмы&gt; valori &lt;Резидент&gt;. 

Date tehnice:
        ЗаголовокАктивногоОкна: Companii (создание) *
        ИмяАктивнойФормы: Справочник.Фирмы.Форма.СведенияОФирмеУФ
        ИмяФичи: 1.Создание организации
        ИмяСценария: &lt;описание сценария&gt;
        НомерСтрокиДерева: 29
        НомерСтрокиФичи: 42
        ПолныйПутьКФиче: e:\vanessa\corp\features\beforeRelease_Nagaeva_RO\1_создание организации.feature
        ИмяФайла: e:\vanessa\vanessa-automation\features\Libraries\UITestRunner\step_definitions\РаботаСИнтерфейсом.epf
        Procedurename.: ИзВыпадающегоСпискаСИменемЯВыбираюТочноеЗначение
        ИмяРаннера: ts1scont
        ТипПлатформы: Windows x86
        ТипКлиентаТестирования: Web
        СтрокаСоединения: http://localhost/v83ServiceBaseCorpIrirnaRo/ru_RU/
        111: 0
        ВерсияVA: ver 1.2.038.1
        ВерсияПлатформы: 8.3.19.1229
        РежимСовместимостиTestManager: Версия8_3_18
        ДатаВремяОшибки: 13.08.2022 19:11:06</error>
			<system-out>[[ATTACHMENT|/tools/ServiceBases/ScreenShots/25d872dd-decb-47cd-80ce-fd27706e260b-attachment.png]]</system-out>
		</testcase>
		<testcase name="Закрытие клиента тестирования" classname="1.Создание организации" time="9.046"/>
	</testsuite>
</testsuites>